<!doctype html>
<html lang="">
<head>
    <meta charset="UTF-8">
    <meta name="viewport"
          content="width=device-width, user-scalable=no, initial-scale=1.0, maximum-scale=1.0, minimum-scale=1.0">
    <meta http-equiv="X-UA-Compatible" content="ie=edge">
    <title>Calculator UI - Gradle test</title>

    <link href="reportng.css" rel="stylesheet" type="text/css"/>
</head>
<body>
<div id="meta">
Generated by <a href="http://www.testng.org" target="_blank">TestNG</a> with <a href="https://github.com/testng-team/reportng" target="_blank">ReportNG</a>
at 15:56 NZST on Sunday 19 July 2020
    <br/><span
    id="systemInfo">dhawes01@KB3MB0HM2L&nbsp;/&nbsp;Java 1.8.0_191 (Oracle Corporation)&nbsp;/&nbsp;Windows 10 10.0 (amd64)</span>
</div>
<h1>Gradle test</h1>

<p>
    <a href="index.html">Suites</a>
        &#183; <a href="output.html">Log Output</a>
</p>

<p>Test duration
    : 90.956s</p>


    <table class="resultsTable">
        <tr>
            <th colspan="3" class="header failed">Failed Tests</th>
        </tr>
            <tr>
                <td class="group" colspan="3">TestCases.Calculator_UI</td>
            </tr>
    <tr>
        <td class="method">
                Calculator_Addition
        </td>
        <td class="duration">
            2.457s
        </td>
        <td class="result">
            <!-- Display the dependencies for skipped test methods -->

                <i>Method arguments: </i>
                <span class="arguments">
                    "1000", "1001", "2001"
                </span>
                <br/>

            <!-- Show logger output for the test -->

                <a href="javascript:toggleElement('exception-0', 'block')"
                   title="Click to expand/collapse">
                    <b>org.openqa.selenium.TimeoutException: Expected condition failed: waiting for element found by By.xpath: //input[@class=&apos;result&apos;] to have value &quot;2001&quot;. Current value: &quot;&quot; (tried for 2 second(s) with 500 milliseconds interval)<br/>
Build info: version: &apos;3.141.59&apos;, revision: &apos;e82be7d358&apos;, time: &apos;2018-11-14T08:17:03&apos;<br/>
System info: host: &apos;KB3MB0HM2L&apos;, ip: &apos;10.4.177.33&apos;, os.name: &apos;Windows 10&apos;, os.arch: &apos;amd64&apos;, os.version: &apos;10.0&apos;, java.version: &apos;1.8.0_191&apos;<br/>
Driver info: org.openqa.selenium.chrome.ChromeDriver<br/>
Capabilities {acceptInsecureCerts: true, browserName: chrome, browserVersion: 80.0.3987.122, chrome: {chromedriverVersion: 79.0.3945.36 (3582db32b3389..., userDataDir: C:\Users\dhawes01\AppData\L...}, goog:chromeOptions: {debuggerAddress: localhost:61487}, javascriptEnabled: true, networkConnectionEnabled: false, pageLoadStrategy: normal, platform: WINDOWS, platformName: WINDOWS, proxy: Proxy(), setWindowRect: true, strictFileInteractability: false, timeouts: {implicit: 0, pageLoad: 300000, script: 30000}, unhandledPromptBehavior: dismiss and notify}<br/>
Session ID: 41c3755be977ba57e875b863fcd64aa1</b>
                </a>
                <br/>
                <div class="stackTrace" id="exception-0">
                        org.openqa.selenium.support.ui.WebDriverWait.timeoutException(WebDriverWait.java:95)<br/>
                        org.openqa.selenium.support.ui.FluentWait.until(FluentWait.java:272)<br/>
                        Actions.CalculatorActions.VerifyResults(CalculatorActions.java:68)<br/>
                        TestCases.Calculator_UI.Calculator_Addition(Calculator_UI.java:56)<br/>
                        sun.reflect.NativeMethodAccessorImpl.invoke0(Native Method)<br/>
                        sun.reflect.NativeMethodAccessorImpl.invoke(NativeMethodAccessorImpl.java:62)<br/>
                        sun.reflect.DelegatingMethodAccessorImpl.invoke(DelegatingMethodAccessorImpl.java:43)<br/>
                        java.lang.reflect.Method.invoke(Method.java:498)<br/>
                        org.testng.internal.MethodInvocationHelper.invokeMethod(MethodInvocationHelper.java:133)<br/>
                        org.testng.internal.TestInvoker.invokeMethod(TestInvoker.java:584)<br/>
                        org.testng.internal.TestInvoker.invokeTestMethod(TestInvoker.java:172)<br/>
                        org.testng.internal.MethodRunner.runInSequence(MethodRunner.java:46)<br/>
                        org.testng.internal.TestInvoker$MethodInvocationAgent.invoke(TestInvoker.java:804)<br/>
                        org.testng.internal.TestInvoker.invokeTestMethods(TestInvoker.java:145)<br/>
                        org.testng.internal.TestMethodWorker.invokeTestMethods(TestMethodWorker.java:146)<br/>
                        org.testng.internal.TestMethodWorker.run(TestMethodWorker.java:128)<br/>
                        java.util.ArrayList.forEach(ArrayList.java:1257)<br/>
                        org.testng.TestRunner.privateRun(TestRunner.java:770)<br/>
                        org.testng.TestRunner.run(TestRunner.java:591)<br/>
                        org.testng.SuiteRunner.runTest(SuiteRunner.java:402)<br/>
                        org.testng.SuiteRunner.runSequentially(SuiteRunner.java:396)<br/>
                        org.testng.SuiteRunner.privateRun(SuiteRunner.java:355)<br/>
                        org.testng.SuiteRunner.run(SuiteRunner.java:304)<br/>
                        org.testng.SuiteRunnerWorker.runSuite(SuiteRunnerWorker.java:53)<br/>
                        org.testng.SuiteRunnerWorker.run(SuiteRunnerWorker.java:96)<br/>
                        org.testng.TestNG.runSuitesSequentially(TestNG.java:1180)<br/>
                        org.testng.TestNG.runSuitesLocally(TestNG.java:1102)<br/>
                        org.testng.TestNG.runSuites(TestNG.java:1032)<br/>
                        org.testng.TestNG.run(TestNG.java:1000)<br/>
                        org.gradle.api.internal.tasks.testing.testng.TestNGTestClassProcessor.runTests(TestNGTestClassProcessor.java:141)<br/>
                        org.gradle.api.internal.tasks.testing.testng.TestNGTestClassProcessor.stop(TestNGTestClassProcessor.java:90)<br/>
                        org.gradle.api.internal.tasks.testing.SuiteTestClassProcessor.stop(SuiteTestClassProcessor.java:61)<br/>
                        sun.reflect.NativeMethodAccessorImpl.invoke0(Native Method)<br/>
                        sun.reflect.NativeMethodAccessorImpl.invoke(NativeMethodAccessorImpl.java:62)<br/>
                        sun.reflect.DelegatingMethodAccessorImpl.invoke(DelegatingMethodAccessorImpl.java:43)<br/>
                        java.lang.reflect.Method.invoke(Method.java:498)<br/>
                        org.gradle.internal.dispatch.ReflectionDispatch.dispatch(ReflectionDispatch.java:36)<br/>
                        org.gradle.internal.dispatch.ReflectionDispatch.dispatch(ReflectionDispatch.java:24)<br/>
                        org.gradle.internal.dispatch.ContextClassLoaderDispatch.dispatch(ContextClassLoaderDispatch.java:33)<br/>
                        org.gradle.internal.dispatch.ProxyDispatchAdapter$DispatchingInvocationHandler.invoke(ProxyDispatchAdapter.java:94)<br/>
                        com.sun.proxy.$Proxy2.stop(Unknown Source)<br/>
                        org.gradle.api.internal.tasks.testing.worker.TestWorker.stop(TestWorker.java:132)<br/>
                        sun.reflect.NativeMethodAccessorImpl.invoke0(Native Method)<br/>
                        sun.reflect.NativeMethodAccessorImpl.invoke(NativeMethodAccessorImpl.java:62)<br/>
                        sun.reflect.DelegatingMethodAccessorImpl.invoke(DelegatingMethodAccessorImpl.java:43)<br/>
                        java.lang.reflect.Method.invoke(Method.java:498)<br/>
                        org.gradle.internal.dispatch.ReflectionDispatch.dispatch(ReflectionDispatch.java:36)<br/>
                        org.gradle.internal.dispatch.ReflectionDispatch.dispatch(ReflectionDispatch.java:24)<br/>
                        org.gradle.internal.remote.internal.hub.MessageHubBackedObjectConnection$DispatchWrapper.dispatch(MessageHubBackedObjectConnection.java:182)<br/>
                        org.gradle.internal.remote.internal.hub.MessageHubBackedObjectConnection$DispatchWrapper.dispatch(MessageHubBackedObjectConnection.java:164)<br/>
                        org.gradle.internal.remote.internal.hub.MessageHub$Handler.run(MessageHub.java:412)<br/>
                        org.gradle.internal.concurrent.ExecutorPolicy$CatchAndRecordFailures.onExecute(ExecutorPolicy.java:64)<br/>
                        org.gradle.internal.concurrent.ManagedExecutorImpl$1.run(ManagedExecutorImpl.java:48)<br/>
                        java.util.concurrent.ThreadPoolExecutor.runWorker(ThreadPoolExecutor.java:1149)<br/>
                        java.util.concurrent.ThreadPoolExecutor$Worker.run(ThreadPoolExecutor.java:624)<br/>
                        org.gradle.internal.concurrent.ThreadFactoryImpl$ManagedThreadRunnable.run(ThreadFactoryImpl.java:56)<br/>
                        java.lang.Thread.run(Thread.java:748)<br/>
                </div>
        </td>
    </tr>
    <tr>
        <td class="method">
                Calculator_Addition
        </td>
        <td class="duration">
            2.604s
        </td>
        <td class="result">
            <!-- Display the dependencies for skipped test methods -->

                <i>Method arguments: </i>
                <span class="arguments">
                    "-8", "5", "-3"
                </span>
                <br/>

            <!-- Show logger output for the test -->

                <a href="javascript:toggleElement('exception-1', 'block')"
                   title="Click to expand/collapse">
                    <b>org.openqa.selenium.TimeoutException: Expected condition failed: waiting for element found by By.xpath: //input[@class=&apos;result&apos;] to have value &quot;-3&quot;. Current value: &quot;&quot; (tried for 2 second(s) with 500 milliseconds interval)<br/>
Build info: version: &apos;3.141.59&apos;, revision: &apos;e82be7d358&apos;, time: &apos;2018-11-14T08:17:03&apos;<br/>
System info: host: &apos;KB3MB0HM2L&apos;, ip: &apos;10.4.177.33&apos;, os.name: &apos;Windows 10&apos;, os.arch: &apos;amd64&apos;, os.version: &apos;10.0&apos;, java.version: &apos;1.8.0_191&apos;<br/>
Driver info: org.openqa.selenium.chrome.ChromeDriver<br/>
Capabilities {acceptInsecureCerts: true, browserName: chrome, browserVersion: 80.0.3987.122, chrome: {chromedriverVersion: 79.0.3945.36 (3582db32b3389..., userDataDir: C:\Users\dhawes01\AppData\L...}, goog:chromeOptions: {debuggerAddress: localhost:61487}, javascriptEnabled: true, networkConnectionEnabled: false, pageLoadStrategy: normal, platform: WINDOWS, platformName: WINDOWS, proxy: Proxy(), setWindowRect: true, strictFileInteractability: false, timeouts: {implicit: 0, pageLoad: 300000, script: 30000}, unhandledPromptBehavior: dismiss and notify}<br/>
Session ID: 41c3755be977ba57e875b863fcd64aa1</b>
                </a>
                <br/>
                <div class="stackTrace" id="exception-1">
                        org.openqa.selenium.support.ui.WebDriverWait.timeoutException(WebDriverWait.java:95)<br/>
                        org.openqa.selenium.support.ui.FluentWait.until(FluentWait.java:272)<br/>
                        Actions.CalculatorActions.VerifyResults(CalculatorActions.java:68)<br/>
                        TestCases.Calculator_UI.Calculator_Addition(Calculator_UI.java:56)<br/>
                        sun.reflect.NativeMethodAccessorImpl.invoke0(Native Method)<br/>
                        sun.reflect.NativeMethodAccessorImpl.invoke(NativeMethodAccessorImpl.java:62)<br/>
                        sun.reflect.DelegatingMethodAccessorImpl.invoke(DelegatingMethodAccessorImpl.java:43)<br/>
                        java.lang.reflect.Method.invoke(Method.java:498)<br/>
                        org.testng.internal.MethodInvocationHelper.invokeMethod(MethodInvocationHelper.java:133)<br/>
                        org.testng.internal.TestInvoker.invokeMethod(TestInvoker.java:584)<br/>
                        org.testng.internal.TestInvoker.invokeTestMethod(TestInvoker.java:172)<br/>
                        org.testng.internal.MethodRunner.runInSequence(MethodRunner.java:46)<br/>
                        org.testng.internal.TestInvoker$MethodInvocationAgent.invoke(TestInvoker.java:804)<br/>
                        org.testng.internal.TestInvoker.invokeTestMethods(TestInvoker.java:145)<br/>
                        org.testng.internal.TestMethodWorker.invokeTestMethods(TestMethodWorker.java:146)<br/>
                        org.testng.internal.TestMethodWorker.run(TestMethodWorker.java:128)<br/>
                        java.util.ArrayList.forEach(ArrayList.java:1257)<br/>
                        org.testng.TestRunner.privateRun(TestRunner.java:770)<br/>
                        org.testng.TestRunner.run(TestRunner.java:591)<br/>
                        org.testng.SuiteRunner.runTest(SuiteRunner.java:402)<br/>
                        org.testng.SuiteRunner.runSequentially(SuiteRunner.java:396)<br/>
                        org.testng.SuiteRunner.privateRun(SuiteRunner.java:355)<br/>
                        org.testng.SuiteRunner.run(SuiteRunner.java:304)<br/>
                        org.testng.SuiteRunnerWorker.runSuite(SuiteRunnerWorker.java:53)<br/>
                        org.testng.SuiteRunnerWorker.run(SuiteRunnerWorker.java:96)<br/>
                        org.testng.TestNG.runSuitesSequentially(TestNG.java:1180)<br/>
                        org.testng.TestNG.runSuitesLocally(TestNG.java:1102)<br/>
                        org.testng.TestNG.runSuites(TestNG.java:1032)<br/>
                        org.testng.TestNG.run(TestNG.java:1000)<br/>
                        org.gradle.api.internal.tasks.testing.testng.TestNGTestClassProcessor.runTests(TestNGTestClassProcessor.java:141)<br/>
                        org.gradle.api.internal.tasks.testing.testng.TestNGTestClassProcessor.stop(TestNGTestClassProcessor.java:90)<br/>
                        org.gradle.api.internal.tasks.testing.SuiteTestClassProcessor.stop(SuiteTestClassProcessor.java:61)<br/>
                        sun.reflect.NativeMethodAccessorImpl.invoke0(Native Method)<br/>
                        sun.reflect.NativeMethodAccessorImpl.invoke(NativeMethodAccessorImpl.java:62)<br/>
                        sun.reflect.DelegatingMethodAccessorImpl.invoke(DelegatingMethodAccessorImpl.java:43)<br/>
                        java.lang.reflect.Method.invoke(Method.java:498)<br/>
                        org.gradle.internal.dispatch.ReflectionDispatch.dispatch(ReflectionDispatch.java:36)<br/>
                        org.gradle.internal.dispatch.ReflectionDispatch.dispatch(ReflectionDispatch.java:24)<br/>
                        org.gradle.internal.dispatch.ContextClassLoaderDispatch.dispatch(ContextClassLoaderDispatch.java:33)<br/>
                        org.gradle.internal.dispatch.ProxyDispatchAdapter$DispatchingInvocationHandler.invoke(ProxyDispatchAdapter.java:94)<br/>
                        com.sun.proxy.$Proxy2.stop(Unknown Source)<br/>
                        org.gradle.api.internal.tasks.testing.worker.TestWorker.stop(TestWorker.java:132)<br/>
                        sun.reflect.NativeMethodAccessorImpl.invoke0(Native Method)<br/>
                        sun.reflect.NativeMethodAccessorImpl.invoke(NativeMethodAccessorImpl.java:62)<br/>
                        sun.reflect.DelegatingMethodAccessorImpl.invoke(DelegatingMethodAccessorImpl.java:43)<br/>
                        java.lang.reflect.Method.invoke(Method.java:498)<br/>
                        org.gradle.internal.dispatch.ReflectionDispatch.dispatch(ReflectionDispatch.java:36)<br/>
                        org.gradle.internal.dispatch.ReflectionDispatch.dispatch(ReflectionDispatch.java:24)<br/>
                        org.gradle.internal.remote.internal.hub.MessageHubBackedObjectConnection$DispatchWrapper.dispatch(MessageHubBackedObjectConnection.java:182)<br/>
                        org.gradle.internal.remote.internal.hub.MessageHubBackedObjectConnection$DispatchWrapper.dispatch(MessageHubBackedObjectConnection.java:164)<br/>
                        org.gradle.internal.remote.internal.hub.MessageHub$Handler.run(MessageHub.java:412)<br/>
                        org.gradle.internal.concurrent.ExecutorPolicy$CatchAndRecordFailures.onExecute(ExecutorPolicy.java:64)<br/>
                        org.gradle.internal.concurrent.ManagedExecutorImpl$1.run(ManagedExecutorImpl.java:48)<br/>
                        java.util.concurrent.ThreadPoolExecutor.runWorker(ThreadPoolExecutor.java:1149)<br/>
                        java.util.concurrent.ThreadPoolExecutor$Worker.run(ThreadPoolExecutor.java:624)<br/>
                        org.gradle.internal.concurrent.ThreadFactoryImpl$ManagedThreadRunnable.run(ThreadFactoryImpl.java:56)<br/>
                        java.lang.Thread.run(Thread.java:748)<br/>
                </div>
        </td>
    </tr>
    <tr>
        <td class="method">
                Calculator_Addition
        </td>
        <td class="duration">
            2.611s
        </td>
        <td class="result">
            <!-- Display the dependencies for skipped test methods -->

                <i>Method arguments: </i>
                <span class="arguments">
                    "2147483647", "1", "2147483648"
                </span>
                <br/>

            <!-- Show logger output for the test -->

                <a href="javascript:toggleElement('exception-2', 'block')"
                   title="Click to expand/collapse">
                    <b>org.openqa.selenium.TimeoutException: Expected condition failed: waiting for element found by By.xpath: //input[@class=&apos;result&apos;] to have value &quot;2147483648&quot;. Current value: &quot;&quot; (tried for 2 second(s) with 500 milliseconds interval)<br/>
Build info: version: &apos;3.141.59&apos;, revision: &apos;e82be7d358&apos;, time: &apos;2018-11-14T08:17:03&apos;<br/>
System info: host: &apos;KB3MB0HM2L&apos;, ip: &apos;10.4.177.33&apos;, os.name: &apos;Windows 10&apos;, os.arch: &apos;amd64&apos;, os.version: &apos;10.0&apos;, java.version: &apos;1.8.0_191&apos;<br/>
Driver info: org.openqa.selenium.chrome.ChromeDriver<br/>
Capabilities {acceptInsecureCerts: true, browserName: chrome, browserVersion: 80.0.3987.122, chrome: {chromedriverVersion: 79.0.3945.36 (3582db32b3389..., userDataDir: C:\Users\dhawes01\AppData\L...}, goog:chromeOptions: {debuggerAddress: localhost:61487}, javascriptEnabled: true, networkConnectionEnabled: false, pageLoadStrategy: normal, platform: WINDOWS, platformName: WINDOWS, proxy: Proxy(), setWindowRect: true, strictFileInteractability: false, timeouts: {implicit: 0, pageLoad: 300000, script: 30000}, unhandledPromptBehavior: dismiss and notify}<br/>
Session ID: 41c3755be977ba57e875b863fcd64aa1</b>
                </a>
                <br/>
                <div class="stackTrace" id="exception-2">
                        org.openqa.selenium.support.ui.WebDriverWait.timeoutException(WebDriverWait.java:95)<br/>
                        org.openqa.selenium.support.ui.FluentWait.until(FluentWait.java:272)<br/>
                        Actions.CalculatorActions.VerifyResults(CalculatorActions.java:68)<br/>
                        TestCases.Calculator_UI.Calculator_Addition(Calculator_UI.java:56)<br/>
                        sun.reflect.NativeMethodAccessorImpl.invoke0(Native Method)<br/>
                        sun.reflect.NativeMethodAccessorImpl.invoke(NativeMethodAccessorImpl.java:62)<br/>
                        sun.reflect.DelegatingMethodAccessorImpl.invoke(DelegatingMethodAccessorImpl.java:43)<br/>
                        java.lang.reflect.Method.invoke(Method.java:498)<br/>
                        org.testng.internal.MethodInvocationHelper.invokeMethod(MethodInvocationHelper.java:133)<br/>
                        org.testng.internal.TestInvoker.invokeMethod(TestInvoker.java:584)<br/>
                        org.testng.internal.TestInvoker.invokeTestMethod(TestInvoker.java:172)<br/>
                        org.testng.internal.MethodRunner.runInSequence(MethodRunner.java:46)<br/>
                        org.testng.internal.TestInvoker$MethodInvocationAgent.invoke(TestInvoker.java:804)<br/>
                        org.testng.internal.TestInvoker.invokeTestMethods(TestInvoker.java:145)<br/>
                        org.testng.internal.TestMethodWorker.invokeTestMethods(TestMethodWorker.java:146)<br/>
                        org.testng.internal.TestMethodWorker.run(TestMethodWorker.java:128)<br/>
                        java.util.ArrayList.forEach(ArrayList.java:1257)<br/>
                        org.testng.TestRunner.privateRun(TestRunner.java:770)<br/>
                        org.testng.TestRunner.run(TestRunner.java:591)<br/>
                        org.testng.SuiteRunner.runTest(SuiteRunner.java:402)<br/>
                        org.testng.SuiteRunner.runSequentially(SuiteRunner.java:396)<br/>
                        org.testng.SuiteRunner.privateRun(SuiteRunner.java:355)<br/>
                        org.testng.SuiteRunner.run(SuiteRunner.java:304)<br/>
                        org.testng.SuiteRunnerWorker.runSuite(SuiteRunnerWorker.java:53)<br/>
                        org.testng.SuiteRunnerWorker.run(SuiteRunnerWorker.java:96)<br/>
                        org.testng.TestNG.runSuitesSequentially(TestNG.java:1180)<br/>
                        org.testng.TestNG.runSuitesLocally(TestNG.java:1102)<br/>
                        org.testng.TestNG.runSuites(TestNG.java:1032)<br/>
                        org.testng.TestNG.run(TestNG.java:1000)<br/>
                        org.gradle.api.internal.tasks.testing.testng.TestNGTestClassProcessor.runTests(TestNGTestClassProcessor.java:141)<br/>
                        org.gradle.api.internal.tasks.testing.testng.TestNGTestClassProcessor.stop(TestNGTestClassProcessor.java:90)<br/>
                        org.gradle.api.internal.tasks.testing.SuiteTestClassProcessor.stop(SuiteTestClassProcessor.java:61)<br/>
                        sun.reflect.NativeMethodAccessorImpl.invoke0(Native Method)<br/>
                        sun.reflect.NativeMethodAccessorImpl.invoke(NativeMethodAccessorImpl.java:62)<br/>
                        sun.reflect.DelegatingMethodAccessorImpl.invoke(DelegatingMethodAccessorImpl.java:43)<br/>
                        java.lang.reflect.Method.invoke(Method.java:498)<br/>
                        org.gradle.internal.dispatch.ReflectionDispatch.dispatch(ReflectionDispatch.java:36)<br/>
                        org.gradle.internal.dispatch.ReflectionDispatch.dispatch(ReflectionDispatch.java:24)<br/>
                        org.gradle.internal.dispatch.ContextClassLoaderDispatch.dispatch(ContextClassLoaderDispatch.java:33)<br/>
                        org.gradle.internal.dispatch.ProxyDispatchAdapter$DispatchingInvocationHandler.invoke(ProxyDispatchAdapter.java:94)<br/>
                        com.sun.proxy.$Proxy2.stop(Unknown Source)<br/>
                        org.gradle.api.internal.tasks.testing.worker.TestWorker.stop(TestWorker.java:132)<br/>
                        sun.reflect.NativeMethodAccessorImpl.invoke0(Native Method)<br/>
                        sun.reflect.NativeMethodAccessorImpl.invoke(NativeMethodAccessorImpl.java:62)<br/>
                        sun.reflect.DelegatingMethodAccessorImpl.invoke(DelegatingMethodAccessorImpl.java:43)<br/>
                        java.lang.reflect.Method.invoke(Method.java:498)<br/>
                        org.gradle.internal.dispatch.ReflectionDispatch.dispatch(ReflectionDispatch.java:36)<br/>
                        org.gradle.internal.dispatch.ReflectionDispatch.dispatch(ReflectionDispatch.java:24)<br/>
                        org.gradle.internal.remote.internal.hub.MessageHubBackedObjectConnection$DispatchWrapper.dispatch(MessageHubBackedObjectConnection.java:182)<br/>
                        org.gradle.internal.remote.internal.hub.MessageHubBackedObjectConnection$DispatchWrapper.dispatch(MessageHubBackedObjectConnection.java:164)<br/>
                        org.gradle.internal.remote.internal.hub.MessageHub$Handler.run(MessageHub.java:412)<br/>
                        org.gradle.internal.concurrent.ExecutorPolicy$CatchAndRecordFailures.onExecute(ExecutorPolicy.java:64)<br/>
                        org.gradle.internal.concurrent.ManagedExecutorImpl$1.run(ManagedExecutorImpl.java:48)<br/>
                        java.util.concurrent.ThreadPoolExecutor.runWorker(ThreadPoolExecutor.java:1149)<br/>
                        java.util.concurrent.ThreadPoolExecutor$Worker.run(ThreadPoolExecutor.java:624)<br/>
                        org.gradle.internal.concurrent.ThreadFactoryImpl$ManagedThreadRunnable.run(ThreadFactoryImpl.java:56)<br/>
                        java.lang.Thread.run(Thread.java:748)<br/>
                </div>
        </td>
    </tr>
    <tr>
        <td class="method">
                Calculator_Addition
        </td>
        <td class="duration">
            2.554s
        </td>
        <td class="result">
            <!-- Display the dependencies for skipped test methods -->

                <i>Method arguments: </i>
                <span class="arguments">
                    "2", "3e2", "302"
                </span>
                <br/>

            <!-- Show logger output for the test -->

                <a href="javascript:toggleElement('exception-3', 'block')"
                   title="Click to expand/collapse">
                    <b>org.openqa.selenium.TimeoutException: Expected condition failed: waiting for element found by By.xpath: //input[@class=&apos;result&apos;] to have value &quot;302&quot;. Current value: &quot;&quot; (tried for 2 second(s) with 500 milliseconds interval)<br/>
Build info: version: &apos;3.141.59&apos;, revision: &apos;e82be7d358&apos;, time: &apos;2018-11-14T08:17:03&apos;<br/>
System info: host: &apos;KB3MB0HM2L&apos;, ip: &apos;10.4.177.33&apos;, os.name: &apos;Windows 10&apos;, os.arch: &apos;amd64&apos;, os.version: &apos;10.0&apos;, java.version: &apos;1.8.0_191&apos;<br/>
Driver info: org.openqa.selenium.chrome.ChromeDriver<br/>
Capabilities {acceptInsecureCerts: true, browserName: chrome, browserVersion: 80.0.3987.122, chrome: {chromedriverVersion: 79.0.3945.36 (3582db32b3389..., userDataDir: C:\Users\dhawes01\AppData\L...}, goog:chromeOptions: {debuggerAddress: localhost:61487}, javascriptEnabled: true, networkConnectionEnabled: false, pageLoadStrategy: normal, platform: WINDOWS, platformName: WINDOWS, proxy: Proxy(), setWindowRect: true, strictFileInteractability: false, timeouts: {implicit: 0, pageLoad: 300000, script: 30000}, unhandledPromptBehavior: dismiss and notify}<br/>
Session ID: 41c3755be977ba57e875b863fcd64aa1</b>
                </a>
                <br/>
                <div class="stackTrace" id="exception-3">
                        org.openqa.selenium.support.ui.WebDriverWait.timeoutException(WebDriverWait.java:95)<br/>
                        org.openqa.selenium.support.ui.FluentWait.until(FluentWait.java:272)<br/>
                        Actions.CalculatorActions.VerifyResults(CalculatorActions.java:68)<br/>
                        TestCases.Calculator_UI.Calculator_Addition(Calculator_UI.java:56)<br/>
                        sun.reflect.NativeMethodAccessorImpl.invoke0(Native Method)<br/>
                        sun.reflect.NativeMethodAccessorImpl.invoke(NativeMethodAccessorImpl.java:62)<br/>
                        sun.reflect.DelegatingMethodAccessorImpl.invoke(DelegatingMethodAccessorImpl.java:43)<br/>
                        java.lang.reflect.Method.invoke(Method.java:498)<br/>
                        org.testng.internal.MethodInvocationHelper.invokeMethod(MethodInvocationHelper.java:133)<br/>
                        org.testng.internal.TestInvoker.invokeMethod(TestInvoker.java:584)<br/>
                        org.testng.internal.TestInvoker.invokeTestMethod(TestInvoker.java:172)<br/>
                        org.testng.internal.MethodRunner.runInSequence(MethodRunner.java:46)<br/>
                        org.testng.internal.TestInvoker$MethodInvocationAgent.invoke(TestInvoker.java:804)<br/>
                        org.testng.internal.TestInvoker.invokeTestMethods(TestInvoker.java:145)<br/>
                        org.testng.internal.TestMethodWorker.invokeTestMethods(TestMethodWorker.java:146)<br/>
                        org.testng.internal.TestMethodWorker.run(TestMethodWorker.java:128)<br/>
                        java.util.ArrayList.forEach(ArrayList.java:1257)<br/>
                        org.testng.TestRunner.privateRun(TestRunner.java:770)<br/>
                        org.testng.TestRunner.run(TestRunner.java:591)<br/>
                        org.testng.SuiteRunner.runTest(SuiteRunner.java:402)<br/>
                        org.testng.SuiteRunner.runSequentially(SuiteRunner.java:396)<br/>
                        org.testng.SuiteRunner.privateRun(SuiteRunner.java:355)<br/>
                        org.testng.SuiteRunner.run(SuiteRunner.java:304)<br/>
                        org.testng.SuiteRunnerWorker.runSuite(SuiteRunnerWorker.java:53)<br/>
                        org.testng.SuiteRunnerWorker.run(SuiteRunnerWorker.java:96)<br/>
                        org.testng.TestNG.runSuitesSequentially(TestNG.java:1180)<br/>
                        org.testng.TestNG.runSuitesLocally(TestNG.java:1102)<br/>
                        org.testng.TestNG.runSuites(TestNG.java:1032)<br/>
                        org.testng.TestNG.run(TestNG.java:1000)<br/>
                        org.gradle.api.internal.tasks.testing.testng.TestNGTestClassProcessor.runTests(TestNGTestClassProcessor.java:141)<br/>
                        org.gradle.api.internal.tasks.testing.testng.TestNGTestClassProcessor.stop(TestNGTestClassProcessor.java:90)<br/>
                        org.gradle.api.internal.tasks.testing.SuiteTestClassProcessor.stop(SuiteTestClassProcessor.java:61)<br/>
                        sun.reflect.NativeMethodAccessorImpl.invoke0(Native Method)<br/>
                        sun.reflect.NativeMethodAccessorImpl.invoke(NativeMethodAccessorImpl.java:62)<br/>
                        sun.reflect.DelegatingMethodAccessorImpl.invoke(DelegatingMethodAccessorImpl.java:43)<br/>
                        java.lang.reflect.Method.invoke(Method.java:498)<br/>
                        org.gradle.internal.dispatch.ReflectionDispatch.dispatch(ReflectionDispatch.java:36)<br/>
                        org.gradle.internal.dispatch.ReflectionDispatch.dispatch(ReflectionDispatch.java:24)<br/>
                        org.gradle.internal.dispatch.ContextClassLoaderDispatch.dispatch(ContextClassLoaderDispatch.java:33)<br/>
                        org.gradle.internal.dispatch.ProxyDispatchAdapter$DispatchingInvocationHandler.invoke(ProxyDispatchAdapter.java:94)<br/>
                        com.sun.proxy.$Proxy2.stop(Unknown Source)<br/>
                        org.gradle.api.internal.tasks.testing.worker.TestWorker.stop(TestWorker.java:132)<br/>
                        sun.reflect.NativeMethodAccessorImpl.invoke0(Native Method)<br/>
                        sun.reflect.NativeMethodAccessorImpl.invoke(NativeMethodAccessorImpl.java:62)<br/>
                        sun.reflect.DelegatingMethodAccessorImpl.invoke(DelegatingMethodAccessorImpl.java:43)<br/>
                        java.lang.reflect.Method.invoke(Method.java:498)<br/>
                        org.gradle.internal.dispatch.ReflectionDispatch.dispatch(ReflectionDispatch.java:36)<br/>
                        org.gradle.internal.dispatch.ReflectionDispatch.dispatch(ReflectionDispatch.java:24)<br/>
                        org.gradle.internal.remote.internal.hub.MessageHubBackedObjectConnection$DispatchWrapper.dispatch(MessageHubBackedObjectConnection.java:182)<br/>
                        org.gradle.internal.remote.internal.hub.MessageHubBackedObjectConnection$DispatchWrapper.dispatch(MessageHubBackedObjectConnection.java:164)<br/>
                        org.gradle.internal.remote.internal.hub.MessageHub$Handler.run(MessageHub.java:412)<br/>
                        org.gradle.internal.concurrent.ExecutorPolicy$CatchAndRecordFailures.onExecute(ExecutorPolicy.java:64)<br/>
                        org.gradle.internal.concurrent.ManagedExecutorImpl$1.run(ManagedExecutorImpl.java:48)<br/>
                        java.util.concurrent.ThreadPoolExecutor.runWorker(ThreadPoolExecutor.java:1149)<br/>
                        java.util.concurrent.ThreadPoolExecutor$Worker.run(ThreadPoolExecutor.java:624)<br/>
                        org.gradle.internal.concurrent.ThreadFactoryImpl$ManagedThreadRunnable.run(ThreadFactoryImpl.java:56)<br/>
                        java.lang.Thread.run(Thread.java:748)<br/>
                </div>
        </td>
    </tr>
    <tr>
        <td class="method">
                Calculator_Addition
        </td>
        <td class="duration">
            2.529s
        </td>
        <td class="result">
            <!-- Display the dependencies for skipped test methods -->

                <i>Method arguments: </i>
                <span class="arguments">
                    "999", "999", "1998"
                </span>
                <br/>

            <!-- Show logger output for the test -->

                <a href="javascript:toggleElement('exception-4', 'block')"
                   title="Click to expand/collapse">
                    <b>org.openqa.selenium.TimeoutException: Expected condition failed: waiting for element found by By.xpath: //input[@class=&apos;result&apos;] to have value &quot;1998&quot;. Current value: &quot;&quot; (tried for 2 second(s) with 500 milliseconds interval)<br/>
Build info: version: &apos;3.141.59&apos;, revision: &apos;e82be7d358&apos;, time: &apos;2018-11-14T08:17:03&apos;<br/>
System info: host: &apos;KB3MB0HM2L&apos;, ip: &apos;10.4.177.33&apos;, os.name: &apos;Windows 10&apos;, os.arch: &apos;amd64&apos;, os.version: &apos;10.0&apos;, java.version: &apos;1.8.0_191&apos;<br/>
Driver info: org.openqa.selenium.chrome.ChromeDriver<br/>
Capabilities {acceptInsecureCerts: true, browserName: chrome, browserVersion: 80.0.3987.122, chrome: {chromedriverVersion: 79.0.3945.36 (3582db32b3389..., userDataDir: C:\Users\dhawes01\AppData\L...}, goog:chromeOptions: {debuggerAddress: localhost:61487}, javascriptEnabled: true, networkConnectionEnabled: false, pageLoadStrategy: normal, platform: WINDOWS, platformName: WINDOWS, proxy: Proxy(), setWindowRect: true, strictFileInteractability: false, timeouts: {implicit: 0, pageLoad: 300000, script: 30000}, unhandledPromptBehavior: dismiss and notify}<br/>
Session ID: 41c3755be977ba57e875b863fcd64aa1</b>
                </a>
                <br/>
                <div class="stackTrace" id="exception-4">
                        org.openqa.selenium.support.ui.WebDriverWait.timeoutException(WebDriverWait.java:95)<br/>
                        org.openqa.selenium.support.ui.FluentWait.until(FluentWait.java:272)<br/>
                        Actions.CalculatorActions.VerifyResults(CalculatorActions.java:68)<br/>
                        TestCases.Calculator_UI.Calculator_Addition(Calculator_UI.java:56)<br/>
                        sun.reflect.NativeMethodAccessorImpl.invoke0(Native Method)<br/>
                        sun.reflect.NativeMethodAccessorImpl.invoke(NativeMethodAccessorImpl.java:62)<br/>
                        sun.reflect.DelegatingMethodAccessorImpl.invoke(DelegatingMethodAccessorImpl.java:43)<br/>
                        java.lang.reflect.Method.invoke(Method.java:498)<br/>
                        org.testng.internal.MethodInvocationHelper.invokeMethod(MethodInvocationHelper.java:133)<br/>
                        org.testng.internal.TestInvoker.invokeMethod(TestInvoker.java:584)<br/>
                        org.testng.internal.TestInvoker.invokeTestMethod(TestInvoker.java:172)<br/>
                        org.testng.internal.MethodRunner.runInSequence(MethodRunner.java:46)<br/>
                        org.testng.internal.TestInvoker$MethodInvocationAgent.invoke(TestInvoker.java:804)<br/>
                        org.testng.internal.TestInvoker.invokeTestMethods(TestInvoker.java:145)<br/>
                        org.testng.internal.TestMethodWorker.invokeTestMethods(TestMethodWorker.java:146)<br/>
                        org.testng.internal.TestMethodWorker.run(TestMethodWorker.java:128)<br/>
                        java.util.ArrayList.forEach(ArrayList.java:1257)<br/>
                        org.testng.TestRunner.privateRun(TestRunner.java:770)<br/>
                        org.testng.TestRunner.run(TestRunner.java:591)<br/>
                        org.testng.SuiteRunner.runTest(SuiteRunner.java:402)<br/>
                        org.testng.SuiteRunner.runSequentially(SuiteRunner.java:396)<br/>
                        org.testng.SuiteRunner.privateRun(SuiteRunner.java:355)<br/>
                        org.testng.SuiteRunner.run(SuiteRunner.java:304)<br/>
                        org.testng.SuiteRunnerWorker.runSuite(SuiteRunnerWorker.java:53)<br/>
                        org.testng.SuiteRunnerWorker.run(SuiteRunnerWorker.java:96)<br/>
                        org.testng.TestNG.runSuitesSequentially(TestNG.java:1180)<br/>
                        org.testng.TestNG.runSuitesLocally(TestNG.java:1102)<br/>
                        org.testng.TestNG.runSuites(TestNG.java:1032)<br/>
                        org.testng.TestNG.run(TestNG.java:1000)<br/>
                        org.gradle.api.internal.tasks.testing.testng.TestNGTestClassProcessor.runTests(TestNGTestClassProcessor.java:141)<br/>
                        org.gradle.api.internal.tasks.testing.testng.TestNGTestClassProcessor.stop(TestNGTestClassProcessor.java:90)<br/>
                        org.gradle.api.internal.tasks.testing.SuiteTestClassProcessor.stop(SuiteTestClassProcessor.java:61)<br/>
                        sun.reflect.NativeMethodAccessorImpl.invoke0(Native Method)<br/>
                        sun.reflect.NativeMethodAccessorImpl.invoke(NativeMethodAccessorImpl.java:62)<br/>
                        sun.reflect.DelegatingMethodAccessorImpl.invoke(DelegatingMethodAccessorImpl.java:43)<br/>
                        java.lang.reflect.Method.invoke(Method.java:498)<br/>
                        org.gradle.internal.dispatch.ReflectionDispatch.dispatch(ReflectionDispatch.java:36)<br/>
                        org.gradle.internal.dispatch.ReflectionDispatch.dispatch(ReflectionDispatch.java:24)<br/>
                        org.gradle.internal.dispatch.ContextClassLoaderDispatch.dispatch(ContextClassLoaderDispatch.java:33)<br/>
                        org.gradle.internal.dispatch.ProxyDispatchAdapter$DispatchingInvocationHandler.invoke(ProxyDispatchAdapter.java:94)<br/>
                        com.sun.proxy.$Proxy2.stop(Unknown Source)<br/>
                        org.gradle.api.internal.tasks.testing.worker.TestWorker.stop(TestWorker.java:132)<br/>
                        sun.reflect.NativeMethodAccessorImpl.invoke0(Native Method)<br/>
                        sun.reflect.NativeMethodAccessorImpl.invoke(NativeMethodAccessorImpl.java:62)<br/>
                        sun.reflect.DelegatingMethodAccessorImpl.invoke(DelegatingMethodAccessorImpl.java:43)<br/>
                        java.lang.reflect.Method.invoke(Method.java:498)<br/>
                        org.gradle.internal.dispatch.ReflectionDispatch.dispatch(ReflectionDispatch.java:36)<br/>
                        org.gradle.internal.dispatch.ReflectionDispatch.dispatch(ReflectionDispatch.java:24)<br/>
                        org.gradle.internal.remote.internal.hub.MessageHubBackedObjectConnection$DispatchWrapper.dispatch(MessageHubBackedObjectConnection.java:182)<br/>
                        org.gradle.internal.remote.internal.hub.MessageHubBackedObjectConnection$DispatchWrapper.dispatch(MessageHubBackedObjectConnection.java:164)<br/>
                        org.gradle.internal.remote.internal.hub.MessageHub$Handler.run(MessageHub.java:412)<br/>
                        org.gradle.internal.concurrent.ExecutorPolicy$CatchAndRecordFailures.onExecute(ExecutorPolicy.java:64)<br/>
                        org.gradle.internal.concurrent.ManagedExecutorImpl$1.run(ManagedExecutorImpl.java:48)<br/>
                        java.util.concurrent.ThreadPoolExecutor.runWorker(ThreadPoolExecutor.java:1149)<br/>
                        java.util.concurrent.ThreadPoolExecutor$Worker.run(ThreadPoolExecutor.java:624)<br/>
                        org.gradle.internal.concurrent.ThreadFactoryImpl$ManagedThreadRunnable.run(ThreadFactoryImpl.java:56)<br/>
                        java.lang.Thread.run(Thread.java:748)<br/>
                </div>
        </td>
    </tr>
    <tr>
        <td class="method">
                Calculator_Addition
        </td>
        <td class="duration">
            2.562s
        </td>
        <td class="result">
            <!-- Display the dependencies for skipped test methods -->

                <i>Method arguments: </i>
                <span class="arguments">
                    "8", "-12", "-4"
                </span>
                <br/>

            <!-- Show logger output for the test -->

                <a href="javascript:toggleElement('exception-5', 'block')"
                   title="Click to expand/collapse">
                    <b>org.openqa.selenium.TimeoutException: Expected condition failed: waiting for element found by By.xpath: //input[@class=&apos;result&apos;] to have value &quot;-4&quot;. Current value: &quot;&quot; (tried for 2 second(s) with 500 milliseconds interval)<br/>
Build info: version: &apos;3.141.59&apos;, revision: &apos;e82be7d358&apos;, time: &apos;2018-11-14T08:17:03&apos;<br/>
System info: host: &apos;KB3MB0HM2L&apos;, ip: &apos;10.4.177.33&apos;, os.name: &apos;Windows 10&apos;, os.arch: &apos;amd64&apos;, os.version: &apos;10.0&apos;, java.version: &apos;1.8.0_191&apos;<br/>
Driver info: org.openqa.selenium.chrome.ChromeDriver<br/>
Capabilities {acceptInsecureCerts: true, browserName: chrome, browserVersion: 80.0.3987.122, chrome: {chromedriverVersion: 79.0.3945.36 (3582db32b3389..., userDataDir: C:\Users\dhawes01\AppData\L...}, goog:chromeOptions: {debuggerAddress: localhost:61487}, javascriptEnabled: true, networkConnectionEnabled: false, pageLoadStrategy: normal, platform: WINDOWS, platformName: WINDOWS, proxy: Proxy(), setWindowRect: true, strictFileInteractability: false, timeouts: {implicit: 0, pageLoad: 300000, script: 30000}, unhandledPromptBehavior: dismiss and notify}<br/>
Session ID: 41c3755be977ba57e875b863fcd64aa1</b>
                </a>
                <br/>
                <div class="stackTrace" id="exception-5">
                        org.openqa.selenium.support.ui.WebDriverWait.timeoutException(WebDriverWait.java:95)<br/>
                        org.openqa.selenium.support.ui.FluentWait.until(FluentWait.java:272)<br/>
                        Actions.CalculatorActions.VerifyResults(CalculatorActions.java:68)<br/>
                        TestCases.Calculator_UI.Calculator_Addition(Calculator_UI.java:56)<br/>
                        sun.reflect.NativeMethodAccessorImpl.invoke0(Native Method)<br/>
                        sun.reflect.NativeMethodAccessorImpl.invoke(NativeMethodAccessorImpl.java:62)<br/>
                        sun.reflect.DelegatingMethodAccessorImpl.invoke(DelegatingMethodAccessorImpl.java:43)<br/>
                        java.lang.reflect.Method.invoke(Method.java:498)<br/>
                        org.testng.internal.MethodInvocationHelper.invokeMethod(MethodInvocationHelper.java:133)<br/>
                        org.testng.internal.TestInvoker.invokeMethod(TestInvoker.java:584)<br/>
                        org.testng.internal.TestInvoker.invokeTestMethod(TestInvoker.java:172)<br/>
                        org.testng.internal.MethodRunner.runInSequence(MethodRunner.java:46)<br/>
                        org.testng.internal.TestInvoker$MethodInvocationAgent.invoke(TestInvoker.java:804)<br/>
                        org.testng.internal.TestInvoker.invokeTestMethods(TestInvoker.java:145)<br/>
                        org.testng.internal.TestMethodWorker.invokeTestMethods(TestMethodWorker.java:146)<br/>
                        org.testng.internal.TestMethodWorker.run(TestMethodWorker.java:128)<br/>
                        java.util.ArrayList.forEach(ArrayList.java:1257)<br/>
                        org.testng.TestRunner.privateRun(TestRunner.java:770)<br/>
                        org.testng.TestRunner.run(TestRunner.java:591)<br/>
                        org.testng.SuiteRunner.runTest(SuiteRunner.java:402)<br/>
                        org.testng.SuiteRunner.runSequentially(SuiteRunner.java:396)<br/>
                        org.testng.SuiteRunner.privateRun(SuiteRunner.java:355)<br/>
                        org.testng.SuiteRunner.run(SuiteRunner.java:304)<br/>
                        org.testng.SuiteRunnerWorker.runSuite(SuiteRunnerWorker.java:53)<br/>
                        org.testng.SuiteRunnerWorker.run(SuiteRunnerWorker.java:96)<br/>
                        org.testng.TestNG.runSuitesSequentially(TestNG.java:1180)<br/>
                        org.testng.TestNG.runSuitesLocally(TestNG.java:1102)<br/>
                        org.testng.TestNG.runSuites(TestNG.java:1032)<br/>
                        org.testng.TestNG.run(TestNG.java:1000)<br/>
                        org.gradle.api.internal.tasks.testing.testng.TestNGTestClassProcessor.runTests(TestNGTestClassProcessor.java:141)<br/>
                        org.gradle.api.internal.tasks.testing.testng.TestNGTestClassProcessor.stop(TestNGTestClassProcessor.java:90)<br/>
                        org.gradle.api.internal.tasks.testing.SuiteTestClassProcessor.stop(SuiteTestClassProcessor.java:61)<br/>
                        sun.reflect.NativeMethodAccessorImpl.invoke0(Native Method)<br/>
                        sun.reflect.NativeMethodAccessorImpl.invoke(NativeMethodAccessorImpl.java:62)<br/>
                        sun.reflect.DelegatingMethodAccessorImpl.invoke(DelegatingMethodAccessorImpl.java:43)<br/>
                        java.lang.reflect.Method.invoke(Method.java:498)<br/>
                        org.gradle.internal.dispatch.ReflectionDispatch.dispatch(ReflectionDispatch.java:36)<br/>
                        org.gradle.internal.dispatch.ReflectionDispatch.dispatch(ReflectionDispatch.java:24)<br/>
                        org.gradle.internal.dispatch.ContextClassLoaderDispatch.dispatch(ContextClassLoaderDispatch.java:33)<br/>
                        org.gradle.internal.dispatch.ProxyDispatchAdapter$DispatchingInvocationHandler.invoke(ProxyDispatchAdapter.java:94)<br/>
                        com.sun.proxy.$Proxy2.stop(Unknown Source)<br/>
                        org.gradle.api.internal.tasks.testing.worker.TestWorker.stop(TestWorker.java:132)<br/>
                        sun.reflect.NativeMethodAccessorImpl.invoke0(Native Method)<br/>
                        sun.reflect.NativeMethodAccessorImpl.invoke(NativeMethodAccessorImpl.java:62)<br/>
                        sun.reflect.DelegatingMethodAccessorImpl.invoke(DelegatingMethodAccessorImpl.java:43)<br/>
                        java.lang.reflect.Method.invoke(Method.java:498)<br/>
                        org.gradle.internal.dispatch.ReflectionDispatch.dispatch(ReflectionDispatch.java:36)<br/>
                        org.gradle.internal.dispatch.ReflectionDispatch.dispatch(ReflectionDispatch.java:24)<br/>
                        org.gradle.internal.remote.internal.hub.MessageHubBackedObjectConnection$DispatchWrapper.dispatch(MessageHubBackedObjectConnection.java:182)<br/>
                        org.gradle.internal.remote.internal.hub.MessageHubBackedObjectConnection$DispatchWrapper.dispatch(MessageHubBackedObjectConnection.java:164)<br/>
                        org.gradle.internal.remote.internal.hub.MessageHub$Handler.run(MessageHub.java:412)<br/>
                        org.gradle.internal.concurrent.ExecutorPolicy$CatchAndRecordFailures.onExecute(ExecutorPolicy.java:64)<br/>
                        org.gradle.internal.concurrent.ManagedExecutorImpl$1.run(ManagedExecutorImpl.java:48)<br/>
                        java.util.concurrent.ThreadPoolExecutor.runWorker(ThreadPoolExecutor.java:1149)<br/>
                        java.util.concurrent.ThreadPoolExecutor$Worker.run(ThreadPoolExecutor.java:624)<br/>
                        org.gradle.internal.concurrent.ThreadFactoryImpl$ManagedThreadRunnable.run(ThreadFactoryImpl.java:56)<br/>
                        java.lang.Thread.run(Thread.java:748)<br/>
                </div>
        </td>
    </tr>
    <tr>
        <td class="method">
                Calculator_Addition
        </td>
        <td class="duration">
            2.832s
        </td>
        <td class="result">
            <!-- Display the dependencies for skipped test methods -->

                <i>Method arguments: </i>
                <span class="arguments">
                    "2", "4", "6"
                </span>
                <br/>

            <!-- Show logger output for the test -->

                <a href="javascript:toggleElement('exception-6', 'block')"
                   title="Click to expand/collapse">
                    <b>org.openqa.selenium.TimeoutException: Expected condition failed: waiting for element found by By.xpath: //input[@class=&apos;result&apos;] to have value &quot;6&quot;. Current value: &quot;&quot; (tried for 2 second(s) with 500 milliseconds interval)<br/>
Build info: version: &apos;3.141.59&apos;, revision: &apos;e82be7d358&apos;, time: &apos;2018-11-14T08:17:03&apos;<br/>
System info: host: &apos;KB3MB0HM2L&apos;, ip: &apos;10.4.177.33&apos;, os.name: &apos;Windows 10&apos;, os.arch: &apos;amd64&apos;, os.version: &apos;10.0&apos;, java.version: &apos;1.8.0_191&apos;<br/>
Driver info: org.openqa.selenium.chrome.ChromeDriver<br/>
Capabilities {acceptInsecureCerts: true, browserName: chrome, browserVersion: 80.0.3987.122, chrome: {chromedriverVersion: 79.0.3945.36 (3582db32b3389..., userDataDir: C:\Users\dhawes01\AppData\L...}, goog:chromeOptions: {debuggerAddress: localhost:61487}, javascriptEnabled: true, networkConnectionEnabled: false, pageLoadStrategy: normal, platform: WINDOWS, platformName: WINDOWS, proxy: Proxy(), setWindowRect: true, strictFileInteractability: false, timeouts: {implicit: 0, pageLoad: 300000, script: 30000}, unhandledPromptBehavior: dismiss and notify}<br/>
Session ID: 41c3755be977ba57e875b863fcd64aa1</b>
                </a>
                <br/>
                <div class="stackTrace" id="exception-6">
                        org.openqa.selenium.support.ui.WebDriverWait.timeoutException(WebDriverWait.java:95)<br/>
                        org.openqa.selenium.support.ui.FluentWait.until(FluentWait.java:272)<br/>
                        Actions.CalculatorActions.VerifyResults(CalculatorActions.java:68)<br/>
                        TestCases.Calculator_UI.Calculator_Addition(Calculator_UI.java:56)<br/>
                        sun.reflect.NativeMethodAccessorImpl.invoke0(Native Method)<br/>
                        sun.reflect.NativeMethodAccessorImpl.invoke(NativeMethodAccessorImpl.java:62)<br/>
                        sun.reflect.DelegatingMethodAccessorImpl.invoke(DelegatingMethodAccessorImpl.java:43)<br/>
                        java.lang.reflect.Method.invoke(Method.java:498)<br/>
                        org.testng.internal.MethodInvocationHelper.invokeMethod(MethodInvocationHelper.java:133)<br/>
                        org.testng.internal.TestInvoker.invokeMethod(TestInvoker.java:584)<br/>
                        org.testng.internal.TestInvoker.invokeTestMethod(TestInvoker.java:172)<br/>
                        org.testng.internal.MethodRunner.runInSequence(MethodRunner.java:46)<br/>
                        org.testng.internal.TestInvoker$MethodInvocationAgent.invoke(TestInvoker.java:804)<br/>
                        org.testng.internal.TestInvoker.invokeTestMethods(TestInvoker.java:145)<br/>
                        org.testng.internal.TestMethodWorker.invokeTestMethods(TestMethodWorker.java:146)<br/>
                        org.testng.internal.TestMethodWorker.run(TestMethodWorker.java:128)<br/>
                        java.util.ArrayList.forEach(ArrayList.java:1257)<br/>
                        org.testng.TestRunner.privateRun(TestRunner.java:770)<br/>
                        org.testng.TestRunner.run(TestRunner.java:591)<br/>
                        org.testng.SuiteRunner.runTest(SuiteRunner.java:402)<br/>
                        org.testng.SuiteRunner.runSequentially(SuiteRunner.java:396)<br/>
                        org.testng.SuiteRunner.privateRun(SuiteRunner.java:355)<br/>
                        org.testng.SuiteRunner.run(SuiteRunner.java:304)<br/>
                        org.testng.SuiteRunnerWorker.runSuite(SuiteRunnerWorker.java:53)<br/>
                        org.testng.SuiteRunnerWorker.run(SuiteRunnerWorker.java:96)<br/>
                        org.testng.TestNG.runSuitesSequentially(TestNG.java:1180)<br/>
                        org.testng.TestNG.runSuitesLocally(TestNG.java:1102)<br/>
                        org.testng.TestNG.runSuites(TestNG.java:1032)<br/>
                        org.testng.TestNG.run(TestNG.java:1000)<br/>
                        org.gradle.api.internal.tasks.testing.testng.TestNGTestClassProcessor.runTests(TestNGTestClassProcessor.java:141)<br/>
                        org.gradle.api.internal.tasks.testing.testng.TestNGTestClassProcessor.stop(TestNGTestClassProcessor.java:90)<br/>
                        org.gradle.api.internal.tasks.testing.SuiteTestClassProcessor.stop(SuiteTestClassProcessor.java:61)<br/>
                        sun.reflect.NativeMethodAccessorImpl.invoke0(Native Method)<br/>
                        sun.reflect.NativeMethodAccessorImpl.invoke(NativeMethodAccessorImpl.java:62)<br/>
                        sun.reflect.DelegatingMethodAccessorImpl.invoke(DelegatingMethodAccessorImpl.java:43)<br/>
                        java.lang.reflect.Method.invoke(Method.java:498)<br/>
                        org.gradle.internal.dispatch.ReflectionDispatch.dispatch(ReflectionDispatch.java:36)<br/>
                        org.gradle.internal.dispatch.ReflectionDispatch.dispatch(ReflectionDispatch.java:24)<br/>
                        org.gradle.internal.dispatch.ContextClassLoaderDispatch.dispatch(ContextClassLoaderDispatch.java:33)<br/>
                        org.gradle.internal.dispatch.ProxyDispatchAdapter$DispatchingInvocationHandler.invoke(ProxyDispatchAdapter.java:94)<br/>
                        com.sun.proxy.$Proxy2.stop(Unknown Source)<br/>
                        org.gradle.api.internal.tasks.testing.worker.TestWorker.stop(TestWorker.java:132)<br/>
                        sun.reflect.NativeMethodAccessorImpl.invoke0(Native Method)<br/>
                        sun.reflect.NativeMethodAccessorImpl.invoke(NativeMethodAccessorImpl.java:62)<br/>
                        sun.reflect.DelegatingMethodAccessorImpl.invoke(DelegatingMethodAccessorImpl.java:43)<br/>
                        java.lang.reflect.Method.invoke(Method.java:498)<br/>
                        org.gradle.internal.dispatch.ReflectionDispatch.dispatch(ReflectionDispatch.java:36)<br/>
                        org.gradle.internal.dispatch.ReflectionDispatch.dispatch(ReflectionDispatch.java:24)<br/>
                        org.gradle.internal.remote.internal.hub.MessageHubBackedObjectConnection$DispatchWrapper.dispatch(MessageHubBackedObjectConnection.java:182)<br/>
                        org.gradle.internal.remote.internal.hub.MessageHubBackedObjectConnection$DispatchWrapper.dispatch(MessageHubBackedObjectConnection.java:164)<br/>
                        org.gradle.internal.remote.internal.hub.MessageHub$Handler.run(MessageHub.java:412)<br/>
                        org.gradle.internal.concurrent.ExecutorPolicy$CatchAndRecordFailures.onExecute(ExecutorPolicy.java:64)<br/>
                        org.gradle.internal.concurrent.ManagedExecutorImpl$1.run(ManagedExecutorImpl.java:48)<br/>
                        java.util.concurrent.ThreadPoolExecutor.runWorker(ThreadPoolExecutor.java:1149)<br/>
                        java.util.concurrent.ThreadPoolExecutor$Worker.run(ThreadPoolExecutor.java:624)<br/>
                        org.gradle.internal.concurrent.ThreadFactoryImpl$ManagedThreadRunnable.run(ThreadFactoryImpl.java:56)<br/>
                        java.lang.Thread.run(Thread.java:748)<br/>
                </div>
        </td>
    </tr>
    <tr>
        <td class="method">
                Calculator_Addition
        </td>
        <td class="duration">
            2.673s
        </td>
        <td class="result">
            <!-- Display the dependencies for skipped test methods -->

                <i>Method arguments: </i>
                <span class="arguments">
                    "0", "5", "5"
                </span>
                <br/>

            <!-- Show logger output for the test -->

                <a href="javascript:toggleElement('exception-7', 'block')"
                   title="Click to expand/collapse">
                    <b>org.openqa.selenium.TimeoutException: Expected condition failed: waiting for element found by By.xpath: //input[@class=&apos;result&apos;] to have value &quot;5&quot;. Current value: &quot;&quot; (tried for 2 second(s) with 500 milliseconds interval)<br/>
Build info: version: &apos;3.141.59&apos;, revision: &apos;e82be7d358&apos;, time: &apos;2018-11-14T08:17:03&apos;<br/>
System info: host: &apos;KB3MB0HM2L&apos;, ip: &apos;10.4.177.33&apos;, os.name: &apos;Windows 10&apos;, os.arch: &apos;amd64&apos;, os.version: &apos;10.0&apos;, java.version: &apos;1.8.0_191&apos;<br/>
Driver info: org.openqa.selenium.chrome.ChromeDriver<br/>
Capabilities {acceptInsecureCerts: true, browserName: chrome, browserVersion: 80.0.3987.122, chrome: {chromedriverVersion: 79.0.3945.36 (3582db32b3389..., userDataDir: C:\Users\dhawes01\AppData\L...}, goog:chromeOptions: {debuggerAddress: localhost:61487}, javascriptEnabled: true, networkConnectionEnabled: false, pageLoadStrategy: normal, platform: WINDOWS, platformName: WINDOWS, proxy: Proxy(), setWindowRect: true, strictFileInteractability: false, timeouts: {implicit: 0, pageLoad: 300000, script: 30000}, unhandledPromptBehavior: dismiss and notify}<br/>
Session ID: 41c3755be977ba57e875b863fcd64aa1</b>
                </a>
                <br/>
                <div class="stackTrace" id="exception-7">
                        org.openqa.selenium.support.ui.WebDriverWait.timeoutException(WebDriverWait.java:95)<br/>
                        org.openqa.selenium.support.ui.FluentWait.until(FluentWait.java:272)<br/>
                        Actions.CalculatorActions.VerifyResults(CalculatorActions.java:68)<br/>
                        TestCases.Calculator_UI.Calculator_Addition(Calculator_UI.java:56)<br/>
                        sun.reflect.NativeMethodAccessorImpl.invoke0(Native Method)<br/>
                        sun.reflect.NativeMethodAccessorImpl.invoke(NativeMethodAccessorImpl.java:62)<br/>
                        sun.reflect.DelegatingMethodAccessorImpl.invoke(DelegatingMethodAccessorImpl.java:43)<br/>
                        java.lang.reflect.Method.invoke(Method.java:498)<br/>
                        org.testng.internal.MethodInvocationHelper.invokeMethod(MethodInvocationHelper.java:133)<br/>
                        org.testng.internal.TestInvoker.invokeMethod(TestInvoker.java:584)<br/>
                        org.testng.internal.TestInvoker.invokeTestMethod(TestInvoker.java:172)<br/>
                        org.testng.internal.MethodRunner.runInSequence(MethodRunner.java:46)<br/>
                        org.testng.internal.TestInvoker$MethodInvocationAgent.invoke(TestInvoker.java:804)<br/>
                        org.testng.internal.TestInvoker.invokeTestMethods(TestInvoker.java:145)<br/>
                        org.testng.internal.TestMethodWorker.invokeTestMethods(TestMethodWorker.java:146)<br/>
                        org.testng.internal.TestMethodWorker.run(TestMethodWorker.java:128)<br/>
                        java.util.ArrayList.forEach(ArrayList.java:1257)<br/>
                        org.testng.TestRunner.privateRun(TestRunner.java:770)<br/>
                        org.testng.TestRunner.run(TestRunner.java:591)<br/>
                        org.testng.SuiteRunner.runTest(SuiteRunner.java:402)<br/>
                        org.testng.SuiteRunner.runSequentially(SuiteRunner.java:396)<br/>
                        org.testng.SuiteRunner.privateRun(SuiteRunner.java:355)<br/>
                        org.testng.SuiteRunner.run(SuiteRunner.java:304)<br/>
                        org.testng.SuiteRunnerWorker.runSuite(SuiteRunnerWorker.java:53)<br/>
                        org.testng.SuiteRunnerWorker.run(SuiteRunnerWorker.java:96)<br/>
                        org.testng.TestNG.runSuitesSequentially(TestNG.java:1180)<br/>
                        org.testng.TestNG.runSuitesLocally(TestNG.java:1102)<br/>
                        org.testng.TestNG.runSuites(TestNG.java:1032)<br/>
                        org.testng.TestNG.run(TestNG.java:1000)<br/>
                        org.gradle.api.internal.tasks.testing.testng.TestNGTestClassProcessor.runTests(TestNGTestClassProcessor.java:141)<br/>
                        org.gradle.api.internal.tasks.testing.testng.TestNGTestClassProcessor.stop(TestNGTestClassProcessor.java:90)<br/>
                        org.gradle.api.internal.tasks.testing.SuiteTestClassProcessor.stop(SuiteTestClassProcessor.java:61)<br/>
                        sun.reflect.NativeMethodAccessorImpl.invoke0(Native Method)<br/>
                        sun.reflect.NativeMethodAccessorImpl.invoke(NativeMethodAccessorImpl.java:62)<br/>
                        sun.reflect.DelegatingMethodAccessorImpl.invoke(DelegatingMethodAccessorImpl.java:43)<br/>
                        java.lang.reflect.Method.invoke(Method.java:498)<br/>
                        org.gradle.internal.dispatch.ReflectionDispatch.dispatch(ReflectionDispatch.java:36)<br/>
                        org.gradle.internal.dispatch.ReflectionDispatch.dispatch(ReflectionDispatch.java:24)<br/>
                        org.gradle.internal.dispatch.ContextClassLoaderDispatch.dispatch(ContextClassLoaderDispatch.java:33)<br/>
                        org.gradle.internal.dispatch.ProxyDispatchAdapter$DispatchingInvocationHandler.invoke(ProxyDispatchAdapter.java:94)<br/>
                        com.sun.proxy.$Proxy2.stop(Unknown Source)<br/>
                        org.gradle.api.internal.tasks.testing.worker.TestWorker.stop(TestWorker.java:132)<br/>
                        sun.reflect.NativeMethodAccessorImpl.invoke0(Native Method)<br/>
                        sun.reflect.NativeMethodAccessorImpl.invoke(NativeMethodAccessorImpl.java:62)<br/>
                        sun.reflect.DelegatingMethodAccessorImpl.invoke(DelegatingMethodAccessorImpl.java:43)<br/>
                        java.lang.reflect.Method.invoke(Method.java:498)<br/>
                        org.gradle.internal.dispatch.ReflectionDispatch.dispatch(ReflectionDispatch.java:36)<br/>
                        org.gradle.internal.dispatch.ReflectionDispatch.dispatch(ReflectionDispatch.java:24)<br/>
                        org.gradle.internal.remote.internal.hub.MessageHubBackedObjectConnection$DispatchWrapper.dispatch(MessageHubBackedObjectConnection.java:182)<br/>
                        org.gradle.internal.remote.internal.hub.MessageHubBackedObjectConnection$DispatchWrapper.dispatch(MessageHubBackedObjectConnection.java:164)<br/>
                        org.gradle.internal.remote.internal.hub.MessageHub$Handler.run(MessageHub.java:412)<br/>
                        org.gradle.internal.concurrent.ExecutorPolicy$CatchAndRecordFailures.onExecute(ExecutorPolicy.java:64)<br/>
                        org.gradle.internal.concurrent.ManagedExecutorImpl$1.run(ManagedExecutorImpl.java:48)<br/>
                        java.util.concurrent.ThreadPoolExecutor.runWorker(ThreadPoolExecutor.java:1149)<br/>
                        java.util.concurrent.ThreadPoolExecutor$Worker.run(ThreadPoolExecutor.java:624)<br/>
                        org.gradle.internal.concurrent.ThreadFactoryImpl$ManagedThreadRunnable.run(ThreadFactoryImpl.java:56)<br/>
                        java.lang.Thread.run(Thread.java:748)<br/>
                </div>
        </td>
    </tr>
    <tr>
        <td class="method">
                Calculator_Addition
        </td>
        <td class="duration">
            2.609s
        </td>
        <td class="result">
            <!-- Display the dependencies for skipped test methods -->

                <i>Method arguments: </i>
                <span class="arguments">
                    "8", "6.5", "14.5"
                </span>
                <br/>

            <!-- Show logger output for the test -->

                <a href="javascript:toggleElement('exception-8', 'block')"
                   title="Click to expand/collapse">
                    <b>org.openqa.selenium.TimeoutException: Expected condition failed: waiting for element found by By.xpath: //input[@class=&apos;result&apos;] to have value &quot;14.5&quot;. Current value: &quot;&quot; (tried for 2 second(s) with 500 milliseconds interval)<br/>
Build info: version: &apos;3.141.59&apos;, revision: &apos;e82be7d358&apos;, time: &apos;2018-11-14T08:17:03&apos;<br/>
System info: host: &apos;KB3MB0HM2L&apos;, ip: &apos;10.4.177.33&apos;, os.name: &apos;Windows 10&apos;, os.arch: &apos;amd64&apos;, os.version: &apos;10.0&apos;, java.version: &apos;1.8.0_191&apos;<br/>
Driver info: org.openqa.selenium.chrome.ChromeDriver<br/>
Capabilities {acceptInsecureCerts: true, browserName: chrome, browserVersion: 80.0.3987.122, chrome: {chromedriverVersion: 79.0.3945.36 (3582db32b3389..., userDataDir: C:\Users\dhawes01\AppData\L...}, goog:chromeOptions: {debuggerAddress: localhost:61487}, javascriptEnabled: true, networkConnectionEnabled: false, pageLoadStrategy: normal, platform: WINDOWS, platformName: WINDOWS, proxy: Proxy(), setWindowRect: true, strictFileInteractability: false, timeouts: {implicit: 0, pageLoad: 300000, script: 30000}, unhandledPromptBehavior: dismiss and notify}<br/>
Session ID: 41c3755be977ba57e875b863fcd64aa1</b>
                </a>
                <br/>
                <div class="stackTrace" id="exception-8">
                        org.openqa.selenium.support.ui.WebDriverWait.timeoutException(WebDriverWait.java:95)<br/>
                        org.openqa.selenium.support.ui.FluentWait.until(FluentWait.java:272)<br/>
                        Actions.CalculatorActions.VerifyResults(CalculatorActions.java:68)<br/>
                        TestCases.Calculator_UI.Calculator_Addition(Calculator_UI.java:56)<br/>
                        sun.reflect.NativeMethodAccessorImpl.invoke0(Native Method)<br/>
                        sun.reflect.NativeMethodAccessorImpl.invoke(NativeMethodAccessorImpl.java:62)<br/>
                        sun.reflect.DelegatingMethodAccessorImpl.invoke(DelegatingMethodAccessorImpl.java:43)<br/>
                        java.lang.reflect.Method.invoke(Method.java:498)<br/>
                        org.testng.internal.MethodInvocationHelper.invokeMethod(MethodInvocationHelper.java:133)<br/>
                        org.testng.internal.TestInvoker.invokeMethod(TestInvoker.java:584)<br/>
                        org.testng.internal.TestInvoker.invokeTestMethod(TestInvoker.java:172)<br/>
                        org.testng.internal.MethodRunner.runInSequence(MethodRunner.java:46)<br/>
                        org.testng.internal.TestInvoker$MethodInvocationAgent.invoke(TestInvoker.java:804)<br/>
                        org.testng.internal.TestInvoker.invokeTestMethods(TestInvoker.java:145)<br/>
                        org.testng.internal.TestMethodWorker.invokeTestMethods(TestMethodWorker.java:146)<br/>
                        org.testng.internal.TestMethodWorker.run(TestMethodWorker.java:128)<br/>
                        java.util.ArrayList.forEach(ArrayList.java:1257)<br/>
                        org.testng.TestRunner.privateRun(TestRunner.java:770)<br/>
                        org.testng.TestRunner.run(TestRunner.java:591)<br/>
                        org.testng.SuiteRunner.runTest(SuiteRunner.java:402)<br/>
                        org.testng.SuiteRunner.runSequentially(SuiteRunner.java:396)<br/>
                        org.testng.SuiteRunner.privateRun(SuiteRunner.java:355)<br/>
                        org.testng.SuiteRunner.run(SuiteRunner.java:304)<br/>
                        org.testng.SuiteRunnerWorker.runSuite(SuiteRunnerWorker.java:53)<br/>
                        org.testng.SuiteRunnerWorker.run(SuiteRunnerWorker.java:96)<br/>
                        org.testng.TestNG.runSuitesSequentially(TestNG.java:1180)<br/>
                        org.testng.TestNG.runSuitesLocally(TestNG.java:1102)<br/>
                        org.testng.TestNG.runSuites(TestNG.java:1032)<br/>
                        org.testng.TestNG.run(TestNG.java:1000)<br/>
                        org.gradle.api.internal.tasks.testing.testng.TestNGTestClassProcessor.runTests(TestNGTestClassProcessor.java:141)<br/>
                        org.gradle.api.internal.tasks.testing.testng.TestNGTestClassProcessor.stop(TestNGTestClassProcessor.java:90)<br/>
                        org.gradle.api.internal.tasks.testing.SuiteTestClassProcessor.stop(SuiteTestClassProcessor.java:61)<br/>
                        sun.reflect.NativeMethodAccessorImpl.invoke0(Native Method)<br/>
                        sun.reflect.NativeMethodAccessorImpl.invoke(NativeMethodAccessorImpl.java:62)<br/>
                        sun.reflect.DelegatingMethodAccessorImpl.invoke(DelegatingMethodAccessorImpl.java:43)<br/>
                        java.lang.reflect.Method.invoke(Method.java:498)<br/>
                        org.gradle.internal.dispatch.ReflectionDispatch.dispatch(ReflectionDispatch.java:36)<br/>
                        org.gradle.internal.dispatch.ReflectionDispatch.dispatch(ReflectionDispatch.java:24)<br/>
                        org.gradle.internal.dispatch.ContextClassLoaderDispatch.dispatch(ContextClassLoaderDispatch.java:33)<br/>
                        org.gradle.internal.dispatch.ProxyDispatchAdapter$DispatchingInvocationHandler.invoke(ProxyDispatchAdapter.java:94)<br/>
                        com.sun.proxy.$Proxy2.stop(Unknown Source)<br/>
                        org.gradle.api.internal.tasks.testing.worker.TestWorker.stop(TestWorker.java:132)<br/>
                        sun.reflect.NativeMethodAccessorImpl.invoke0(Native Method)<br/>
                        sun.reflect.NativeMethodAccessorImpl.invoke(NativeMethodAccessorImpl.java:62)<br/>
                        sun.reflect.DelegatingMethodAccessorImpl.invoke(DelegatingMethodAccessorImpl.java:43)<br/>
                        java.lang.reflect.Method.invoke(Method.java:498)<br/>
                        org.gradle.internal.dispatch.ReflectionDispatch.dispatch(ReflectionDispatch.java:36)<br/>
                        org.gradle.internal.dispatch.ReflectionDispatch.dispatch(ReflectionDispatch.java:24)<br/>
                        org.gradle.internal.remote.internal.hub.MessageHubBackedObjectConnection$DispatchWrapper.dispatch(MessageHubBackedObjectConnection.java:182)<br/>
                        org.gradle.internal.remote.internal.hub.MessageHubBackedObjectConnection$DispatchWrapper.dispatch(MessageHubBackedObjectConnection.java:164)<br/>
                        org.gradle.internal.remote.internal.hub.MessageHub$Handler.run(MessageHub.java:412)<br/>
                        org.gradle.internal.concurrent.ExecutorPolicy$CatchAndRecordFailures.onExecute(ExecutorPolicy.java:64)<br/>
                        org.gradle.internal.concurrent.ManagedExecutorImpl$1.run(ManagedExecutorImpl.java:48)<br/>
                        java.util.concurrent.ThreadPoolExecutor.runWorker(ThreadPoolExecutor.java:1149)<br/>
                        java.util.concurrent.ThreadPoolExecutor$Worker.run(ThreadPoolExecutor.java:624)<br/>
                        org.gradle.internal.concurrent.ThreadFactoryImpl$ManagedThreadRunnable.run(ThreadFactoryImpl.java:56)<br/>
                        java.lang.Thread.run(Thread.java:748)<br/>
                </div>
        </td>
    </tr>
    <tr>
        <td class="method">
                Calculator_Addition
        </td>
        <td class="duration">
            2.682s
        </td>
        <td class="result">
            <!-- Display the dependencies for skipped test methods -->

                <i>Method arguments: </i>
                <span class="arguments">
                    "1e2", "3", "103"
                </span>
                <br/>

            <!-- Show logger output for the test -->

                <a href="javascript:toggleElement('exception-9', 'block')"
                   title="Click to expand/collapse">
                    <b>org.openqa.selenium.TimeoutException: Expected condition failed: waiting for element found by By.xpath: //input[@class=&apos;result&apos;] to have value &quot;103&quot;. Current value: &quot;&quot; (tried for 2 second(s) with 500 milliseconds interval)<br/>
Build info: version: &apos;3.141.59&apos;, revision: &apos;e82be7d358&apos;, time: &apos;2018-11-14T08:17:03&apos;<br/>
System info: host: &apos;KB3MB0HM2L&apos;, ip: &apos;10.4.177.33&apos;, os.name: &apos;Windows 10&apos;, os.arch: &apos;amd64&apos;, os.version: &apos;10.0&apos;, java.version: &apos;1.8.0_191&apos;<br/>
Driver info: org.openqa.selenium.chrome.ChromeDriver<br/>
Capabilities {acceptInsecureCerts: true, browserName: chrome, browserVersion: 80.0.3987.122, chrome: {chromedriverVersion: 79.0.3945.36 (3582db32b3389..., userDataDir: C:\Users\dhawes01\AppData\L...}, goog:chromeOptions: {debuggerAddress: localhost:61487}, javascriptEnabled: true, networkConnectionEnabled: false, pageLoadStrategy: normal, platform: WINDOWS, platformName: WINDOWS, proxy: Proxy(), setWindowRect: true, strictFileInteractability: false, timeouts: {implicit: 0, pageLoad: 300000, script: 30000}, unhandledPromptBehavior: dismiss and notify}<br/>
Session ID: 41c3755be977ba57e875b863fcd64aa1</b>
                </a>
                <br/>
                <div class="stackTrace" id="exception-9">
                        org.openqa.selenium.support.ui.WebDriverWait.timeoutException(WebDriverWait.java:95)<br/>
                        org.openqa.selenium.support.ui.FluentWait.until(FluentWait.java:272)<br/>
                        Actions.CalculatorActions.VerifyResults(CalculatorActions.java:68)<br/>
                        TestCases.Calculator_UI.Calculator_Addition(Calculator_UI.java:56)<br/>
                        sun.reflect.NativeMethodAccessorImpl.invoke0(Native Method)<br/>
                        sun.reflect.NativeMethodAccessorImpl.invoke(NativeMethodAccessorImpl.java:62)<br/>
                        sun.reflect.DelegatingMethodAccessorImpl.invoke(DelegatingMethodAccessorImpl.java:43)<br/>
                        java.lang.reflect.Method.invoke(Method.java:498)<br/>
                        org.testng.internal.MethodInvocationHelper.invokeMethod(MethodInvocationHelper.java:133)<br/>
                        org.testng.internal.TestInvoker.invokeMethod(TestInvoker.java:584)<br/>
                        org.testng.internal.TestInvoker.invokeTestMethod(TestInvoker.java:172)<br/>
                        org.testng.internal.MethodRunner.runInSequence(MethodRunner.java:46)<br/>
                        org.testng.internal.TestInvoker$MethodInvocationAgent.invoke(TestInvoker.java:804)<br/>
                        org.testng.internal.TestInvoker.invokeTestMethods(TestInvoker.java:145)<br/>
                        org.testng.internal.TestMethodWorker.invokeTestMethods(TestMethodWorker.java:146)<br/>
                        org.testng.internal.TestMethodWorker.run(TestMethodWorker.java:128)<br/>
                        java.util.ArrayList.forEach(ArrayList.java:1257)<br/>
                        org.testng.TestRunner.privateRun(TestRunner.java:770)<br/>
                        org.testng.TestRunner.run(TestRunner.java:591)<br/>
                        org.testng.SuiteRunner.runTest(SuiteRunner.java:402)<br/>
                        org.testng.SuiteRunner.runSequentially(SuiteRunner.java:396)<br/>
                        org.testng.SuiteRunner.privateRun(SuiteRunner.java:355)<br/>
                        org.testng.SuiteRunner.run(SuiteRunner.java:304)<br/>
                        org.testng.SuiteRunnerWorker.runSuite(SuiteRunnerWorker.java:53)<br/>
                        org.testng.SuiteRunnerWorker.run(SuiteRunnerWorker.java:96)<br/>
                        org.testng.TestNG.runSuitesSequentially(TestNG.java:1180)<br/>
                        org.testng.TestNG.runSuitesLocally(TestNG.java:1102)<br/>
                        org.testng.TestNG.runSuites(TestNG.java:1032)<br/>
                        org.testng.TestNG.run(TestNG.java:1000)<br/>
                        org.gradle.api.internal.tasks.testing.testng.TestNGTestClassProcessor.runTests(TestNGTestClassProcessor.java:141)<br/>
                        org.gradle.api.internal.tasks.testing.testng.TestNGTestClassProcessor.stop(TestNGTestClassProcessor.java:90)<br/>
                        org.gradle.api.internal.tasks.testing.SuiteTestClassProcessor.stop(SuiteTestClassProcessor.java:61)<br/>
                        sun.reflect.NativeMethodAccessorImpl.invoke0(Native Method)<br/>
                        sun.reflect.NativeMethodAccessorImpl.invoke(NativeMethodAccessorImpl.java:62)<br/>
                        sun.reflect.DelegatingMethodAccessorImpl.invoke(DelegatingMethodAccessorImpl.java:43)<br/>
                        java.lang.reflect.Method.invoke(Method.java:498)<br/>
                        org.gradle.internal.dispatch.ReflectionDispatch.dispatch(ReflectionDispatch.java:36)<br/>
                        org.gradle.internal.dispatch.ReflectionDispatch.dispatch(ReflectionDispatch.java:24)<br/>
                        org.gradle.internal.dispatch.ContextClassLoaderDispatch.dispatch(ContextClassLoaderDispatch.java:33)<br/>
                        org.gradle.internal.dispatch.ProxyDispatchAdapter$DispatchingInvocationHandler.invoke(ProxyDispatchAdapter.java:94)<br/>
                        com.sun.proxy.$Proxy2.stop(Unknown Source)<br/>
                        org.gradle.api.internal.tasks.testing.worker.TestWorker.stop(TestWorker.java:132)<br/>
                        sun.reflect.NativeMethodAccessorImpl.invoke0(Native Method)<br/>
                        sun.reflect.NativeMethodAccessorImpl.invoke(NativeMethodAccessorImpl.java:62)<br/>
                        sun.reflect.DelegatingMethodAccessorImpl.invoke(DelegatingMethodAccessorImpl.java:43)<br/>
                        java.lang.reflect.Method.invoke(Method.java:498)<br/>
                        org.gradle.internal.dispatch.ReflectionDispatch.dispatch(ReflectionDispatch.java:36)<br/>
                        org.gradle.internal.dispatch.ReflectionDispatch.dispatch(ReflectionDispatch.java:24)<br/>
                        org.gradle.internal.remote.internal.hub.MessageHubBackedObjectConnection$DispatchWrapper.dispatch(MessageHubBackedObjectConnection.java:182)<br/>
                        org.gradle.internal.remote.internal.hub.MessageHubBackedObjectConnection$DispatchWrapper.dispatch(MessageHubBackedObjectConnection.java:164)<br/>
                        org.gradle.internal.remote.internal.hub.MessageHub$Handler.run(MessageHub.java:412)<br/>
                        org.gradle.internal.concurrent.ExecutorPolicy$CatchAndRecordFailures.onExecute(ExecutorPolicy.java:64)<br/>
                        org.gradle.internal.concurrent.ManagedExecutorImpl$1.run(ManagedExecutorImpl.java:48)<br/>
                        java.util.concurrent.ThreadPoolExecutor.runWorker(ThreadPoolExecutor.java:1149)<br/>
                        java.util.concurrent.ThreadPoolExecutor$Worker.run(ThreadPoolExecutor.java:624)<br/>
                        org.gradle.internal.concurrent.ThreadFactoryImpl$ManagedThreadRunnable.run(ThreadFactoryImpl.java:56)<br/>
                        java.lang.Thread.run(Thread.java:748)<br/>
                </div>
        </td>
    </tr>
    <tr>
        <td class="method">
                Calculator_Addition
        </td>
        <td class="duration">
            2.579s
        </td>
        <td class="result">
            <!-- Display the dependencies for skipped test methods -->

                <i>Method arguments: </i>
                <span class="arguments">
                    "1.3", "3", "4.3"
                </span>
                <br/>

            <!-- Show logger output for the test -->

                <a href="javascript:toggleElement('exception-10', 'block')"
                   title="Click to expand/collapse">
                    <b>org.openqa.selenium.TimeoutException: Expected condition failed: waiting for element found by By.xpath: //input[@class=&apos;result&apos;] to have value &quot;4.3&quot;. Current value: &quot;&quot; (tried for 2 second(s) with 500 milliseconds interval)<br/>
Build info: version: &apos;3.141.59&apos;, revision: &apos;e82be7d358&apos;, time: &apos;2018-11-14T08:17:03&apos;<br/>
System info: host: &apos;KB3MB0HM2L&apos;, ip: &apos;10.4.177.33&apos;, os.name: &apos;Windows 10&apos;, os.arch: &apos;amd64&apos;, os.version: &apos;10.0&apos;, java.version: &apos;1.8.0_191&apos;<br/>
Driver info: org.openqa.selenium.chrome.ChromeDriver<br/>
Capabilities {acceptInsecureCerts: true, browserName: chrome, browserVersion: 80.0.3987.122, chrome: {chromedriverVersion: 79.0.3945.36 (3582db32b3389..., userDataDir: C:\Users\dhawes01\AppData\L...}, goog:chromeOptions: {debuggerAddress: localhost:61487}, javascriptEnabled: true, networkConnectionEnabled: false, pageLoadStrategy: normal, platform: WINDOWS, platformName: WINDOWS, proxy: Proxy(), setWindowRect: true, strictFileInteractability: false, timeouts: {implicit: 0, pageLoad: 300000, script: 30000}, unhandledPromptBehavior: dismiss and notify}<br/>
Session ID: 41c3755be977ba57e875b863fcd64aa1</b>
                </a>
                <br/>
                <div class="stackTrace" id="exception-10">
                        org.openqa.selenium.support.ui.WebDriverWait.timeoutException(WebDriverWait.java:95)<br/>
                        org.openqa.selenium.support.ui.FluentWait.until(FluentWait.java:272)<br/>
                        Actions.CalculatorActions.VerifyResults(CalculatorActions.java:68)<br/>
                        TestCases.Calculator_UI.Calculator_Addition(Calculator_UI.java:56)<br/>
                        sun.reflect.NativeMethodAccessorImpl.invoke0(Native Method)<br/>
                        sun.reflect.NativeMethodAccessorImpl.invoke(NativeMethodAccessorImpl.java:62)<br/>
                        sun.reflect.DelegatingMethodAccessorImpl.invoke(DelegatingMethodAccessorImpl.java:43)<br/>
                        java.lang.reflect.Method.invoke(Method.java:498)<br/>
                        org.testng.internal.MethodInvocationHelper.invokeMethod(MethodInvocationHelper.java:133)<br/>
                        org.testng.internal.TestInvoker.invokeMethod(TestInvoker.java:584)<br/>
                        org.testng.internal.TestInvoker.invokeTestMethod(TestInvoker.java:172)<br/>
                        org.testng.internal.MethodRunner.runInSequence(MethodRunner.java:46)<br/>
                        org.testng.internal.TestInvoker$MethodInvocationAgent.invoke(TestInvoker.java:804)<br/>
                        org.testng.internal.TestInvoker.invokeTestMethods(TestInvoker.java:145)<br/>
                        org.testng.internal.TestMethodWorker.invokeTestMethods(TestMethodWorker.java:146)<br/>
                        org.testng.internal.TestMethodWorker.run(TestMethodWorker.java:128)<br/>
                        java.util.ArrayList.forEach(ArrayList.java:1257)<br/>
                        org.testng.TestRunner.privateRun(TestRunner.java:770)<br/>
                        org.testng.TestRunner.run(TestRunner.java:591)<br/>
                        org.testng.SuiteRunner.runTest(SuiteRunner.java:402)<br/>
                        org.testng.SuiteRunner.runSequentially(SuiteRunner.java:396)<br/>
                        org.testng.SuiteRunner.privateRun(SuiteRunner.java:355)<br/>
                        org.testng.SuiteRunner.run(SuiteRunner.java:304)<br/>
                        org.testng.SuiteRunnerWorker.runSuite(SuiteRunnerWorker.java:53)<br/>
                        org.testng.SuiteRunnerWorker.run(SuiteRunnerWorker.java:96)<br/>
                        org.testng.TestNG.runSuitesSequentially(TestNG.java:1180)<br/>
                        org.testng.TestNG.runSuitesLocally(TestNG.java:1102)<br/>
                        org.testng.TestNG.runSuites(TestNG.java:1032)<br/>
                        org.testng.TestNG.run(TestNG.java:1000)<br/>
                        org.gradle.api.internal.tasks.testing.testng.TestNGTestClassProcessor.runTests(TestNGTestClassProcessor.java:141)<br/>
                        org.gradle.api.internal.tasks.testing.testng.TestNGTestClassProcessor.stop(TestNGTestClassProcessor.java:90)<br/>
                        org.gradle.api.internal.tasks.testing.SuiteTestClassProcessor.stop(SuiteTestClassProcessor.java:61)<br/>
                        sun.reflect.NativeMethodAccessorImpl.invoke0(Native Method)<br/>
                        sun.reflect.NativeMethodAccessorImpl.invoke(NativeMethodAccessorImpl.java:62)<br/>
                        sun.reflect.DelegatingMethodAccessorImpl.invoke(DelegatingMethodAccessorImpl.java:43)<br/>
                        java.lang.reflect.Method.invoke(Method.java:498)<br/>
                        org.gradle.internal.dispatch.ReflectionDispatch.dispatch(ReflectionDispatch.java:36)<br/>
                        org.gradle.internal.dispatch.ReflectionDispatch.dispatch(ReflectionDispatch.java:24)<br/>
                        org.gradle.internal.dispatch.ContextClassLoaderDispatch.dispatch(ContextClassLoaderDispatch.java:33)<br/>
                        org.gradle.internal.dispatch.ProxyDispatchAdapter$DispatchingInvocationHandler.invoke(ProxyDispatchAdapter.java:94)<br/>
                        com.sun.proxy.$Proxy2.stop(Unknown Source)<br/>
                        org.gradle.api.internal.tasks.testing.worker.TestWorker.stop(TestWorker.java:132)<br/>
                        sun.reflect.NativeMethodAccessorImpl.invoke0(Native Method)<br/>
                        sun.reflect.NativeMethodAccessorImpl.invoke(NativeMethodAccessorImpl.java:62)<br/>
                        sun.reflect.DelegatingMethodAccessorImpl.invoke(DelegatingMethodAccessorImpl.java:43)<br/>
                        java.lang.reflect.Method.invoke(Method.java:498)<br/>
                        org.gradle.internal.dispatch.ReflectionDispatch.dispatch(ReflectionDispatch.java:36)<br/>
                        org.gradle.internal.dispatch.ReflectionDispatch.dispatch(ReflectionDispatch.java:24)<br/>
                        org.gradle.internal.remote.internal.hub.MessageHubBackedObjectConnection$DispatchWrapper.dispatch(MessageHubBackedObjectConnection.java:182)<br/>
                        org.gradle.internal.remote.internal.hub.MessageHubBackedObjectConnection$DispatchWrapper.dispatch(MessageHubBackedObjectConnection.java:164)<br/>
                        org.gradle.internal.remote.internal.hub.MessageHub$Handler.run(MessageHub.java:412)<br/>
                        org.gradle.internal.concurrent.ExecutorPolicy$CatchAndRecordFailures.onExecute(ExecutorPolicy.java:64)<br/>
                        org.gradle.internal.concurrent.ManagedExecutorImpl$1.run(ManagedExecutorImpl.java:48)<br/>
                        java.util.concurrent.ThreadPoolExecutor.runWorker(ThreadPoolExecutor.java:1149)<br/>
                        java.util.concurrent.ThreadPoolExecutor$Worker.run(ThreadPoolExecutor.java:624)<br/>
                        org.gradle.internal.concurrent.ThreadFactoryImpl$ManagedThreadRunnable.run(ThreadFactoryImpl.java:56)<br/>
                        java.lang.Thread.run(Thread.java:748)<br/>
                </div>
        </td>
    </tr>
    <tr>
        <td class="method">
                Calculator_Division
        </td>
        <td class="duration">
            2.568s
        </td>
        <td class="result">
            <!-- Display the dependencies for skipped test methods -->

                <i>Method arguments: </i>
                <span class="arguments">
                    "-40", "5", "-8"
                </span>
                <br/>

            <!-- Show logger output for the test -->

                <a href="javascript:toggleElement('exception-11', 'block')"
                   title="Click to expand/collapse">
                    <b>org.openqa.selenium.TimeoutException: Expected condition failed: waiting for element found by By.xpath: //input[@class=&apos;result&apos;] to have value &quot;-8&quot;. Current value: &quot;8&quot; (tried for 2 second(s) with 500 milliseconds interval)<br/>
Build info: version: &apos;3.141.59&apos;, revision: &apos;e82be7d358&apos;, time: &apos;2018-11-14T08:17:03&apos;<br/>
System info: host: &apos;KB3MB0HM2L&apos;, ip: &apos;10.4.177.33&apos;, os.name: &apos;Windows 10&apos;, os.arch: &apos;amd64&apos;, os.version: &apos;10.0&apos;, java.version: &apos;1.8.0_191&apos;<br/>
Driver info: org.openqa.selenium.chrome.ChromeDriver<br/>
Capabilities {acceptInsecureCerts: true, browserName: chrome, browserVersion: 80.0.3987.122, chrome: {chromedriverVersion: 79.0.3945.36 (3582db32b3389..., userDataDir: C:\Users\dhawes01\AppData\L...}, goog:chromeOptions: {debuggerAddress: localhost:61487}, javascriptEnabled: true, networkConnectionEnabled: false, pageLoadStrategy: normal, platform: WINDOWS, platformName: WINDOWS, proxy: Proxy(), setWindowRect: true, strictFileInteractability: false, timeouts: {implicit: 0, pageLoad: 300000, script: 30000}, unhandledPromptBehavior: dismiss and notify}<br/>
Session ID: 41c3755be977ba57e875b863fcd64aa1</b>
                </a>
                <br/>
                <div class="stackTrace" id="exception-11">
                        org.openqa.selenium.support.ui.WebDriverWait.timeoutException(WebDriverWait.java:95)<br/>
                        org.openqa.selenium.support.ui.FluentWait.until(FluentWait.java:272)<br/>
                        Actions.CalculatorActions.VerifyResults(CalculatorActions.java:68)<br/>
                        TestCases.Calculator_UI.Calculator_Division(Calculator_UI.java:135)<br/>
                        sun.reflect.NativeMethodAccessorImpl.invoke0(Native Method)<br/>
                        sun.reflect.NativeMethodAccessorImpl.invoke(NativeMethodAccessorImpl.java:62)<br/>
                        sun.reflect.DelegatingMethodAccessorImpl.invoke(DelegatingMethodAccessorImpl.java:43)<br/>
                        java.lang.reflect.Method.invoke(Method.java:498)<br/>
                        org.testng.internal.MethodInvocationHelper.invokeMethod(MethodInvocationHelper.java:133)<br/>
                        org.testng.internal.TestInvoker.invokeMethod(TestInvoker.java:584)<br/>
                        org.testng.internal.TestInvoker.invokeTestMethod(TestInvoker.java:172)<br/>
                        org.testng.internal.MethodRunner.runInSequence(MethodRunner.java:46)<br/>
                        org.testng.internal.TestInvoker$MethodInvocationAgent.invoke(TestInvoker.java:804)<br/>
                        org.testng.internal.TestInvoker.invokeTestMethods(TestInvoker.java:145)<br/>
                        org.testng.internal.TestMethodWorker.invokeTestMethods(TestMethodWorker.java:146)<br/>
                        org.testng.internal.TestMethodWorker.run(TestMethodWorker.java:128)<br/>
                        java.util.ArrayList.forEach(ArrayList.java:1257)<br/>
                        org.testng.TestRunner.privateRun(TestRunner.java:770)<br/>
                        org.testng.TestRunner.run(TestRunner.java:591)<br/>
                        org.testng.SuiteRunner.runTest(SuiteRunner.java:402)<br/>
                        org.testng.SuiteRunner.runSequentially(SuiteRunner.java:396)<br/>
                        org.testng.SuiteRunner.privateRun(SuiteRunner.java:355)<br/>
                        org.testng.SuiteRunner.run(SuiteRunner.java:304)<br/>
                        org.testng.SuiteRunnerWorker.runSuite(SuiteRunnerWorker.java:53)<br/>
                        org.testng.SuiteRunnerWorker.run(SuiteRunnerWorker.java:96)<br/>
                        org.testng.TestNG.runSuitesSequentially(TestNG.java:1180)<br/>
                        org.testng.TestNG.runSuitesLocally(TestNG.java:1102)<br/>
                        org.testng.TestNG.runSuites(TestNG.java:1032)<br/>
                        org.testng.TestNG.run(TestNG.java:1000)<br/>
                        org.gradle.api.internal.tasks.testing.testng.TestNGTestClassProcessor.runTests(TestNGTestClassProcessor.java:141)<br/>
                        org.gradle.api.internal.tasks.testing.testng.TestNGTestClassProcessor.stop(TestNGTestClassProcessor.java:90)<br/>
                        org.gradle.api.internal.tasks.testing.SuiteTestClassProcessor.stop(SuiteTestClassProcessor.java:61)<br/>
                        sun.reflect.NativeMethodAccessorImpl.invoke0(Native Method)<br/>
                        sun.reflect.NativeMethodAccessorImpl.invoke(NativeMethodAccessorImpl.java:62)<br/>
                        sun.reflect.DelegatingMethodAccessorImpl.invoke(DelegatingMethodAccessorImpl.java:43)<br/>
                        java.lang.reflect.Method.invoke(Method.java:498)<br/>
                        org.gradle.internal.dispatch.ReflectionDispatch.dispatch(ReflectionDispatch.java:36)<br/>
                        org.gradle.internal.dispatch.ReflectionDispatch.dispatch(ReflectionDispatch.java:24)<br/>
                        org.gradle.internal.dispatch.ContextClassLoaderDispatch.dispatch(ContextClassLoaderDispatch.java:33)<br/>
                        org.gradle.internal.dispatch.ProxyDispatchAdapter$DispatchingInvocationHandler.invoke(ProxyDispatchAdapter.java:94)<br/>
                        com.sun.proxy.$Proxy2.stop(Unknown Source)<br/>
                        org.gradle.api.internal.tasks.testing.worker.TestWorker.stop(TestWorker.java:132)<br/>
                        sun.reflect.NativeMethodAccessorImpl.invoke0(Native Method)<br/>
                        sun.reflect.NativeMethodAccessorImpl.invoke(NativeMethodAccessorImpl.java:62)<br/>
                        sun.reflect.DelegatingMethodAccessorImpl.invoke(DelegatingMethodAccessorImpl.java:43)<br/>
                        java.lang.reflect.Method.invoke(Method.java:498)<br/>
                        org.gradle.internal.dispatch.ReflectionDispatch.dispatch(ReflectionDispatch.java:36)<br/>
                        org.gradle.internal.dispatch.ReflectionDispatch.dispatch(ReflectionDispatch.java:24)<br/>
                        org.gradle.internal.remote.internal.hub.MessageHubBackedObjectConnection$DispatchWrapper.dispatch(MessageHubBackedObjectConnection.java:182)<br/>
                        org.gradle.internal.remote.internal.hub.MessageHubBackedObjectConnection$DispatchWrapper.dispatch(MessageHubBackedObjectConnection.java:164)<br/>
                        org.gradle.internal.remote.internal.hub.MessageHub$Handler.run(MessageHub.java:412)<br/>
                        org.gradle.internal.concurrent.ExecutorPolicy$CatchAndRecordFailures.onExecute(ExecutorPolicy.java:64)<br/>
                        org.gradle.internal.concurrent.ManagedExecutorImpl$1.run(ManagedExecutorImpl.java:48)<br/>
                        java.util.concurrent.ThreadPoolExecutor.runWorker(ThreadPoolExecutor.java:1149)<br/>
                        java.util.concurrent.ThreadPoolExecutor$Worker.run(ThreadPoolExecutor.java:624)<br/>
                        org.gradle.internal.concurrent.ThreadFactoryImpl$ManagedThreadRunnable.run(ThreadFactoryImpl.java:56)<br/>
                        java.lang.Thread.run(Thread.java:748)<br/>
                </div>
        </td>
    </tr>
    <tr>
        <td class="method">
                Calculator_Division
        </td>
        <td class="duration">
            2.454s
        </td>
        <td class="result">
            <!-- Display the dependencies for skipped test methods -->

                <i>Method arguments: </i>
                <span class="arguments">
                    "20.5", "2", "10.25"
                </span>
                <br/>

            <!-- Show logger output for the test -->

                <a href="javascript:toggleElement('exception-12', 'block')"
                   title="Click to expand/collapse">
                    <b>org.openqa.selenium.TimeoutException: Expected condition failed: waiting for element found by By.xpath: //input[@class=&apos;result&apos;] to have value &quot;10.25&quot;. Current value: &quot;10&quot; (tried for 2 second(s) with 500 milliseconds interval)<br/>
Build info: version: &apos;3.141.59&apos;, revision: &apos;e82be7d358&apos;, time: &apos;2018-11-14T08:17:03&apos;<br/>
System info: host: &apos;KB3MB0HM2L&apos;, ip: &apos;10.4.177.33&apos;, os.name: &apos;Windows 10&apos;, os.arch: &apos;amd64&apos;, os.version: &apos;10.0&apos;, java.version: &apos;1.8.0_191&apos;<br/>
Driver info: org.openqa.selenium.chrome.ChromeDriver<br/>
Capabilities {acceptInsecureCerts: true, browserName: chrome, browserVersion: 80.0.3987.122, chrome: {chromedriverVersion: 79.0.3945.36 (3582db32b3389..., userDataDir: C:\Users\dhawes01\AppData\L...}, goog:chromeOptions: {debuggerAddress: localhost:61487}, javascriptEnabled: true, networkConnectionEnabled: false, pageLoadStrategy: normal, platform: WINDOWS, platformName: WINDOWS, proxy: Proxy(), setWindowRect: true, strictFileInteractability: false, timeouts: {implicit: 0, pageLoad: 300000, script: 30000}, unhandledPromptBehavior: dismiss and notify}<br/>
Session ID: 41c3755be977ba57e875b863fcd64aa1</b>
                </a>
                <br/>
                <div class="stackTrace" id="exception-12">
                        org.openqa.selenium.support.ui.WebDriverWait.timeoutException(WebDriverWait.java:95)<br/>
                        org.openqa.selenium.support.ui.FluentWait.until(FluentWait.java:272)<br/>
                        Actions.CalculatorActions.VerifyResults(CalculatorActions.java:68)<br/>
                        TestCases.Calculator_UI.Calculator_Division(Calculator_UI.java:135)<br/>
                        sun.reflect.NativeMethodAccessorImpl.invoke0(Native Method)<br/>
                        sun.reflect.NativeMethodAccessorImpl.invoke(NativeMethodAccessorImpl.java:62)<br/>
                        sun.reflect.DelegatingMethodAccessorImpl.invoke(DelegatingMethodAccessorImpl.java:43)<br/>
                        java.lang.reflect.Method.invoke(Method.java:498)<br/>
                        org.testng.internal.MethodInvocationHelper.invokeMethod(MethodInvocationHelper.java:133)<br/>
                        org.testng.internal.TestInvoker.invokeMethod(TestInvoker.java:584)<br/>
                        org.testng.internal.TestInvoker.invokeTestMethod(TestInvoker.java:172)<br/>
                        org.testng.internal.MethodRunner.runInSequence(MethodRunner.java:46)<br/>
                        org.testng.internal.TestInvoker$MethodInvocationAgent.invoke(TestInvoker.java:804)<br/>
                        org.testng.internal.TestInvoker.invokeTestMethods(TestInvoker.java:145)<br/>
                        org.testng.internal.TestMethodWorker.invokeTestMethods(TestMethodWorker.java:146)<br/>
                        org.testng.internal.TestMethodWorker.run(TestMethodWorker.java:128)<br/>
                        java.util.ArrayList.forEach(ArrayList.java:1257)<br/>
                        org.testng.TestRunner.privateRun(TestRunner.java:770)<br/>
                        org.testng.TestRunner.run(TestRunner.java:591)<br/>
                        org.testng.SuiteRunner.runTest(SuiteRunner.java:402)<br/>
                        org.testng.SuiteRunner.runSequentially(SuiteRunner.java:396)<br/>
                        org.testng.SuiteRunner.privateRun(SuiteRunner.java:355)<br/>
                        org.testng.SuiteRunner.run(SuiteRunner.java:304)<br/>
                        org.testng.SuiteRunnerWorker.runSuite(SuiteRunnerWorker.java:53)<br/>
                        org.testng.SuiteRunnerWorker.run(SuiteRunnerWorker.java:96)<br/>
                        org.testng.TestNG.runSuitesSequentially(TestNG.java:1180)<br/>
                        org.testng.TestNG.runSuitesLocally(TestNG.java:1102)<br/>
                        org.testng.TestNG.runSuites(TestNG.java:1032)<br/>
                        org.testng.TestNG.run(TestNG.java:1000)<br/>
                        org.gradle.api.internal.tasks.testing.testng.TestNGTestClassProcessor.runTests(TestNGTestClassProcessor.java:141)<br/>
                        org.gradle.api.internal.tasks.testing.testng.TestNGTestClassProcessor.stop(TestNGTestClassProcessor.java:90)<br/>
                        org.gradle.api.internal.tasks.testing.SuiteTestClassProcessor.stop(SuiteTestClassProcessor.java:61)<br/>
                        sun.reflect.NativeMethodAccessorImpl.invoke0(Native Method)<br/>
                        sun.reflect.NativeMethodAccessorImpl.invoke(NativeMethodAccessorImpl.java:62)<br/>
                        sun.reflect.DelegatingMethodAccessorImpl.invoke(DelegatingMethodAccessorImpl.java:43)<br/>
                        java.lang.reflect.Method.invoke(Method.java:498)<br/>
                        org.gradle.internal.dispatch.ReflectionDispatch.dispatch(ReflectionDispatch.java:36)<br/>
                        org.gradle.internal.dispatch.ReflectionDispatch.dispatch(ReflectionDispatch.java:24)<br/>
                        org.gradle.internal.dispatch.ContextClassLoaderDispatch.dispatch(ContextClassLoaderDispatch.java:33)<br/>
                        org.gradle.internal.dispatch.ProxyDispatchAdapter$DispatchingInvocationHandler.invoke(ProxyDispatchAdapter.java:94)<br/>
                        com.sun.proxy.$Proxy2.stop(Unknown Source)<br/>
                        org.gradle.api.internal.tasks.testing.worker.TestWorker.stop(TestWorker.java:132)<br/>
                        sun.reflect.NativeMethodAccessorImpl.invoke0(Native Method)<br/>
                        sun.reflect.NativeMethodAccessorImpl.invoke(NativeMethodAccessorImpl.java:62)<br/>
                        sun.reflect.DelegatingMethodAccessorImpl.invoke(DelegatingMethodAccessorImpl.java:43)<br/>
                        java.lang.reflect.Method.invoke(Method.java:498)<br/>
                        org.gradle.internal.dispatch.ReflectionDispatch.dispatch(ReflectionDispatch.java:36)<br/>
                        org.gradle.internal.dispatch.ReflectionDispatch.dispatch(ReflectionDispatch.java:24)<br/>
                        org.gradle.internal.remote.internal.hub.MessageHubBackedObjectConnection$DispatchWrapper.dispatch(MessageHubBackedObjectConnection.java:182)<br/>
                        org.gradle.internal.remote.internal.hub.MessageHubBackedObjectConnection$DispatchWrapper.dispatch(MessageHubBackedObjectConnection.java:164)<br/>
                        org.gradle.internal.remote.internal.hub.MessageHub$Handler.run(MessageHub.java:412)<br/>
                        org.gradle.internal.concurrent.ExecutorPolicy$CatchAndRecordFailures.onExecute(ExecutorPolicy.java:64)<br/>
                        org.gradle.internal.concurrent.ManagedExecutorImpl$1.run(ManagedExecutorImpl.java:48)<br/>
                        java.util.concurrent.ThreadPoolExecutor.runWorker(ThreadPoolExecutor.java:1149)<br/>
                        java.util.concurrent.ThreadPoolExecutor$Worker.run(ThreadPoolExecutor.java:624)<br/>
                        org.gradle.internal.concurrent.ThreadFactoryImpl$ManagedThreadRunnable.run(ThreadFactoryImpl.java:56)<br/>
                        java.lang.Thread.run(Thread.java:748)<br/>
                </div>
        </td>
    </tr>
    <tr>
        <td class="method">
                Calculator_Division
        </td>
        <td class="duration">
            2.470s
        </td>
        <td class="result">
            <!-- Display the dependencies for skipped test methods -->

                <i>Method arguments: </i>
                <span class="arguments">
                    "325", "6.5", "50"
                </span>
                <br/>

            <!-- Show logger output for the test -->

                <a href="javascript:toggleElement('exception-13', 'block')"
                   title="Click to expand/collapse">
                    <b>org.openqa.selenium.TimeoutException: Expected condition failed: waiting for element found by By.xpath: //input[@class=&apos;result&apos;] to have value &quot;50&quot;. Current value: &quot;10&quot; (tried for 2 second(s) with 500 milliseconds interval)<br/>
Build info: version: &apos;3.141.59&apos;, revision: &apos;e82be7d358&apos;, time: &apos;2018-11-14T08:17:03&apos;<br/>
System info: host: &apos;KB3MB0HM2L&apos;, ip: &apos;10.4.177.33&apos;, os.name: &apos;Windows 10&apos;, os.arch: &apos;amd64&apos;, os.version: &apos;10.0&apos;, java.version: &apos;1.8.0_191&apos;<br/>
Driver info: org.openqa.selenium.chrome.ChromeDriver<br/>
Capabilities {acceptInsecureCerts: true, browserName: chrome, browserVersion: 80.0.3987.122, chrome: {chromedriverVersion: 79.0.3945.36 (3582db32b3389..., userDataDir: C:\Users\dhawes01\AppData\L...}, goog:chromeOptions: {debuggerAddress: localhost:61487}, javascriptEnabled: true, networkConnectionEnabled: false, pageLoadStrategy: normal, platform: WINDOWS, platformName: WINDOWS, proxy: Proxy(), setWindowRect: true, strictFileInteractability: false, timeouts: {implicit: 0, pageLoad: 300000, script: 30000}, unhandledPromptBehavior: dismiss and notify}<br/>
Session ID: 41c3755be977ba57e875b863fcd64aa1</b>
                </a>
                <br/>
                <div class="stackTrace" id="exception-13">
                        org.openqa.selenium.support.ui.WebDriverWait.timeoutException(WebDriverWait.java:95)<br/>
                        org.openqa.selenium.support.ui.FluentWait.until(FluentWait.java:272)<br/>
                        Actions.CalculatorActions.VerifyResults(CalculatorActions.java:68)<br/>
                        TestCases.Calculator_UI.Calculator_Division(Calculator_UI.java:135)<br/>
                        sun.reflect.NativeMethodAccessorImpl.invoke0(Native Method)<br/>
                        sun.reflect.NativeMethodAccessorImpl.invoke(NativeMethodAccessorImpl.java:62)<br/>
                        sun.reflect.DelegatingMethodAccessorImpl.invoke(DelegatingMethodAccessorImpl.java:43)<br/>
                        java.lang.reflect.Method.invoke(Method.java:498)<br/>
                        org.testng.internal.MethodInvocationHelper.invokeMethod(MethodInvocationHelper.java:133)<br/>
                        org.testng.internal.TestInvoker.invokeMethod(TestInvoker.java:584)<br/>
                        org.testng.internal.TestInvoker.invokeTestMethod(TestInvoker.java:172)<br/>
                        org.testng.internal.MethodRunner.runInSequence(MethodRunner.java:46)<br/>
                        org.testng.internal.TestInvoker$MethodInvocationAgent.invoke(TestInvoker.java:804)<br/>
                        org.testng.internal.TestInvoker.invokeTestMethods(TestInvoker.java:145)<br/>
                        org.testng.internal.TestMethodWorker.invokeTestMethods(TestMethodWorker.java:146)<br/>
                        org.testng.internal.TestMethodWorker.run(TestMethodWorker.java:128)<br/>
                        java.util.ArrayList.forEach(ArrayList.java:1257)<br/>
                        org.testng.TestRunner.privateRun(TestRunner.java:770)<br/>
                        org.testng.TestRunner.run(TestRunner.java:591)<br/>
                        org.testng.SuiteRunner.runTest(SuiteRunner.java:402)<br/>
                        org.testng.SuiteRunner.runSequentially(SuiteRunner.java:396)<br/>
                        org.testng.SuiteRunner.privateRun(SuiteRunner.java:355)<br/>
                        org.testng.SuiteRunner.run(SuiteRunner.java:304)<br/>
                        org.testng.SuiteRunnerWorker.runSuite(SuiteRunnerWorker.java:53)<br/>
                        org.testng.SuiteRunnerWorker.run(SuiteRunnerWorker.java:96)<br/>
                        org.testng.TestNG.runSuitesSequentially(TestNG.java:1180)<br/>
                        org.testng.TestNG.runSuitesLocally(TestNG.java:1102)<br/>
                        org.testng.TestNG.runSuites(TestNG.java:1032)<br/>
                        org.testng.TestNG.run(TestNG.java:1000)<br/>
                        org.gradle.api.internal.tasks.testing.testng.TestNGTestClassProcessor.runTests(TestNGTestClassProcessor.java:141)<br/>
                        org.gradle.api.internal.tasks.testing.testng.TestNGTestClassProcessor.stop(TestNGTestClassProcessor.java:90)<br/>
                        org.gradle.api.internal.tasks.testing.SuiteTestClassProcessor.stop(SuiteTestClassProcessor.java:61)<br/>
                        sun.reflect.NativeMethodAccessorImpl.invoke0(Native Method)<br/>
                        sun.reflect.NativeMethodAccessorImpl.invoke(NativeMethodAccessorImpl.java:62)<br/>
                        sun.reflect.DelegatingMethodAccessorImpl.invoke(DelegatingMethodAccessorImpl.java:43)<br/>
                        java.lang.reflect.Method.invoke(Method.java:498)<br/>
                        org.gradle.internal.dispatch.ReflectionDispatch.dispatch(ReflectionDispatch.java:36)<br/>
                        org.gradle.internal.dispatch.ReflectionDispatch.dispatch(ReflectionDispatch.java:24)<br/>
                        org.gradle.internal.dispatch.ContextClassLoaderDispatch.dispatch(ContextClassLoaderDispatch.java:33)<br/>
                        org.gradle.internal.dispatch.ProxyDispatchAdapter$DispatchingInvocationHandler.invoke(ProxyDispatchAdapter.java:94)<br/>
                        com.sun.proxy.$Proxy2.stop(Unknown Source)<br/>
                        org.gradle.api.internal.tasks.testing.worker.TestWorker.stop(TestWorker.java:132)<br/>
                        sun.reflect.NativeMethodAccessorImpl.invoke0(Native Method)<br/>
                        sun.reflect.NativeMethodAccessorImpl.invoke(NativeMethodAccessorImpl.java:62)<br/>
                        sun.reflect.DelegatingMethodAccessorImpl.invoke(DelegatingMethodAccessorImpl.java:43)<br/>
                        java.lang.reflect.Method.invoke(Method.java:498)<br/>
                        org.gradle.internal.dispatch.ReflectionDispatch.dispatch(ReflectionDispatch.java:36)<br/>
                        org.gradle.internal.dispatch.ReflectionDispatch.dispatch(ReflectionDispatch.java:24)<br/>
                        org.gradle.internal.remote.internal.hub.MessageHubBackedObjectConnection$DispatchWrapper.dispatch(MessageHubBackedObjectConnection.java:182)<br/>
                        org.gradle.internal.remote.internal.hub.MessageHubBackedObjectConnection$DispatchWrapper.dispatch(MessageHubBackedObjectConnection.java:164)<br/>
                        org.gradle.internal.remote.internal.hub.MessageHub$Handler.run(MessageHub.java:412)<br/>
                        org.gradle.internal.concurrent.ExecutorPolicy$CatchAndRecordFailures.onExecute(ExecutorPolicy.java:64)<br/>
                        org.gradle.internal.concurrent.ManagedExecutorImpl$1.run(ManagedExecutorImpl.java:48)<br/>
                        java.util.concurrent.ThreadPoolExecutor.runWorker(ThreadPoolExecutor.java:1149)<br/>
                        java.util.concurrent.ThreadPoolExecutor$Worker.run(ThreadPoolExecutor.java:624)<br/>
                        org.gradle.internal.concurrent.ThreadFactoryImpl$ManagedThreadRunnable.run(ThreadFactoryImpl.java:56)<br/>
                        java.lang.Thread.run(Thread.java:748)<br/>
                </div>
        </td>
    </tr>
    <tr>
        <td class="method">
                Calculator_Division
        </td>
        <td class="duration">
            2.437s
        </td>
        <td class="result">
            <!-- Display the dependencies for skipped test methods -->

                <i>Method arguments: </i>
                <span class="arguments">
                    "30", "-5", "-6"
                </span>
                <br/>

            <!-- Show logger output for the test -->

                <a href="javascript:toggleElement('exception-14', 'block')"
                   title="Click to expand/collapse">
                    <b>org.openqa.selenium.TimeoutException: Expected condition failed: waiting for element found by By.xpath: //input[@class=&apos;result&apos;] to have value &quot;-6&quot;. Current value: &quot;6&quot; (tried for 2 second(s) with 500 milliseconds interval)<br/>
Build info: version: &apos;3.141.59&apos;, revision: &apos;e82be7d358&apos;, time: &apos;2018-11-14T08:17:03&apos;<br/>
System info: host: &apos;KB3MB0HM2L&apos;, ip: &apos;10.4.177.33&apos;, os.name: &apos;Windows 10&apos;, os.arch: &apos;amd64&apos;, os.version: &apos;10.0&apos;, java.version: &apos;1.8.0_191&apos;<br/>
Driver info: org.openqa.selenium.chrome.ChromeDriver<br/>
Capabilities {acceptInsecureCerts: true, browserName: chrome, browserVersion: 80.0.3987.122, chrome: {chromedriverVersion: 79.0.3945.36 (3582db32b3389..., userDataDir: C:\Users\dhawes01\AppData\L...}, goog:chromeOptions: {debuggerAddress: localhost:61487}, javascriptEnabled: true, networkConnectionEnabled: false, pageLoadStrategy: normal, platform: WINDOWS, platformName: WINDOWS, proxy: Proxy(), setWindowRect: true, strictFileInteractability: false, timeouts: {implicit: 0, pageLoad: 300000, script: 30000}, unhandledPromptBehavior: dismiss and notify}<br/>
Session ID: 41c3755be977ba57e875b863fcd64aa1</b>
                </a>
                <br/>
                <div class="stackTrace" id="exception-14">
                        org.openqa.selenium.support.ui.WebDriverWait.timeoutException(WebDriverWait.java:95)<br/>
                        org.openqa.selenium.support.ui.FluentWait.until(FluentWait.java:272)<br/>
                        Actions.CalculatorActions.VerifyResults(CalculatorActions.java:68)<br/>
                        TestCases.Calculator_UI.Calculator_Division(Calculator_UI.java:135)<br/>
                        sun.reflect.NativeMethodAccessorImpl.invoke0(Native Method)<br/>
                        sun.reflect.NativeMethodAccessorImpl.invoke(NativeMethodAccessorImpl.java:62)<br/>
                        sun.reflect.DelegatingMethodAccessorImpl.invoke(DelegatingMethodAccessorImpl.java:43)<br/>
                        java.lang.reflect.Method.invoke(Method.java:498)<br/>
                        org.testng.internal.MethodInvocationHelper.invokeMethod(MethodInvocationHelper.java:133)<br/>
                        org.testng.internal.TestInvoker.invokeMethod(TestInvoker.java:584)<br/>
                        org.testng.internal.TestInvoker.invokeTestMethod(TestInvoker.java:172)<br/>
                        org.testng.internal.MethodRunner.runInSequence(MethodRunner.java:46)<br/>
                        org.testng.internal.TestInvoker$MethodInvocationAgent.invoke(TestInvoker.java:804)<br/>
                        org.testng.internal.TestInvoker.invokeTestMethods(TestInvoker.java:145)<br/>
                        org.testng.internal.TestMethodWorker.invokeTestMethods(TestMethodWorker.java:146)<br/>
                        org.testng.internal.TestMethodWorker.run(TestMethodWorker.java:128)<br/>
                        java.util.ArrayList.forEach(ArrayList.java:1257)<br/>
                        org.testng.TestRunner.privateRun(TestRunner.java:770)<br/>
                        org.testng.TestRunner.run(TestRunner.java:591)<br/>
                        org.testng.SuiteRunner.runTest(SuiteRunner.java:402)<br/>
                        org.testng.SuiteRunner.runSequentially(SuiteRunner.java:396)<br/>
                        org.testng.SuiteRunner.privateRun(SuiteRunner.java:355)<br/>
                        org.testng.SuiteRunner.run(SuiteRunner.java:304)<br/>
                        org.testng.SuiteRunnerWorker.runSuite(SuiteRunnerWorker.java:53)<br/>
                        org.testng.SuiteRunnerWorker.run(SuiteRunnerWorker.java:96)<br/>
                        org.testng.TestNG.runSuitesSequentially(TestNG.java:1180)<br/>
                        org.testng.TestNG.runSuitesLocally(TestNG.java:1102)<br/>
                        org.testng.TestNG.runSuites(TestNG.java:1032)<br/>
                        org.testng.TestNG.run(TestNG.java:1000)<br/>
                        org.gradle.api.internal.tasks.testing.testng.TestNGTestClassProcessor.runTests(TestNGTestClassProcessor.java:141)<br/>
                        org.gradle.api.internal.tasks.testing.testng.TestNGTestClassProcessor.stop(TestNGTestClassProcessor.java:90)<br/>
                        org.gradle.api.internal.tasks.testing.SuiteTestClassProcessor.stop(SuiteTestClassProcessor.java:61)<br/>
                        sun.reflect.NativeMethodAccessorImpl.invoke0(Native Method)<br/>
                        sun.reflect.NativeMethodAccessorImpl.invoke(NativeMethodAccessorImpl.java:62)<br/>
                        sun.reflect.DelegatingMethodAccessorImpl.invoke(DelegatingMethodAccessorImpl.java:43)<br/>
                        java.lang.reflect.Method.invoke(Method.java:498)<br/>
                        org.gradle.internal.dispatch.ReflectionDispatch.dispatch(ReflectionDispatch.java:36)<br/>
                        org.gradle.internal.dispatch.ReflectionDispatch.dispatch(ReflectionDispatch.java:24)<br/>
                        org.gradle.internal.dispatch.ContextClassLoaderDispatch.dispatch(ContextClassLoaderDispatch.java:33)<br/>
                        org.gradle.internal.dispatch.ProxyDispatchAdapter$DispatchingInvocationHandler.invoke(ProxyDispatchAdapter.java:94)<br/>
                        com.sun.proxy.$Proxy2.stop(Unknown Source)<br/>
                        org.gradle.api.internal.tasks.testing.worker.TestWorker.stop(TestWorker.java:132)<br/>
                        sun.reflect.NativeMethodAccessorImpl.invoke0(Native Method)<br/>
                        sun.reflect.NativeMethodAccessorImpl.invoke(NativeMethodAccessorImpl.java:62)<br/>
                        sun.reflect.DelegatingMethodAccessorImpl.invoke(DelegatingMethodAccessorImpl.java:43)<br/>
                        java.lang.reflect.Method.invoke(Method.java:498)<br/>
                        org.gradle.internal.dispatch.ReflectionDispatch.dispatch(ReflectionDispatch.java:36)<br/>
                        org.gradle.internal.dispatch.ReflectionDispatch.dispatch(ReflectionDispatch.java:24)<br/>
                        org.gradle.internal.remote.internal.hub.MessageHubBackedObjectConnection$DispatchWrapper.dispatch(MessageHubBackedObjectConnection.java:182)<br/>
                        org.gradle.internal.remote.internal.hub.MessageHubBackedObjectConnection$DispatchWrapper.dispatch(MessageHubBackedObjectConnection.java:164)<br/>
                        org.gradle.internal.remote.internal.hub.MessageHub$Handler.run(MessageHub.java:412)<br/>
                        org.gradle.internal.concurrent.ExecutorPolicy$CatchAndRecordFailures.onExecute(ExecutorPolicy.java:64)<br/>
                        org.gradle.internal.concurrent.ManagedExecutorImpl$1.run(ManagedExecutorImpl.java:48)<br/>
                        java.util.concurrent.ThreadPoolExecutor.runWorker(ThreadPoolExecutor.java:1149)<br/>
                        java.util.concurrent.ThreadPoolExecutor$Worker.run(ThreadPoolExecutor.java:624)<br/>
                        org.gradle.internal.concurrent.ThreadFactoryImpl$ManagedThreadRunnable.run(ThreadFactoryImpl.java:56)<br/>
                        java.lang.Thread.run(Thread.java:748)<br/>
                </div>
        </td>
    </tr>
    <tr>
        <td class="method">
                Calculator_Division
        </td>
        <td class="duration">
            2.499s
        </td>
        <td class="result">
            <!-- Display the dependencies for skipped test methods -->

                <i>Method arguments: </i>
                <span class="arguments">
                    "ten", "2", "error"
                </span>
                <br/>

            <!-- Show logger output for the test -->

                <a href="javascript:toggleElement('exception-15', 'block')"
                   title="Click to expand/collapse">
                    <b>org.openqa.selenium.TimeoutException: Expected condition failed: waiting for element found by By.xpath: //input[@class=&apos;result&apos;] to have value &quot;error&quot;. Current value: &quot;8&quot; (tried for 2 second(s) with 500 milliseconds interval)<br/>
Build info: version: &apos;3.141.59&apos;, revision: &apos;e82be7d358&apos;, time: &apos;2018-11-14T08:17:03&apos;<br/>
System info: host: &apos;KB3MB0HM2L&apos;, ip: &apos;10.4.177.33&apos;, os.name: &apos;Windows 10&apos;, os.arch: &apos;amd64&apos;, os.version: &apos;10.0&apos;, java.version: &apos;1.8.0_191&apos;<br/>
Driver info: org.openqa.selenium.chrome.ChromeDriver<br/>
Capabilities {acceptInsecureCerts: true, browserName: chrome, browserVersion: 80.0.3987.122, chrome: {chromedriverVersion: 79.0.3945.36 (3582db32b3389..., userDataDir: C:\Users\dhawes01\AppData\L...}, goog:chromeOptions: {debuggerAddress: localhost:61487}, javascriptEnabled: true, networkConnectionEnabled: false, pageLoadStrategy: normal, platform: WINDOWS, platformName: WINDOWS, proxy: Proxy(), setWindowRect: true, strictFileInteractability: false, timeouts: {implicit: 0, pageLoad: 300000, script: 30000}, unhandledPromptBehavior: dismiss and notify}<br/>
Session ID: 41c3755be977ba57e875b863fcd64aa1</b>
                </a>
                <br/>
                <div class="stackTrace" id="exception-15">
                        org.openqa.selenium.support.ui.WebDriverWait.timeoutException(WebDriverWait.java:95)<br/>
                        org.openqa.selenium.support.ui.FluentWait.until(FluentWait.java:272)<br/>
                        Actions.CalculatorActions.VerifyResults(CalculatorActions.java:68)<br/>
                        TestCases.Calculator_UI.Calculator_Division(Calculator_UI.java:135)<br/>
                        sun.reflect.NativeMethodAccessorImpl.invoke0(Native Method)<br/>
                        sun.reflect.NativeMethodAccessorImpl.invoke(NativeMethodAccessorImpl.java:62)<br/>
                        sun.reflect.DelegatingMethodAccessorImpl.invoke(DelegatingMethodAccessorImpl.java:43)<br/>
                        java.lang.reflect.Method.invoke(Method.java:498)<br/>
                        org.testng.internal.MethodInvocationHelper.invokeMethod(MethodInvocationHelper.java:133)<br/>
                        org.testng.internal.TestInvoker.invokeMethod(TestInvoker.java:584)<br/>
                        org.testng.internal.TestInvoker.invokeTestMethod(TestInvoker.java:172)<br/>
                        org.testng.internal.MethodRunner.runInSequence(MethodRunner.java:46)<br/>
                        org.testng.internal.TestInvoker$MethodInvocationAgent.invoke(TestInvoker.java:804)<br/>
                        org.testng.internal.TestInvoker.invokeTestMethods(TestInvoker.java:145)<br/>
                        org.testng.internal.TestMethodWorker.invokeTestMethods(TestMethodWorker.java:146)<br/>
                        org.testng.internal.TestMethodWorker.run(TestMethodWorker.java:128)<br/>
                        java.util.ArrayList.forEach(ArrayList.java:1257)<br/>
                        org.testng.TestRunner.privateRun(TestRunner.java:770)<br/>
                        org.testng.TestRunner.run(TestRunner.java:591)<br/>
                        org.testng.SuiteRunner.runTest(SuiteRunner.java:402)<br/>
                        org.testng.SuiteRunner.runSequentially(SuiteRunner.java:396)<br/>
                        org.testng.SuiteRunner.privateRun(SuiteRunner.java:355)<br/>
                        org.testng.SuiteRunner.run(SuiteRunner.java:304)<br/>
                        org.testng.SuiteRunnerWorker.runSuite(SuiteRunnerWorker.java:53)<br/>
                        org.testng.SuiteRunnerWorker.run(SuiteRunnerWorker.java:96)<br/>
                        org.testng.TestNG.runSuitesSequentially(TestNG.java:1180)<br/>
                        org.testng.TestNG.runSuitesLocally(TestNG.java:1102)<br/>
                        org.testng.TestNG.runSuites(TestNG.java:1032)<br/>
                        org.testng.TestNG.run(TestNG.java:1000)<br/>
                        org.gradle.api.internal.tasks.testing.testng.TestNGTestClassProcessor.runTests(TestNGTestClassProcessor.java:141)<br/>
                        org.gradle.api.internal.tasks.testing.testng.TestNGTestClassProcessor.stop(TestNGTestClassProcessor.java:90)<br/>
                        org.gradle.api.internal.tasks.testing.SuiteTestClassProcessor.stop(SuiteTestClassProcessor.java:61)<br/>
                        sun.reflect.NativeMethodAccessorImpl.invoke0(Native Method)<br/>
                        sun.reflect.NativeMethodAccessorImpl.invoke(NativeMethodAccessorImpl.java:62)<br/>
                        sun.reflect.DelegatingMethodAccessorImpl.invoke(DelegatingMethodAccessorImpl.java:43)<br/>
                        java.lang.reflect.Method.invoke(Method.java:498)<br/>
                        org.gradle.internal.dispatch.ReflectionDispatch.dispatch(ReflectionDispatch.java:36)<br/>
                        org.gradle.internal.dispatch.ReflectionDispatch.dispatch(ReflectionDispatch.java:24)<br/>
                        org.gradle.internal.dispatch.ContextClassLoaderDispatch.dispatch(ContextClassLoaderDispatch.java:33)<br/>
                        org.gradle.internal.dispatch.ProxyDispatchAdapter$DispatchingInvocationHandler.invoke(ProxyDispatchAdapter.java:94)<br/>
                        com.sun.proxy.$Proxy2.stop(Unknown Source)<br/>
                        org.gradle.api.internal.tasks.testing.worker.TestWorker.stop(TestWorker.java:132)<br/>
                        sun.reflect.NativeMethodAccessorImpl.invoke0(Native Method)<br/>
                        sun.reflect.NativeMethodAccessorImpl.invoke(NativeMethodAccessorImpl.java:62)<br/>
                        sun.reflect.DelegatingMethodAccessorImpl.invoke(DelegatingMethodAccessorImpl.java:43)<br/>
                        java.lang.reflect.Method.invoke(Method.java:498)<br/>
                        org.gradle.internal.dispatch.ReflectionDispatch.dispatch(ReflectionDispatch.java:36)<br/>
                        org.gradle.internal.dispatch.ReflectionDispatch.dispatch(ReflectionDispatch.java:24)<br/>
                        org.gradle.internal.remote.internal.hub.MessageHubBackedObjectConnection$DispatchWrapper.dispatch(MessageHubBackedObjectConnection.java:182)<br/>
                        org.gradle.internal.remote.internal.hub.MessageHubBackedObjectConnection$DispatchWrapper.dispatch(MessageHubBackedObjectConnection.java:164)<br/>
                        org.gradle.internal.remote.internal.hub.MessageHub$Handler.run(MessageHub.java:412)<br/>
                        org.gradle.internal.concurrent.ExecutorPolicy$CatchAndRecordFailures.onExecute(ExecutorPolicy.java:64)<br/>
                        org.gradle.internal.concurrent.ManagedExecutorImpl$1.run(ManagedExecutorImpl.java:48)<br/>
                        java.util.concurrent.ThreadPoolExecutor.runWorker(ThreadPoolExecutor.java:1149)<br/>
                        java.util.concurrent.ThreadPoolExecutor$Worker.run(ThreadPoolExecutor.java:624)<br/>
                        org.gradle.internal.concurrent.ThreadFactoryImpl$ManagedThreadRunnable.run(ThreadFactoryImpl.java:56)<br/>
                        java.lang.Thread.run(Thread.java:748)<br/>
                </div>
        </td>
    </tr>
    <tr>
        <td class="method">
                Calculator_Division
        </td>
        <td class="duration">
            2.536s
        </td>
        <td class="result">
            <!-- Display the dependencies for skipped test methods -->

                <i>Method arguments: </i>
                <span class="arguments">
                    "2", "4", "0.5"
                </span>
                <br/>

            <!-- Show logger output for the test -->

                <a href="javascript:toggleElement('exception-16', 'block')"
                   title="Click to expand/collapse">
                    <b>org.openqa.selenium.TimeoutException: Expected condition failed: waiting for element found by By.xpath: //input[@class=&apos;result&apos;] to have value &quot;0.5&quot;. Current value: &quot;0&quot; (tried for 2 second(s) with 500 milliseconds interval)<br/>
Build info: version: &apos;3.141.59&apos;, revision: &apos;e82be7d358&apos;, time: &apos;2018-11-14T08:17:03&apos;<br/>
System info: host: &apos;KB3MB0HM2L&apos;, ip: &apos;10.4.177.33&apos;, os.name: &apos;Windows 10&apos;, os.arch: &apos;amd64&apos;, os.version: &apos;10.0&apos;, java.version: &apos;1.8.0_191&apos;<br/>
Driver info: org.openqa.selenium.chrome.ChromeDriver<br/>
Capabilities {acceptInsecureCerts: true, browserName: chrome, browserVersion: 80.0.3987.122, chrome: {chromedriverVersion: 79.0.3945.36 (3582db32b3389..., userDataDir: C:\Users\dhawes01\AppData\L...}, goog:chromeOptions: {debuggerAddress: localhost:61487}, javascriptEnabled: true, networkConnectionEnabled: false, pageLoadStrategy: normal, platform: WINDOWS, platformName: WINDOWS, proxy: Proxy(), setWindowRect: true, strictFileInteractability: false, timeouts: {implicit: 0, pageLoad: 300000, script: 30000}, unhandledPromptBehavior: dismiss and notify}<br/>
Session ID: 41c3755be977ba57e875b863fcd64aa1</b>
                </a>
                <br/>
                <div class="stackTrace" id="exception-16">
                        org.openqa.selenium.support.ui.WebDriverWait.timeoutException(WebDriverWait.java:95)<br/>
                        org.openqa.selenium.support.ui.FluentWait.until(FluentWait.java:272)<br/>
                        Actions.CalculatorActions.VerifyResults(CalculatorActions.java:68)<br/>
                        TestCases.Calculator_UI.Calculator_Division(Calculator_UI.java:135)<br/>
                        sun.reflect.NativeMethodAccessorImpl.invoke0(Native Method)<br/>
                        sun.reflect.NativeMethodAccessorImpl.invoke(NativeMethodAccessorImpl.java:62)<br/>
                        sun.reflect.DelegatingMethodAccessorImpl.invoke(DelegatingMethodAccessorImpl.java:43)<br/>
                        java.lang.reflect.Method.invoke(Method.java:498)<br/>
                        org.testng.internal.MethodInvocationHelper.invokeMethod(MethodInvocationHelper.java:133)<br/>
                        org.testng.internal.TestInvoker.invokeMethod(TestInvoker.java:584)<br/>
                        org.testng.internal.TestInvoker.invokeTestMethod(TestInvoker.java:172)<br/>
                        org.testng.internal.MethodRunner.runInSequence(MethodRunner.java:46)<br/>
                        org.testng.internal.TestInvoker$MethodInvocationAgent.invoke(TestInvoker.java:804)<br/>
                        org.testng.internal.TestInvoker.invokeTestMethods(TestInvoker.java:145)<br/>
                        org.testng.internal.TestMethodWorker.invokeTestMethods(TestMethodWorker.java:146)<br/>
                        org.testng.internal.TestMethodWorker.run(TestMethodWorker.java:128)<br/>
                        java.util.ArrayList.forEach(ArrayList.java:1257)<br/>
                        org.testng.TestRunner.privateRun(TestRunner.java:770)<br/>
                        org.testng.TestRunner.run(TestRunner.java:591)<br/>
                        org.testng.SuiteRunner.runTest(SuiteRunner.java:402)<br/>
                        org.testng.SuiteRunner.runSequentially(SuiteRunner.java:396)<br/>
                        org.testng.SuiteRunner.privateRun(SuiteRunner.java:355)<br/>
                        org.testng.SuiteRunner.run(SuiteRunner.java:304)<br/>
                        org.testng.SuiteRunnerWorker.runSuite(SuiteRunnerWorker.java:53)<br/>
                        org.testng.SuiteRunnerWorker.run(SuiteRunnerWorker.java:96)<br/>
                        org.testng.TestNG.runSuitesSequentially(TestNG.java:1180)<br/>
                        org.testng.TestNG.runSuitesLocally(TestNG.java:1102)<br/>
                        org.testng.TestNG.runSuites(TestNG.java:1032)<br/>
                        org.testng.TestNG.run(TestNG.java:1000)<br/>
                        org.gradle.api.internal.tasks.testing.testng.TestNGTestClassProcessor.runTests(TestNGTestClassProcessor.java:141)<br/>
                        org.gradle.api.internal.tasks.testing.testng.TestNGTestClassProcessor.stop(TestNGTestClassProcessor.java:90)<br/>
                        org.gradle.api.internal.tasks.testing.SuiteTestClassProcessor.stop(SuiteTestClassProcessor.java:61)<br/>
                        sun.reflect.NativeMethodAccessorImpl.invoke0(Native Method)<br/>
                        sun.reflect.NativeMethodAccessorImpl.invoke(NativeMethodAccessorImpl.java:62)<br/>
                        sun.reflect.DelegatingMethodAccessorImpl.invoke(DelegatingMethodAccessorImpl.java:43)<br/>
                        java.lang.reflect.Method.invoke(Method.java:498)<br/>
                        org.gradle.internal.dispatch.ReflectionDispatch.dispatch(ReflectionDispatch.java:36)<br/>
                        org.gradle.internal.dispatch.ReflectionDispatch.dispatch(ReflectionDispatch.java:24)<br/>
                        org.gradle.internal.dispatch.ContextClassLoaderDispatch.dispatch(ContextClassLoaderDispatch.java:33)<br/>
                        org.gradle.internal.dispatch.ProxyDispatchAdapter$DispatchingInvocationHandler.invoke(ProxyDispatchAdapter.java:94)<br/>
                        com.sun.proxy.$Proxy2.stop(Unknown Source)<br/>
                        org.gradle.api.internal.tasks.testing.worker.TestWorker.stop(TestWorker.java:132)<br/>
                        sun.reflect.NativeMethodAccessorImpl.invoke0(Native Method)<br/>
                        sun.reflect.NativeMethodAccessorImpl.invoke(NativeMethodAccessorImpl.java:62)<br/>
                        sun.reflect.DelegatingMethodAccessorImpl.invoke(DelegatingMethodAccessorImpl.java:43)<br/>
                        java.lang.reflect.Method.invoke(Method.java:498)<br/>
                        org.gradle.internal.dispatch.ReflectionDispatch.dispatch(ReflectionDispatch.java:36)<br/>
                        org.gradle.internal.dispatch.ReflectionDispatch.dispatch(ReflectionDispatch.java:24)<br/>
                        org.gradle.internal.remote.internal.hub.MessageHubBackedObjectConnection$DispatchWrapper.dispatch(MessageHubBackedObjectConnection.java:182)<br/>
                        org.gradle.internal.remote.internal.hub.MessageHubBackedObjectConnection$DispatchWrapper.dispatch(MessageHubBackedObjectConnection.java:164)<br/>
                        org.gradle.internal.remote.internal.hub.MessageHub$Handler.run(MessageHub.java:412)<br/>
                        org.gradle.internal.concurrent.ExecutorPolicy$CatchAndRecordFailures.onExecute(ExecutorPolicy.java:64)<br/>
                        org.gradle.internal.concurrent.ManagedExecutorImpl$1.run(ManagedExecutorImpl.java:48)<br/>
                        java.util.concurrent.ThreadPoolExecutor.runWorker(ThreadPoolExecutor.java:1149)<br/>
                        java.util.concurrent.ThreadPoolExecutor$Worker.run(ThreadPoolExecutor.java:624)<br/>
                        org.gradle.internal.concurrent.ThreadFactoryImpl$ManagedThreadRunnable.run(ThreadFactoryImpl.java:56)<br/>
                        java.lang.Thread.run(Thread.java:748)<br/>
                </div>
        </td>
    </tr>
    <tr>
        <td class="method">
                Calculator_Division
        </td>
        <td class="duration">
            2.451s
        </td>
        <td class="result">
            <!-- Display the dependencies for skipped test methods -->

                <i>Method arguments: </i>
                <span class="arguments">
                    "1e2", "3", "33.33"
                </span>
                <br/>

            <!-- Show logger output for the test -->

                <a href="javascript:toggleElement('exception-17', 'block')"
                   title="Click to expand/collapse">
                    <b>org.openqa.selenium.TimeoutException: Expected condition failed: waiting for element found by By.xpath: //input[@class=&apos;result&apos;] to have value &quot;33.33&quot;. Current value: &quot;33&quot; (tried for 2 second(s) with 500 milliseconds interval)<br/>
Build info: version: &apos;3.141.59&apos;, revision: &apos;e82be7d358&apos;, time: &apos;2018-11-14T08:17:03&apos;<br/>
System info: host: &apos;KB3MB0HM2L&apos;, ip: &apos;10.4.177.33&apos;, os.name: &apos;Windows 10&apos;, os.arch: &apos;amd64&apos;, os.version: &apos;10.0&apos;, java.version: &apos;1.8.0_191&apos;<br/>
Driver info: org.openqa.selenium.chrome.ChromeDriver<br/>
Capabilities {acceptInsecureCerts: true, browserName: chrome, browserVersion: 80.0.3987.122, chrome: {chromedriverVersion: 79.0.3945.36 (3582db32b3389..., userDataDir: C:\Users\dhawes01\AppData\L...}, goog:chromeOptions: {debuggerAddress: localhost:61487}, javascriptEnabled: true, networkConnectionEnabled: false, pageLoadStrategy: normal, platform: WINDOWS, platformName: WINDOWS, proxy: Proxy(), setWindowRect: true, strictFileInteractability: false, timeouts: {implicit: 0, pageLoad: 300000, script: 30000}, unhandledPromptBehavior: dismiss and notify}<br/>
Session ID: 41c3755be977ba57e875b863fcd64aa1</b>
                </a>
                <br/>
                <div class="stackTrace" id="exception-17">
                        org.openqa.selenium.support.ui.WebDriverWait.timeoutException(WebDriverWait.java:95)<br/>
                        org.openqa.selenium.support.ui.FluentWait.until(FluentWait.java:272)<br/>
                        Actions.CalculatorActions.VerifyResults(CalculatorActions.java:68)<br/>
                        TestCases.Calculator_UI.Calculator_Division(Calculator_UI.java:135)<br/>
                        sun.reflect.NativeMethodAccessorImpl.invoke0(Native Method)<br/>
                        sun.reflect.NativeMethodAccessorImpl.invoke(NativeMethodAccessorImpl.java:62)<br/>
                        sun.reflect.DelegatingMethodAccessorImpl.invoke(DelegatingMethodAccessorImpl.java:43)<br/>
                        java.lang.reflect.Method.invoke(Method.java:498)<br/>
                        org.testng.internal.MethodInvocationHelper.invokeMethod(MethodInvocationHelper.java:133)<br/>
                        org.testng.internal.TestInvoker.invokeMethod(TestInvoker.java:584)<br/>
                        org.testng.internal.TestInvoker.invokeTestMethod(TestInvoker.java:172)<br/>
                        org.testng.internal.MethodRunner.runInSequence(MethodRunner.java:46)<br/>
                        org.testng.internal.TestInvoker$MethodInvocationAgent.invoke(TestInvoker.java:804)<br/>
                        org.testng.internal.TestInvoker.invokeTestMethods(TestInvoker.java:145)<br/>
                        org.testng.internal.TestMethodWorker.invokeTestMethods(TestMethodWorker.java:146)<br/>
                        org.testng.internal.TestMethodWorker.run(TestMethodWorker.java:128)<br/>
                        java.util.ArrayList.forEach(ArrayList.java:1257)<br/>
                        org.testng.TestRunner.privateRun(TestRunner.java:770)<br/>
                        org.testng.TestRunner.run(TestRunner.java:591)<br/>
                        org.testng.SuiteRunner.runTest(SuiteRunner.java:402)<br/>
                        org.testng.SuiteRunner.runSequentially(SuiteRunner.java:396)<br/>
                        org.testng.SuiteRunner.privateRun(SuiteRunner.java:355)<br/>
                        org.testng.SuiteRunner.run(SuiteRunner.java:304)<br/>
                        org.testng.SuiteRunnerWorker.runSuite(SuiteRunnerWorker.java:53)<br/>
                        org.testng.SuiteRunnerWorker.run(SuiteRunnerWorker.java:96)<br/>
                        org.testng.TestNG.runSuitesSequentially(TestNG.java:1180)<br/>
                        org.testng.TestNG.runSuitesLocally(TestNG.java:1102)<br/>
                        org.testng.TestNG.runSuites(TestNG.java:1032)<br/>
                        org.testng.TestNG.run(TestNG.java:1000)<br/>
                        org.gradle.api.internal.tasks.testing.testng.TestNGTestClassProcessor.runTests(TestNGTestClassProcessor.java:141)<br/>
                        org.gradle.api.internal.tasks.testing.testng.TestNGTestClassProcessor.stop(TestNGTestClassProcessor.java:90)<br/>
                        org.gradle.api.internal.tasks.testing.SuiteTestClassProcessor.stop(SuiteTestClassProcessor.java:61)<br/>
                        sun.reflect.NativeMethodAccessorImpl.invoke0(Native Method)<br/>
                        sun.reflect.NativeMethodAccessorImpl.invoke(NativeMethodAccessorImpl.java:62)<br/>
                        sun.reflect.DelegatingMethodAccessorImpl.invoke(DelegatingMethodAccessorImpl.java:43)<br/>
                        java.lang.reflect.Method.invoke(Method.java:498)<br/>
                        org.gradle.internal.dispatch.ReflectionDispatch.dispatch(ReflectionDispatch.java:36)<br/>
                        org.gradle.internal.dispatch.ReflectionDispatch.dispatch(ReflectionDispatch.java:24)<br/>
                        org.gradle.internal.dispatch.ContextClassLoaderDispatch.dispatch(ContextClassLoaderDispatch.java:33)<br/>
                        org.gradle.internal.dispatch.ProxyDispatchAdapter$DispatchingInvocationHandler.invoke(ProxyDispatchAdapter.java:94)<br/>
                        com.sun.proxy.$Proxy2.stop(Unknown Source)<br/>
                        org.gradle.api.internal.tasks.testing.worker.TestWorker.stop(TestWorker.java:132)<br/>
                        sun.reflect.NativeMethodAccessorImpl.invoke0(Native Method)<br/>
                        sun.reflect.NativeMethodAccessorImpl.invoke(NativeMethodAccessorImpl.java:62)<br/>
                        sun.reflect.DelegatingMethodAccessorImpl.invoke(DelegatingMethodAccessorImpl.java:43)<br/>
                        java.lang.reflect.Method.invoke(Method.java:498)<br/>
                        org.gradle.internal.dispatch.ReflectionDispatch.dispatch(ReflectionDispatch.java:36)<br/>
                        org.gradle.internal.dispatch.ReflectionDispatch.dispatch(ReflectionDispatch.java:24)<br/>
                        org.gradle.internal.remote.internal.hub.MessageHubBackedObjectConnection$DispatchWrapper.dispatch(MessageHubBackedObjectConnection.java:182)<br/>
                        org.gradle.internal.remote.internal.hub.MessageHubBackedObjectConnection$DispatchWrapper.dispatch(MessageHubBackedObjectConnection.java:164)<br/>
                        org.gradle.internal.remote.internal.hub.MessageHub$Handler.run(MessageHub.java:412)<br/>
                        org.gradle.internal.concurrent.ExecutorPolicy$CatchAndRecordFailures.onExecute(ExecutorPolicy.java:64)<br/>
                        org.gradle.internal.concurrent.ManagedExecutorImpl$1.run(ManagedExecutorImpl.java:48)<br/>
                        java.util.concurrent.ThreadPoolExecutor.runWorker(ThreadPoolExecutor.java:1149)<br/>
                        java.util.concurrent.ThreadPoolExecutor$Worker.run(ThreadPoolExecutor.java:624)<br/>
                        org.gradle.internal.concurrent.ThreadFactoryImpl$ManagedThreadRunnable.run(ThreadFactoryImpl.java:56)<br/>
                        java.lang.Thread.run(Thread.java:748)<br/>
                </div>
        </td>
    </tr>
    <tr>
        <td class="method">
                Calculator_Division
        </td>
        <td class="duration">
            2.579s
        </td>
        <td class="result">
            <!-- Display the dependencies for skipped test methods -->

                <i>Method arguments: </i>
                <span class="arguments">
                    "2", "3e2", "600"
                </span>
                <br/>

            <!-- Show logger output for the test -->

                <a href="javascript:toggleElement('exception-18', 'block')"
                   title="Click to expand/collapse">
                    <b>org.openqa.selenium.TimeoutException: Expected condition failed: waiting for element found by By.xpath: //input[@class=&apos;result&apos;] to have value &quot;600&quot;. Current value: &quot;0&quot; (tried for 2 second(s) with 500 milliseconds interval)<br/>
Build info: version: &apos;3.141.59&apos;, revision: &apos;e82be7d358&apos;, time: &apos;2018-11-14T08:17:03&apos;<br/>
System info: host: &apos;KB3MB0HM2L&apos;, ip: &apos;10.4.177.33&apos;, os.name: &apos;Windows 10&apos;, os.arch: &apos;amd64&apos;, os.version: &apos;10.0&apos;, java.version: &apos;1.8.0_191&apos;<br/>
Driver info: org.openqa.selenium.chrome.ChromeDriver<br/>
Capabilities {acceptInsecureCerts: true, browserName: chrome, browserVersion: 80.0.3987.122, chrome: {chromedriverVersion: 79.0.3945.36 (3582db32b3389..., userDataDir: C:\Users\dhawes01\AppData\L...}, goog:chromeOptions: {debuggerAddress: localhost:61487}, javascriptEnabled: true, networkConnectionEnabled: false, pageLoadStrategy: normal, platform: WINDOWS, platformName: WINDOWS, proxy: Proxy(), setWindowRect: true, strictFileInteractability: false, timeouts: {implicit: 0, pageLoad: 300000, script: 30000}, unhandledPromptBehavior: dismiss and notify}<br/>
Session ID: 41c3755be977ba57e875b863fcd64aa1</b>
                </a>
                <br/>
                <div class="stackTrace" id="exception-18">
                        org.openqa.selenium.support.ui.WebDriverWait.timeoutException(WebDriverWait.java:95)<br/>
                        org.openqa.selenium.support.ui.FluentWait.until(FluentWait.java:272)<br/>
                        Actions.CalculatorActions.VerifyResults(CalculatorActions.java:68)<br/>
                        TestCases.Calculator_UI.Calculator_Division(Calculator_UI.java:135)<br/>
                        sun.reflect.NativeMethodAccessorImpl.invoke0(Native Method)<br/>
                        sun.reflect.NativeMethodAccessorImpl.invoke(NativeMethodAccessorImpl.java:62)<br/>
                        sun.reflect.DelegatingMethodAccessorImpl.invoke(DelegatingMethodAccessorImpl.java:43)<br/>
                        java.lang.reflect.Method.invoke(Method.java:498)<br/>
                        org.testng.internal.MethodInvocationHelper.invokeMethod(MethodInvocationHelper.java:133)<br/>
                        org.testng.internal.TestInvoker.invokeMethod(TestInvoker.java:584)<br/>
                        org.testng.internal.TestInvoker.invokeTestMethod(TestInvoker.java:172)<br/>
                        org.testng.internal.MethodRunner.runInSequence(MethodRunner.java:46)<br/>
                        org.testng.internal.TestInvoker$MethodInvocationAgent.invoke(TestInvoker.java:804)<br/>
                        org.testng.internal.TestInvoker.invokeTestMethods(TestInvoker.java:145)<br/>
                        org.testng.internal.TestMethodWorker.invokeTestMethods(TestMethodWorker.java:146)<br/>
                        org.testng.internal.TestMethodWorker.run(TestMethodWorker.java:128)<br/>
                        java.util.ArrayList.forEach(ArrayList.java:1257)<br/>
                        org.testng.TestRunner.privateRun(TestRunner.java:770)<br/>
                        org.testng.TestRunner.run(TestRunner.java:591)<br/>
                        org.testng.SuiteRunner.runTest(SuiteRunner.java:402)<br/>
                        org.testng.SuiteRunner.runSequentially(SuiteRunner.java:396)<br/>
                        org.testng.SuiteRunner.privateRun(SuiteRunner.java:355)<br/>
                        org.testng.SuiteRunner.run(SuiteRunner.java:304)<br/>
                        org.testng.SuiteRunnerWorker.runSuite(SuiteRunnerWorker.java:53)<br/>
                        org.testng.SuiteRunnerWorker.run(SuiteRunnerWorker.java:96)<br/>
                        org.testng.TestNG.runSuitesSequentially(TestNG.java:1180)<br/>
                        org.testng.TestNG.runSuitesLocally(TestNG.java:1102)<br/>
                        org.testng.TestNG.runSuites(TestNG.java:1032)<br/>
                        org.testng.TestNG.run(TestNG.java:1000)<br/>
                        org.gradle.api.internal.tasks.testing.testng.TestNGTestClassProcessor.runTests(TestNGTestClassProcessor.java:141)<br/>
                        org.gradle.api.internal.tasks.testing.testng.TestNGTestClassProcessor.stop(TestNGTestClassProcessor.java:90)<br/>
                        org.gradle.api.internal.tasks.testing.SuiteTestClassProcessor.stop(SuiteTestClassProcessor.java:61)<br/>
                        sun.reflect.NativeMethodAccessorImpl.invoke0(Native Method)<br/>
                        sun.reflect.NativeMethodAccessorImpl.invoke(NativeMethodAccessorImpl.java:62)<br/>
                        sun.reflect.DelegatingMethodAccessorImpl.invoke(DelegatingMethodAccessorImpl.java:43)<br/>
                        java.lang.reflect.Method.invoke(Method.java:498)<br/>
                        org.gradle.internal.dispatch.ReflectionDispatch.dispatch(ReflectionDispatch.java:36)<br/>
                        org.gradle.internal.dispatch.ReflectionDispatch.dispatch(ReflectionDispatch.java:24)<br/>
                        org.gradle.internal.dispatch.ContextClassLoaderDispatch.dispatch(ContextClassLoaderDispatch.java:33)<br/>
                        org.gradle.internal.dispatch.ProxyDispatchAdapter$DispatchingInvocationHandler.invoke(ProxyDispatchAdapter.java:94)<br/>
                        com.sun.proxy.$Proxy2.stop(Unknown Source)<br/>
                        org.gradle.api.internal.tasks.testing.worker.TestWorker.stop(TestWorker.java:132)<br/>
                        sun.reflect.NativeMethodAccessorImpl.invoke0(Native Method)<br/>
                        sun.reflect.NativeMethodAccessorImpl.invoke(NativeMethodAccessorImpl.java:62)<br/>
                        sun.reflect.DelegatingMethodAccessorImpl.invoke(DelegatingMethodAccessorImpl.java:43)<br/>
                        java.lang.reflect.Method.invoke(Method.java:498)<br/>
                        org.gradle.internal.dispatch.ReflectionDispatch.dispatch(ReflectionDispatch.java:36)<br/>
                        org.gradle.internal.dispatch.ReflectionDispatch.dispatch(ReflectionDispatch.java:24)<br/>
                        org.gradle.internal.remote.internal.hub.MessageHubBackedObjectConnection$DispatchWrapper.dispatch(MessageHubBackedObjectConnection.java:182)<br/>
                        org.gradle.internal.remote.internal.hub.MessageHubBackedObjectConnection$DispatchWrapper.dispatch(MessageHubBackedObjectConnection.java:164)<br/>
                        org.gradle.internal.remote.internal.hub.MessageHub$Handler.run(MessageHub.java:412)<br/>
                        org.gradle.internal.concurrent.ExecutorPolicy$CatchAndRecordFailures.onExecute(ExecutorPolicy.java:64)<br/>
                        org.gradle.internal.concurrent.ManagedExecutorImpl$1.run(ManagedExecutorImpl.java:48)<br/>
                        java.util.concurrent.ThreadPoolExecutor.runWorker(ThreadPoolExecutor.java:1149)<br/>
                        java.util.concurrent.ThreadPoolExecutor$Worker.run(ThreadPoolExecutor.java:624)<br/>
                        org.gradle.internal.concurrent.ThreadFactoryImpl$ManagedThreadRunnable.run(ThreadFactoryImpl.java:56)<br/>
                        java.lang.Thread.run(Thread.java:748)<br/>
                </div>
        </td>
    </tr>
    <tr>
        <td class="method">
                Calculator_Multiplication
        </td>
        <td class="duration">
            2.419s
        </td>
        <td class="result">
            <!-- Display the dependencies for skipped test methods -->

                <i>Method arguments: </i>
                <span class="arguments">
                    "-8", "5", "-40"
                </span>
                <br/>

            <!-- Show logger output for the test -->

                <a href="javascript:toggleElement('exception-19', 'block')"
                   title="Click to expand/collapse">
                    <b>org.openqa.selenium.TimeoutException: Expected condition failed: waiting for element found by By.xpath: //input[@class=&apos;result&apos;] to have value &quot;-40&quot;. Current value: &quot;40&quot; (tried for 2 second(s) with 500 milliseconds interval)<br/>
Build info: version: &apos;3.141.59&apos;, revision: &apos;e82be7d358&apos;, time: &apos;2018-11-14T08:17:03&apos;<br/>
System info: host: &apos;KB3MB0HM2L&apos;, ip: &apos;10.4.177.33&apos;, os.name: &apos;Windows 10&apos;, os.arch: &apos;amd64&apos;, os.version: &apos;10.0&apos;, java.version: &apos;1.8.0_191&apos;<br/>
Driver info: org.openqa.selenium.chrome.ChromeDriver<br/>
Capabilities {acceptInsecureCerts: true, browserName: chrome, browserVersion: 80.0.3987.122, chrome: {chromedriverVersion: 79.0.3945.36 (3582db32b3389..., userDataDir: C:\Users\dhawes01\AppData\L...}, goog:chromeOptions: {debuggerAddress: localhost:61487}, javascriptEnabled: true, networkConnectionEnabled: false, pageLoadStrategy: normal, platform: WINDOWS, platformName: WINDOWS, proxy: Proxy(), setWindowRect: true, strictFileInteractability: false, timeouts: {implicit: 0, pageLoad: 300000, script: 30000}, unhandledPromptBehavior: dismiss and notify}<br/>
Session ID: 41c3755be977ba57e875b863fcd64aa1</b>
                </a>
                <br/>
                <div class="stackTrace" id="exception-19">
                        org.openqa.selenium.support.ui.WebDriverWait.timeoutException(WebDriverWait.java:95)<br/>
                        org.openqa.selenium.support.ui.FluentWait.until(FluentWait.java:272)<br/>
                        Actions.CalculatorActions.VerifyResults(CalculatorActions.java:68)<br/>
                        TestCases.Calculator_UI.Calculator_Multiplication(Calculator_UI.java:109)<br/>
                        sun.reflect.NativeMethodAccessorImpl.invoke0(Native Method)<br/>
                        sun.reflect.NativeMethodAccessorImpl.invoke(NativeMethodAccessorImpl.java:62)<br/>
                        sun.reflect.DelegatingMethodAccessorImpl.invoke(DelegatingMethodAccessorImpl.java:43)<br/>
                        java.lang.reflect.Method.invoke(Method.java:498)<br/>
                        org.testng.internal.MethodInvocationHelper.invokeMethod(MethodInvocationHelper.java:133)<br/>
                        org.testng.internal.TestInvoker.invokeMethod(TestInvoker.java:584)<br/>
                        org.testng.internal.TestInvoker.invokeTestMethod(TestInvoker.java:172)<br/>
                        org.testng.internal.MethodRunner.runInSequence(MethodRunner.java:46)<br/>
                        org.testng.internal.TestInvoker$MethodInvocationAgent.invoke(TestInvoker.java:804)<br/>
                        org.testng.internal.TestInvoker.invokeTestMethods(TestInvoker.java:145)<br/>
                        org.testng.internal.TestMethodWorker.invokeTestMethods(TestMethodWorker.java:146)<br/>
                        org.testng.internal.TestMethodWorker.run(TestMethodWorker.java:128)<br/>
                        java.util.ArrayList.forEach(ArrayList.java:1257)<br/>
                        org.testng.TestRunner.privateRun(TestRunner.java:770)<br/>
                        org.testng.TestRunner.run(TestRunner.java:591)<br/>
                        org.testng.SuiteRunner.runTest(SuiteRunner.java:402)<br/>
                        org.testng.SuiteRunner.runSequentially(SuiteRunner.java:396)<br/>
                        org.testng.SuiteRunner.privateRun(SuiteRunner.java:355)<br/>
                        org.testng.SuiteRunner.run(SuiteRunner.java:304)<br/>
                        org.testng.SuiteRunnerWorker.runSuite(SuiteRunnerWorker.java:53)<br/>
                        org.testng.SuiteRunnerWorker.run(SuiteRunnerWorker.java:96)<br/>
                        org.testng.TestNG.runSuitesSequentially(TestNG.java:1180)<br/>
                        org.testng.TestNG.runSuitesLocally(TestNG.java:1102)<br/>
                        org.testng.TestNG.runSuites(TestNG.java:1032)<br/>
                        org.testng.TestNG.run(TestNG.java:1000)<br/>
                        org.gradle.api.internal.tasks.testing.testng.TestNGTestClassProcessor.runTests(TestNGTestClassProcessor.java:141)<br/>
                        org.gradle.api.internal.tasks.testing.testng.TestNGTestClassProcessor.stop(TestNGTestClassProcessor.java:90)<br/>
                        org.gradle.api.internal.tasks.testing.SuiteTestClassProcessor.stop(SuiteTestClassProcessor.java:61)<br/>
                        sun.reflect.NativeMethodAccessorImpl.invoke0(Native Method)<br/>
                        sun.reflect.NativeMethodAccessorImpl.invoke(NativeMethodAccessorImpl.java:62)<br/>
                        sun.reflect.DelegatingMethodAccessorImpl.invoke(DelegatingMethodAccessorImpl.java:43)<br/>
                        java.lang.reflect.Method.invoke(Method.java:498)<br/>
                        org.gradle.internal.dispatch.ReflectionDispatch.dispatch(ReflectionDispatch.java:36)<br/>
                        org.gradle.internal.dispatch.ReflectionDispatch.dispatch(ReflectionDispatch.java:24)<br/>
                        org.gradle.internal.dispatch.ContextClassLoaderDispatch.dispatch(ContextClassLoaderDispatch.java:33)<br/>
                        org.gradle.internal.dispatch.ProxyDispatchAdapter$DispatchingInvocationHandler.invoke(ProxyDispatchAdapter.java:94)<br/>
                        com.sun.proxy.$Proxy2.stop(Unknown Source)<br/>
                        org.gradle.api.internal.tasks.testing.worker.TestWorker.stop(TestWorker.java:132)<br/>
                        sun.reflect.NativeMethodAccessorImpl.invoke0(Native Method)<br/>
                        sun.reflect.NativeMethodAccessorImpl.invoke(NativeMethodAccessorImpl.java:62)<br/>
                        sun.reflect.DelegatingMethodAccessorImpl.invoke(DelegatingMethodAccessorImpl.java:43)<br/>
                        java.lang.reflect.Method.invoke(Method.java:498)<br/>
                        org.gradle.internal.dispatch.ReflectionDispatch.dispatch(ReflectionDispatch.java:36)<br/>
                        org.gradle.internal.dispatch.ReflectionDispatch.dispatch(ReflectionDispatch.java:24)<br/>
                        org.gradle.internal.remote.internal.hub.MessageHubBackedObjectConnection$DispatchWrapper.dispatch(MessageHubBackedObjectConnection.java:182)<br/>
                        org.gradle.internal.remote.internal.hub.MessageHubBackedObjectConnection$DispatchWrapper.dispatch(MessageHubBackedObjectConnection.java:164)<br/>
                        org.gradle.internal.remote.internal.hub.MessageHub$Handler.run(MessageHub.java:412)<br/>
                        org.gradle.internal.concurrent.ExecutorPolicy$CatchAndRecordFailures.onExecute(ExecutorPolicy.java:64)<br/>
                        org.gradle.internal.concurrent.ManagedExecutorImpl$1.run(ManagedExecutorImpl.java:48)<br/>
                        java.util.concurrent.ThreadPoolExecutor.runWorker(ThreadPoolExecutor.java:1149)<br/>
                        java.util.concurrent.ThreadPoolExecutor$Worker.run(ThreadPoolExecutor.java:624)<br/>
                        org.gradle.internal.concurrent.ThreadFactoryImpl$ManagedThreadRunnable.run(ThreadFactoryImpl.java:56)<br/>
                        java.lang.Thread.run(Thread.java:748)<br/>
                </div>
        </td>
    </tr>
    <tr>
        <td class="method">
                Calculator_Multiplication
        </td>
        <td class="duration">
            2.424s
        </td>
        <td class="result">
            <!-- Display the dependencies for skipped test methods -->

                <i>Method arguments: </i>
                <span class="arguments">
                    "8", "6.5", "52"
                </span>
                <br/>

            <!-- Show logger output for the test -->

                <a href="javascript:toggleElement('exception-20', 'block')"
                   title="Click to expand/collapse">
                    <b>org.openqa.selenium.TimeoutException: Expected condition failed: waiting for element found by By.xpath: //input[@class=&apos;result&apos;] to have value &quot;52&quot;. Current value: &quot;600&quot; (tried for 2 second(s) with 500 milliseconds interval)<br/>
Build info: version: &apos;3.141.59&apos;, revision: &apos;e82be7d358&apos;, time: &apos;2018-11-14T08:17:03&apos;<br/>
System info: host: &apos;KB3MB0HM2L&apos;, ip: &apos;10.4.177.33&apos;, os.name: &apos;Windows 10&apos;, os.arch: &apos;amd64&apos;, os.version: &apos;10.0&apos;, java.version: &apos;1.8.0_191&apos;<br/>
Driver info: org.openqa.selenium.chrome.ChromeDriver<br/>
Capabilities {acceptInsecureCerts: true, browserName: chrome, browserVersion: 80.0.3987.122, chrome: {chromedriverVersion: 79.0.3945.36 (3582db32b3389..., userDataDir: C:\Users\dhawes01\AppData\L...}, goog:chromeOptions: {debuggerAddress: localhost:61487}, javascriptEnabled: true, networkConnectionEnabled: false, pageLoadStrategy: normal, platform: WINDOWS, platformName: WINDOWS, proxy: Proxy(), setWindowRect: true, strictFileInteractability: false, timeouts: {implicit: 0, pageLoad: 300000, script: 30000}, unhandledPromptBehavior: dismiss and notify}<br/>
Session ID: 41c3755be977ba57e875b863fcd64aa1</b>
                </a>
                <br/>
                <div class="stackTrace" id="exception-20">
                        org.openqa.selenium.support.ui.WebDriverWait.timeoutException(WebDriverWait.java:95)<br/>
                        org.openqa.selenium.support.ui.FluentWait.until(FluentWait.java:272)<br/>
                        Actions.CalculatorActions.VerifyResults(CalculatorActions.java:68)<br/>
                        TestCases.Calculator_UI.Calculator_Multiplication(Calculator_UI.java:109)<br/>
                        sun.reflect.NativeMethodAccessorImpl.invoke0(Native Method)<br/>
                        sun.reflect.NativeMethodAccessorImpl.invoke(NativeMethodAccessorImpl.java:62)<br/>
                        sun.reflect.DelegatingMethodAccessorImpl.invoke(DelegatingMethodAccessorImpl.java:43)<br/>
                        java.lang.reflect.Method.invoke(Method.java:498)<br/>
                        org.testng.internal.MethodInvocationHelper.invokeMethod(MethodInvocationHelper.java:133)<br/>
                        org.testng.internal.TestInvoker.invokeMethod(TestInvoker.java:584)<br/>
                        org.testng.internal.TestInvoker.invokeTestMethod(TestInvoker.java:172)<br/>
                        org.testng.internal.MethodRunner.runInSequence(MethodRunner.java:46)<br/>
                        org.testng.internal.TestInvoker$MethodInvocationAgent.invoke(TestInvoker.java:804)<br/>
                        org.testng.internal.TestInvoker.invokeTestMethods(TestInvoker.java:145)<br/>
                        org.testng.internal.TestMethodWorker.invokeTestMethods(TestMethodWorker.java:146)<br/>
                        org.testng.internal.TestMethodWorker.run(TestMethodWorker.java:128)<br/>
                        java.util.ArrayList.forEach(ArrayList.java:1257)<br/>
                        org.testng.TestRunner.privateRun(TestRunner.java:770)<br/>
                        org.testng.TestRunner.run(TestRunner.java:591)<br/>
                        org.testng.SuiteRunner.runTest(SuiteRunner.java:402)<br/>
                        org.testng.SuiteRunner.runSequentially(SuiteRunner.java:396)<br/>
                        org.testng.SuiteRunner.privateRun(SuiteRunner.java:355)<br/>
                        org.testng.SuiteRunner.run(SuiteRunner.java:304)<br/>
                        org.testng.SuiteRunnerWorker.runSuite(SuiteRunnerWorker.java:53)<br/>
                        org.testng.SuiteRunnerWorker.run(SuiteRunnerWorker.java:96)<br/>
                        org.testng.TestNG.runSuitesSequentially(TestNG.java:1180)<br/>
                        org.testng.TestNG.runSuitesLocally(TestNG.java:1102)<br/>
                        org.testng.TestNG.runSuites(TestNG.java:1032)<br/>
                        org.testng.TestNG.run(TestNG.java:1000)<br/>
                        org.gradle.api.internal.tasks.testing.testng.TestNGTestClassProcessor.runTests(TestNGTestClassProcessor.java:141)<br/>
                        org.gradle.api.internal.tasks.testing.testng.TestNGTestClassProcessor.stop(TestNGTestClassProcessor.java:90)<br/>
                        org.gradle.api.internal.tasks.testing.SuiteTestClassProcessor.stop(SuiteTestClassProcessor.java:61)<br/>
                        sun.reflect.NativeMethodAccessorImpl.invoke0(Native Method)<br/>
                        sun.reflect.NativeMethodAccessorImpl.invoke(NativeMethodAccessorImpl.java:62)<br/>
                        sun.reflect.DelegatingMethodAccessorImpl.invoke(DelegatingMethodAccessorImpl.java:43)<br/>
                        java.lang.reflect.Method.invoke(Method.java:498)<br/>
                        org.gradle.internal.dispatch.ReflectionDispatch.dispatch(ReflectionDispatch.java:36)<br/>
                        org.gradle.internal.dispatch.ReflectionDispatch.dispatch(ReflectionDispatch.java:24)<br/>
                        org.gradle.internal.dispatch.ContextClassLoaderDispatch.dispatch(ContextClassLoaderDispatch.java:33)<br/>
                        org.gradle.internal.dispatch.ProxyDispatchAdapter$DispatchingInvocationHandler.invoke(ProxyDispatchAdapter.java:94)<br/>
                        com.sun.proxy.$Proxy2.stop(Unknown Source)<br/>
                        org.gradle.api.internal.tasks.testing.worker.TestWorker.stop(TestWorker.java:132)<br/>
                        sun.reflect.NativeMethodAccessorImpl.invoke0(Native Method)<br/>
                        sun.reflect.NativeMethodAccessorImpl.invoke(NativeMethodAccessorImpl.java:62)<br/>
                        sun.reflect.DelegatingMethodAccessorImpl.invoke(DelegatingMethodAccessorImpl.java:43)<br/>
                        java.lang.reflect.Method.invoke(Method.java:498)<br/>
                        org.gradle.internal.dispatch.ReflectionDispatch.dispatch(ReflectionDispatch.java:36)<br/>
                        org.gradle.internal.dispatch.ReflectionDispatch.dispatch(ReflectionDispatch.java:24)<br/>
                        org.gradle.internal.remote.internal.hub.MessageHubBackedObjectConnection$DispatchWrapper.dispatch(MessageHubBackedObjectConnection.java:182)<br/>
                        org.gradle.internal.remote.internal.hub.MessageHubBackedObjectConnection$DispatchWrapper.dispatch(MessageHubBackedObjectConnection.java:164)<br/>
                        org.gradle.internal.remote.internal.hub.MessageHub$Handler.run(MessageHub.java:412)<br/>
                        org.gradle.internal.concurrent.ExecutorPolicy$CatchAndRecordFailures.onExecute(ExecutorPolicy.java:64)<br/>
                        org.gradle.internal.concurrent.ManagedExecutorImpl$1.run(ManagedExecutorImpl.java:48)<br/>
                        java.util.concurrent.ThreadPoolExecutor.runWorker(ThreadPoolExecutor.java:1149)<br/>
                        java.util.concurrent.ThreadPoolExecutor$Worker.run(ThreadPoolExecutor.java:624)<br/>
                        org.gradle.internal.concurrent.ThreadFactoryImpl$ManagedThreadRunnable.run(ThreadFactoryImpl.java:56)<br/>
                        java.lang.Thread.run(Thread.java:748)<br/>
                </div>
        </td>
    </tr>
    <tr>
        <td class="method">
                Calculator_Multiplication
        </td>
        <td class="duration">
            2.456s
        </td>
        <td class="result">
            <!-- Display the dependencies for skipped test methods -->

                <i>Method arguments: </i>
                <span class="arguments">
                    "999", "999", "998001"
                </span>
                <br/>

            <!-- Show logger output for the test -->

                <a href="javascript:toggleElement('exception-21', 'block')"
                   title="Click to expand/collapse">
                    <b>org.openqa.selenium.TimeoutException: Expected condition failed: waiting for element found by By.xpath: //input[@class=&apos;result&apos;] to have value &quot;998001&quot;. Current value: &quot;99800&quot; (tried for 2 second(s) with 500 milliseconds interval)<br/>
Build info: version: &apos;3.141.59&apos;, revision: &apos;e82be7d358&apos;, time: &apos;2018-11-14T08:17:03&apos;<br/>
System info: host: &apos;KB3MB0HM2L&apos;, ip: &apos;10.4.177.33&apos;, os.name: &apos;Windows 10&apos;, os.arch: &apos;amd64&apos;, os.version: &apos;10.0&apos;, java.version: &apos;1.8.0_191&apos;<br/>
Driver info: org.openqa.selenium.chrome.ChromeDriver<br/>
Capabilities {acceptInsecureCerts: true, browserName: chrome, browserVersion: 80.0.3987.122, chrome: {chromedriverVersion: 79.0.3945.36 (3582db32b3389..., userDataDir: C:\Users\dhawes01\AppData\L...}, goog:chromeOptions: {debuggerAddress: localhost:61487}, javascriptEnabled: true, networkConnectionEnabled: false, pageLoadStrategy: normal, platform: WINDOWS, platformName: WINDOWS, proxy: Proxy(), setWindowRect: true, strictFileInteractability: false, timeouts: {implicit: 0, pageLoad: 300000, script: 30000}, unhandledPromptBehavior: dismiss and notify}<br/>
Session ID: 41c3755be977ba57e875b863fcd64aa1</b>
                </a>
                <br/>
                <div class="stackTrace" id="exception-21">
                        org.openqa.selenium.support.ui.WebDriverWait.timeoutException(WebDriverWait.java:95)<br/>
                        org.openqa.selenium.support.ui.FluentWait.until(FluentWait.java:272)<br/>
                        Actions.CalculatorActions.VerifyResults(CalculatorActions.java:68)<br/>
                        TestCases.Calculator_UI.Calculator_Multiplication(Calculator_UI.java:109)<br/>
                        sun.reflect.NativeMethodAccessorImpl.invoke0(Native Method)<br/>
                        sun.reflect.NativeMethodAccessorImpl.invoke(NativeMethodAccessorImpl.java:62)<br/>
                        sun.reflect.DelegatingMethodAccessorImpl.invoke(DelegatingMethodAccessorImpl.java:43)<br/>
                        java.lang.reflect.Method.invoke(Method.java:498)<br/>
                        org.testng.internal.MethodInvocationHelper.invokeMethod(MethodInvocationHelper.java:133)<br/>
                        org.testng.internal.TestInvoker.invokeMethod(TestInvoker.java:584)<br/>
                        org.testng.internal.TestInvoker.invokeTestMethod(TestInvoker.java:172)<br/>
                        org.testng.internal.MethodRunner.runInSequence(MethodRunner.java:46)<br/>
                        org.testng.internal.TestInvoker$MethodInvocationAgent.invoke(TestInvoker.java:804)<br/>
                        org.testng.internal.TestInvoker.invokeTestMethods(TestInvoker.java:145)<br/>
                        org.testng.internal.TestMethodWorker.invokeTestMethods(TestMethodWorker.java:146)<br/>
                        org.testng.internal.TestMethodWorker.run(TestMethodWorker.java:128)<br/>
                        java.util.ArrayList.forEach(ArrayList.java:1257)<br/>
                        org.testng.TestRunner.privateRun(TestRunner.java:770)<br/>
                        org.testng.TestRunner.run(TestRunner.java:591)<br/>
                        org.testng.SuiteRunner.runTest(SuiteRunner.java:402)<br/>
                        org.testng.SuiteRunner.runSequentially(SuiteRunner.java:396)<br/>
                        org.testng.SuiteRunner.privateRun(SuiteRunner.java:355)<br/>
                        org.testng.SuiteRunner.run(SuiteRunner.java:304)<br/>
                        org.testng.SuiteRunnerWorker.runSuite(SuiteRunnerWorker.java:53)<br/>
                        org.testng.SuiteRunnerWorker.run(SuiteRunnerWorker.java:96)<br/>
                        org.testng.TestNG.runSuitesSequentially(TestNG.java:1180)<br/>
                        org.testng.TestNG.runSuitesLocally(TestNG.java:1102)<br/>
                        org.testng.TestNG.runSuites(TestNG.java:1032)<br/>
                        org.testng.TestNG.run(TestNG.java:1000)<br/>
                        org.gradle.api.internal.tasks.testing.testng.TestNGTestClassProcessor.runTests(TestNGTestClassProcessor.java:141)<br/>
                        org.gradle.api.internal.tasks.testing.testng.TestNGTestClassProcessor.stop(TestNGTestClassProcessor.java:90)<br/>
                        org.gradle.api.internal.tasks.testing.SuiteTestClassProcessor.stop(SuiteTestClassProcessor.java:61)<br/>
                        sun.reflect.NativeMethodAccessorImpl.invoke0(Native Method)<br/>
                        sun.reflect.NativeMethodAccessorImpl.invoke(NativeMethodAccessorImpl.java:62)<br/>
                        sun.reflect.DelegatingMethodAccessorImpl.invoke(DelegatingMethodAccessorImpl.java:43)<br/>
                        java.lang.reflect.Method.invoke(Method.java:498)<br/>
                        org.gradle.internal.dispatch.ReflectionDispatch.dispatch(ReflectionDispatch.java:36)<br/>
                        org.gradle.internal.dispatch.ReflectionDispatch.dispatch(ReflectionDispatch.java:24)<br/>
                        org.gradle.internal.dispatch.ContextClassLoaderDispatch.dispatch(ContextClassLoaderDispatch.java:33)<br/>
                        org.gradle.internal.dispatch.ProxyDispatchAdapter$DispatchingInvocationHandler.invoke(ProxyDispatchAdapter.java:94)<br/>
                        com.sun.proxy.$Proxy2.stop(Unknown Source)<br/>
                        org.gradle.api.internal.tasks.testing.worker.TestWorker.stop(TestWorker.java:132)<br/>
                        sun.reflect.NativeMethodAccessorImpl.invoke0(Native Method)<br/>
                        sun.reflect.NativeMethodAccessorImpl.invoke(NativeMethodAccessorImpl.java:62)<br/>
                        sun.reflect.DelegatingMethodAccessorImpl.invoke(DelegatingMethodAccessorImpl.java:43)<br/>
                        java.lang.reflect.Method.invoke(Method.java:498)<br/>
                        org.gradle.internal.dispatch.ReflectionDispatch.dispatch(ReflectionDispatch.java:36)<br/>
                        org.gradle.internal.dispatch.ReflectionDispatch.dispatch(ReflectionDispatch.java:24)<br/>
                        org.gradle.internal.remote.internal.hub.MessageHubBackedObjectConnection$DispatchWrapper.dispatch(MessageHubBackedObjectConnection.java:182)<br/>
                        org.gradle.internal.remote.internal.hub.MessageHubBackedObjectConnection$DispatchWrapper.dispatch(MessageHubBackedObjectConnection.java:164)<br/>
                        org.gradle.internal.remote.internal.hub.MessageHub$Handler.run(MessageHub.java:412)<br/>
                        org.gradle.internal.concurrent.ExecutorPolicy$CatchAndRecordFailures.onExecute(ExecutorPolicy.java:64)<br/>
                        org.gradle.internal.concurrent.ManagedExecutorImpl$1.run(ManagedExecutorImpl.java:48)<br/>
                        java.util.concurrent.ThreadPoolExecutor.runWorker(ThreadPoolExecutor.java:1149)<br/>
                        java.util.concurrent.ThreadPoolExecutor$Worker.run(ThreadPoolExecutor.java:624)<br/>
                        org.gradle.internal.concurrent.ThreadFactoryImpl$ManagedThreadRunnable.run(ThreadFactoryImpl.java:56)<br/>
                        java.lang.Thread.run(Thread.java:748)<br/>
                </div>
        </td>
    </tr>
    <tr>
        <td class="method">
                Calculator_Multiplication
        </td>
        <td class="duration">
            2.516s
        </td>
        <td class="result">
            <!-- Display the dependencies for skipped test methods -->

                <i>Method arguments: </i>
                <span class="arguments">
                    "1.3", "3", "3.9"
                </span>
                <br/>

            <!-- Show logger output for the test -->

                <a href="javascript:toggleElement('exception-22', 'block')"
                   title="Click to expand/collapse">
                    <b>org.openqa.selenium.TimeoutException: Expected condition failed: waiting for element found by By.xpath: //input[@class=&apos;result&apos;] to have value &quot;3.9&quot;. Current value: &quot;600&quot; (tried for 2 second(s) with 500 milliseconds interval)<br/>
Build info: version: &apos;3.141.59&apos;, revision: &apos;e82be7d358&apos;, time: &apos;2018-11-14T08:17:03&apos;<br/>
System info: host: &apos;KB3MB0HM2L&apos;, ip: &apos;10.4.177.33&apos;, os.name: &apos;Windows 10&apos;, os.arch: &apos;amd64&apos;, os.version: &apos;10.0&apos;, java.version: &apos;1.8.0_191&apos;<br/>
Driver info: org.openqa.selenium.chrome.ChromeDriver<br/>
Capabilities {acceptInsecureCerts: true, browserName: chrome, browserVersion: 80.0.3987.122, chrome: {chromedriverVersion: 79.0.3945.36 (3582db32b3389..., userDataDir: C:\Users\dhawes01\AppData\L...}, goog:chromeOptions: {debuggerAddress: localhost:61487}, javascriptEnabled: true, networkConnectionEnabled: false, pageLoadStrategy: normal, platform: WINDOWS, platformName: WINDOWS, proxy: Proxy(), setWindowRect: true, strictFileInteractability: false, timeouts: {implicit: 0, pageLoad: 300000, script: 30000}, unhandledPromptBehavior: dismiss and notify}<br/>
Session ID: 41c3755be977ba57e875b863fcd64aa1</b>
                </a>
                <br/>
                <div class="stackTrace" id="exception-22">
                        org.openqa.selenium.support.ui.WebDriverWait.timeoutException(WebDriverWait.java:95)<br/>
                        org.openqa.selenium.support.ui.FluentWait.until(FluentWait.java:272)<br/>
                        Actions.CalculatorActions.VerifyResults(CalculatorActions.java:68)<br/>
                        TestCases.Calculator_UI.Calculator_Multiplication(Calculator_UI.java:109)<br/>
                        sun.reflect.NativeMethodAccessorImpl.invoke0(Native Method)<br/>
                        sun.reflect.NativeMethodAccessorImpl.invoke(NativeMethodAccessorImpl.java:62)<br/>
                        sun.reflect.DelegatingMethodAccessorImpl.invoke(DelegatingMethodAccessorImpl.java:43)<br/>
                        java.lang.reflect.Method.invoke(Method.java:498)<br/>
                        org.testng.internal.MethodInvocationHelper.invokeMethod(MethodInvocationHelper.java:133)<br/>
                        org.testng.internal.TestInvoker.invokeMethod(TestInvoker.java:584)<br/>
                        org.testng.internal.TestInvoker.invokeTestMethod(TestInvoker.java:172)<br/>
                        org.testng.internal.MethodRunner.runInSequence(MethodRunner.java:46)<br/>
                        org.testng.internal.TestInvoker$MethodInvocationAgent.invoke(TestInvoker.java:804)<br/>
                        org.testng.internal.TestInvoker.invokeTestMethods(TestInvoker.java:145)<br/>
                        org.testng.internal.TestMethodWorker.invokeTestMethods(TestMethodWorker.java:146)<br/>
                        org.testng.internal.TestMethodWorker.run(TestMethodWorker.java:128)<br/>
                        java.util.ArrayList.forEach(ArrayList.java:1257)<br/>
                        org.testng.TestRunner.privateRun(TestRunner.java:770)<br/>
                        org.testng.TestRunner.run(TestRunner.java:591)<br/>
                        org.testng.SuiteRunner.runTest(SuiteRunner.java:402)<br/>
                        org.testng.SuiteRunner.runSequentially(SuiteRunner.java:396)<br/>
                        org.testng.SuiteRunner.privateRun(SuiteRunner.java:355)<br/>
                        org.testng.SuiteRunner.run(SuiteRunner.java:304)<br/>
                        org.testng.SuiteRunnerWorker.runSuite(SuiteRunnerWorker.java:53)<br/>
                        org.testng.SuiteRunnerWorker.run(SuiteRunnerWorker.java:96)<br/>
                        org.testng.TestNG.runSuitesSequentially(TestNG.java:1180)<br/>
                        org.testng.TestNG.runSuitesLocally(TestNG.java:1102)<br/>
                        org.testng.TestNG.runSuites(TestNG.java:1032)<br/>
                        org.testng.TestNG.run(TestNG.java:1000)<br/>
                        org.gradle.api.internal.tasks.testing.testng.TestNGTestClassProcessor.runTests(TestNGTestClassProcessor.java:141)<br/>
                        org.gradle.api.internal.tasks.testing.testng.TestNGTestClassProcessor.stop(TestNGTestClassProcessor.java:90)<br/>
                        org.gradle.api.internal.tasks.testing.SuiteTestClassProcessor.stop(SuiteTestClassProcessor.java:61)<br/>
                        sun.reflect.NativeMethodAccessorImpl.invoke0(Native Method)<br/>
                        sun.reflect.NativeMethodAccessorImpl.invoke(NativeMethodAccessorImpl.java:62)<br/>
                        sun.reflect.DelegatingMethodAccessorImpl.invoke(DelegatingMethodAccessorImpl.java:43)<br/>
                        java.lang.reflect.Method.invoke(Method.java:498)<br/>
                        org.gradle.internal.dispatch.ReflectionDispatch.dispatch(ReflectionDispatch.java:36)<br/>
                        org.gradle.internal.dispatch.ReflectionDispatch.dispatch(ReflectionDispatch.java:24)<br/>
                        org.gradle.internal.dispatch.ContextClassLoaderDispatch.dispatch(ContextClassLoaderDispatch.java:33)<br/>
                        org.gradle.internal.dispatch.ProxyDispatchAdapter$DispatchingInvocationHandler.invoke(ProxyDispatchAdapter.java:94)<br/>
                        com.sun.proxy.$Proxy2.stop(Unknown Source)<br/>
                        org.gradle.api.internal.tasks.testing.worker.TestWorker.stop(TestWorker.java:132)<br/>
                        sun.reflect.NativeMethodAccessorImpl.invoke0(Native Method)<br/>
                        sun.reflect.NativeMethodAccessorImpl.invoke(NativeMethodAccessorImpl.java:62)<br/>
                        sun.reflect.DelegatingMethodAccessorImpl.invoke(DelegatingMethodAccessorImpl.java:43)<br/>
                        java.lang.reflect.Method.invoke(Method.java:498)<br/>
                        org.gradle.internal.dispatch.ReflectionDispatch.dispatch(ReflectionDispatch.java:36)<br/>
                        org.gradle.internal.dispatch.ReflectionDispatch.dispatch(ReflectionDispatch.java:24)<br/>
                        org.gradle.internal.remote.internal.hub.MessageHubBackedObjectConnection$DispatchWrapper.dispatch(MessageHubBackedObjectConnection.java:182)<br/>
                        org.gradle.internal.remote.internal.hub.MessageHubBackedObjectConnection$DispatchWrapper.dispatch(MessageHubBackedObjectConnection.java:164)<br/>
                        org.gradle.internal.remote.internal.hub.MessageHub$Handler.run(MessageHub.java:412)<br/>
                        org.gradle.internal.concurrent.ExecutorPolicy$CatchAndRecordFailures.onExecute(ExecutorPolicy.java:64)<br/>
                        org.gradle.internal.concurrent.ManagedExecutorImpl$1.run(ManagedExecutorImpl.java:48)<br/>
                        java.util.concurrent.ThreadPoolExecutor.runWorker(ThreadPoolExecutor.java:1149)<br/>
                        java.util.concurrent.ThreadPoolExecutor$Worker.run(ThreadPoolExecutor.java:624)<br/>
                        org.gradle.internal.concurrent.ThreadFactoryImpl$ManagedThreadRunnable.run(ThreadFactoryImpl.java:56)<br/>
                        java.lang.Thread.run(Thread.java:748)<br/>
                </div>
        </td>
    </tr>
    <tr>
        <td class="method">
                Calculator_Multiplication
        </td>
        <td class="duration">
            2.440s
        </td>
        <td class="result">
            <!-- Display the dependencies for skipped test methods -->

                <i>Method arguments: </i>
                <span class="arguments">
                    "3", "-5", "-15"
                </span>
                <br/>

            <!-- Show logger output for the test -->

                <a href="javascript:toggleElement('exception-23', 'block')"
                   title="Click to expand/collapse">
                    <b>org.openqa.selenium.TimeoutException: Expected condition failed: waiting for element found by By.xpath: //input[@class=&apos;result&apos;] to have value &quot;-15&quot;. Current value: &quot;15&quot; (tried for 2 second(s) with 500 milliseconds interval)<br/>
Build info: version: &apos;3.141.59&apos;, revision: &apos;e82be7d358&apos;, time: &apos;2018-11-14T08:17:03&apos;<br/>
System info: host: &apos;KB3MB0HM2L&apos;, ip: &apos;10.4.177.33&apos;, os.name: &apos;Windows 10&apos;, os.arch: &apos;amd64&apos;, os.version: &apos;10.0&apos;, java.version: &apos;1.8.0_191&apos;<br/>
Driver info: org.openqa.selenium.chrome.ChromeDriver<br/>
Capabilities {acceptInsecureCerts: true, browserName: chrome, browserVersion: 80.0.3987.122, chrome: {chromedriverVersion: 79.0.3945.36 (3582db32b3389..., userDataDir: C:\Users\dhawes01\AppData\L...}, goog:chromeOptions: {debuggerAddress: localhost:61487}, javascriptEnabled: true, networkConnectionEnabled: false, pageLoadStrategy: normal, platform: WINDOWS, platformName: WINDOWS, proxy: Proxy(), setWindowRect: true, strictFileInteractability: false, timeouts: {implicit: 0, pageLoad: 300000, script: 30000}, unhandledPromptBehavior: dismiss and notify}<br/>
Session ID: 41c3755be977ba57e875b863fcd64aa1</b>
                </a>
                <br/>
                <div class="stackTrace" id="exception-23">
                        org.openqa.selenium.support.ui.WebDriverWait.timeoutException(WebDriverWait.java:95)<br/>
                        org.openqa.selenium.support.ui.FluentWait.until(FluentWait.java:272)<br/>
                        Actions.CalculatorActions.VerifyResults(CalculatorActions.java:68)<br/>
                        TestCases.Calculator_UI.Calculator_Multiplication(Calculator_UI.java:109)<br/>
                        sun.reflect.NativeMethodAccessorImpl.invoke0(Native Method)<br/>
                        sun.reflect.NativeMethodAccessorImpl.invoke(NativeMethodAccessorImpl.java:62)<br/>
                        sun.reflect.DelegatingMethodAccessorImpl.invoke(DelegatingMethodAccessorImpl.java:43)<br/>
                        java.lang.reflect.Method.invoke(Method.java:498)<br/>
                        org.testng.internal.MethodInvocationHelper.invokeMethod(MethodInvocationHelper.java:133)<br/>
                        org.testng.internal.TestInvoker.invokeMethod(TestInvoker.java:584)<br/>
                        org.testng.internal.TestInvoker.invokeTestMethod(TestInvoker.java:172)<br/>
                        org.testng.internal.MethodRunner.runInSequence(MethodRunner.java:46)<br/>
                        org.testng.internal.TestInvoker$MethodInvocationAgent.invoke(TestInvoker.java:804)<br/>
                        org.testng.internal.TestInvoker.invokeTestMethods(TestInvoker.java:145)<br/>
                        org.testng.internal.TestMethodWorker.invokeTestMethods(TestMethodWorker.java:146)<br/>
                        org.testng.internal.TestMethodWorker.run(TestMethodWorker.java:128)<br/>
                        java.util.ArrayList.forEach(ArrayList.java:1257)<br/>
                        org.testng.TestRunner.privateRun(TestRunner.java:770)<br/>
                        org.testng.TestRunner.run(TestRunner.java:591)<br/>
                        org.testng.SuiteRunner.runTest(SuiteRunner.java:402)<br/>
                        org.testng.SuiteRunner.runSequentially(SuiteRunner.java:396)<br/>
                        org.testng.SuiteRunner.privateRun(SuiteRunner.java:355)<br/>
                        org.testng.SuiteRunner.run(SuiteRunner.java:304)<br/>
                        org.testng.SuiteRunnerWorker.runSuite(SuiteRunnerWorker.java:53)<br/>
                        org.testng.SuiteRunnerWorker.run(SuiteRunnerWorker.java:96)<br/>
                        org.testng.TestNG.runSuitesSequentially(TestNG.java:1180)<br/>
                        org.testng.TestNG.runSuitesLocally(TestNG.java:1102)<br/>
                        org.testng.TestNG.runSuites(TestNG.java:1032)<br/>
                        org.testng.TestNG.run(TestNG.java:1000)<br/>
                        org.gradle.api.internal.tasks.testing.testng.TestNGTestClassProcessor.runTests(TestNGTestClassProcessor.java:141)<br/>
                        org.gradle.api.internal.tasks.testing.testng.TestNGTestClassProcessor.stop(TestNGTestClassProcessor.java:90)<br/>
                        org.gradle.api.internal.tasks.testing.SuiteTestClassProcessor.stop(SuiteTestClassProcessor.java:61)<br/>
                        sun.reflect.NativeMethodAccessorImpl.invoke0(Native Method)<br/>
                        sun.reflect.NativeMethodAccessorImpl.invoke(NativeMethodAccessorImpl.java:62)<br/>
                        sun.reflect.DelegatingMethodAccessorImpl.invoke(DelegatingMethodAccessorImpl.java:43)<br/>
                        java.lang.reflect.Method.invoke(Method.java:498)<br/>
                        org.gradle.internal.dispatch.ReflectionDispatch.dispatch(ReflectionDispatch.java:36)<br/>
                        org.gradle.internal.dispatch.ReflectionDispatch.dispatch(ReflectionDispatch.java:24)<br/>
                        org.gradle.internal.dispatch.ContextClassLoaderDispatch.dispatch(ContextClassLoaderDispatch.java:33)<br/>
                        org.gradle.internal.dispatch.ProxyDispatchAdapter$DispatchingInvocationHandler.invoke(ProxyDispatchAdapter.java:94)<br/>
                        com.sun.proxy.$Proxy2.stop(Unknown Source)<br/>
                        org.gradle.api.internal.tasks.testing.worker.TestWorker.stop(TestWorker.java:132)<br/>
                        sun.reflect.NativeMethodAccessorImpl.invoke0(Native Method)<br/>
                        sun.reflect.NativeMethodAccessorImpl.invoke(NativeMethodAccessorImpl.java:62)<br/>
                        sun.reflect.DelegatingMethodAccessorImpl.invoke(DelegatingMethodAccessorImpl.java:43)<br/>
                        java.lang.reflect.Method.invoke(Method.java:498)<br/>
                        org.gradle.internal.dispatch.ReflectionDispatch.dispatch(ReflectionDispatch.java:36)<br/>
                        org.gradle.internal.dispatch.ReflectionDispatch.dispatch(ReflectionDispatch.java:24)<br/>
                        org.gradle.internal.remote.internal.hub.MessageHubBackedObjectConnection$DispatchWrapper.dispatch(MessageHubBackedObjectConnection.java:182)<br/>
                        org.gradle.internal.remote.internal.hub.MessageHubBackedObjectConnection$DispatchWrapper.dispatch(MessageHubBackedObjectConnection.java:164)<br/>
                        org.gradle.internal.remote.internal.hub.MessageHub$Handler.run(MessageHub.java:412)<br/>
                        org.gradle.internal.concurrent.ExecutorPolicy$CatchAndRecordFailures.onExecute(ExecutorPolicy.java:64)<br/>
                        org.gradle.internal.concurrent.ManagedExecutorImpl$1.run(ManagedExecutorImpl.java:48)<br/>
                        java.util.concurrent.ThreadPoolExecutor.runWorker(ThreadPoolExecutor.java:1149)<br/>
                        java.util.concurrent.ThreadPoolExecutor$Worker.run(ThreadPoolExecutor.java:624)<br/>
                        org.gradle.internal.concurrent.ThreadFactoryImpl$ManagedThreadRunnable.run(ThreadFactoryImpl.java:56)<br/>
                        java.lang.Thread.run(Thread.java:748)<br/>
                </div>
        </td>
    </tr>
    <tr>
        <td class="method">
                Calculator_Multiplication
        </td>
        <td class="duration">
            2.470s
        </td>
        <td class="result">
            <!-- Display the dependencies for skipped test methods -->

                <i>Method arguments: </i>
                <span class="arguments">
                    "ten", "2", "error"
                </span>
                <br/>

            <!-- Show logger output for the test -->

                <a href="javascript:toggleElement('exception-24', 'block')"
                   title="Click to expand/collapse">
                    <b>org.openqa.selenium.TimeoutException: Expected condition failed: waiting for element found by By.xpath: //input[@class=&apos;result&apos;] to have value &quot;error&quot;. Current value: &quot;40&quot; (tried for 2 second(s) with 500 milliseconds interval)<br/>
Build info: version: &apos;3.141.59&apos;, revision: &apos;e82be7d358&apos;, time: &apos;2018-11-14T08:17:03&apos;<br/>
System info: host: &apos;KB3MB0HM2L&apos;, ip: &apos;10.4.177.33&apos;, os.name: &apos;Windows 10&apos;, os.arch: &apos;amd64&apos;, os.version: &apos;10.0&apos;, java.version: &apos;1.8.0_191&apos;<br/>
Driver info: org.openqa.selenium.chrome.ChromeDriver<br/>
Capabilities {acceptInsecureCerts: true, browserName: chrome, browserVersion: 80.0.3987.122, chrome: {chromedriverVersion: 79.0.3945.36 (3582db32b3389..., userDataDir: C:\Users\dhawes01\AppData\L...}, goog:chromeOptions: {debuggerAddress: localhost:61487}, javascriptEnabled: true, networkConnectionEnabled: false, pageLoadStrategy: normal, platform: WINDOWS, platformName: WINDOWS, proxy: Proxy(), setWindowRect: true, strictFileInteractability: false, timeouts: {implicit: 0, pageLoad: 300000, script: 30000}, unhandledPromptBehavior: dismiss and notify}<br/>
Session ID: 41c3755be977ba57e875b863fcd64aa1</b>
                </a>
                <br/>
                <div class="stackTrace" id="exception-24">
                        org.openqa.selenium.support.ui.WebDriverWait.timeoutException(WebDriverWait.java:95)<br/>
                        org.openqa.selenium.support.ui.FluentWait.until(FluentWait.java:272)<br/>
                        Actions.CalculatorActions.VerifyResults(CalculatorActions.java:68)<br/>
                        TestCases.Calculator_UI.Calculator_Multiplication(Calculator_UI.java:109)<br/>
                        sun.reflect.NativeMethodAccessorImpl.invoke0(Native Method)<br/>
                        sun.reflect.NativeMethodAccessorImpl.invoke(NativeMethodAccessorImpl.java:62)<br/>
                        sun.reflect.DelegatingMethodAccessorImpl.invoke(DelegatingMethodAccessorImpl.java:43)<br/>
                        java.lang.reflect.Method.invoke(Method.java:498)<br/>
                        org.testng.internal.MethodInvocationHelper.invokeMethod(MethodInvocationHelper.java:133)<br/>
                        org.testng.internal.TestInvoker.invokeMethod(TestInvoker.java:584)<br/>
                        org.testng.internal.TestInvoker.invokeTestMethod(TestInvoker.java:172)<br/>
                        org.testng.internal.MethodRunner.runInSequence(MethodRunner.java:46)<br/>
                        org.testng.internal.TestInvoker$MethodInvocationAgent.invoke(TestInvoker.java:804)<br/>
                        org.testng.internal.TestInvoker.invokeTestMethods(TestInvoker.java:145)<br/>
                        org.testng.internal.TestMethodWorker.invokeTestMethods(TestMethodWorker.java:146)<br/>
                        org.testng.internal.TestMethodWorker.run(TestMethodWorker.java:128)<br/>
                        java.util.ArrayList.forEach(ArrayList.java:1257)<br/>
                        org.testng.TestRunner.privateRun(TestRunner.java:770)<br/>
                        org.testng.TestRunner.run(TestRunner.java:591)<br/>
                        org.testng.SuiteRunner.runTest(SuiteRunner.java:402)<br/>
                        org.testng.SuiteRunner.runSequentially(SuiteRunner.java:396)<br/>
                        org.testng.SuiteRunner.privateRun(SuiteRunner.java:355)<br/>
                        org.testng.SuiteRunner.run(SuiteRunner.java:304)<br/>
                        org.testng.SuiteRunnerWorker.runSuite(SuiteRunnerWorker.java:53)<br/>
                        org.testng.SuiteRunnerWorker.run(SuiteRunnerWorker.java:96)<br/>
                        org.testng.TestNG.runSuitesSequentially(TestNG.java:1180)<br/>
                        org.testng.TestNG.runSuitesLocally(TestNG.java:1102)<br/>
                        org.testng.TestNG.runSuites(TestNG.java:1032)<br/>
                        org.testng.TestNG.run(TestNG.java:1000)<br/>
                        org.gradle.api.internal.tasks.testing.testng.TestNGTestClassProcessor.runTests(TestNGTestClassProcessor.java:141)<br/>
                        org.gradle.api.internal.tasks.testing.testng.TestNGTestClassProcessor.stop(TestNGTestClassProcessor.java:90)<br/>
                        org.gradle.api.internal.tasks.testing.SuiteTestClassProcessor.stop(SuiteTestClassProcessor.java:61)<br/>
                        sun.reflect.NativeMethodAccessorImpl.invoke0(Native Method)<br/>
                        sun.reflect.NativeMethodAccessorImpl.invoke(NativeMethodAccessorImpl.java:62)<br/>
                        sun.reflect.DelegatingMethodAccessorImpl.invoke(DelegatingMethodAccessorImpl.java:43)<br/>
                        java.lang.reflect.Method.invoke(Method.java:498)<br/>
                        org.gradle.internal.dispatch.ReflectionDispatch.dispatch(ReflectionDispatch.java:36)<br/>
                        org.gradle.internal.dispatch.ReflectionDispatch.dispatch(ReflectionDispatch.java:24)<br/>
                        org.gradle.internal.dispatch.ContextClassLoaderDispatch.dispatch(ContextClassLoaderDispatch.java:33)<br/>
                        org.gradle.internal.dispatch.ProxyDispatchAdapter$DispatchingInvocationHandler.invoke(ProxyDispatchAdapter.java:94)<br/>
                        com.sun.proxy.$Proxy2.stop(Unknown Source)<br/>
                        org.gradle.api.internal.tasks.testing.worker.TestWorker.stop(TestWorker.java:132)<br/>
                        sun.reflect.NativeMethodAccessorImpl.invoke0(Native Method)<br/>
                        sun.reflect.NativeMethodAccessorImpl.invoke(NativeMethodAccessorImpl.java:62)<br/>
                        sun.reflect.DelegatingMethodAccessorImpl.invoke(DelegatingMethodAccessorImpl.java:43)<br/>
                        java.lang.reflect.Method.invoke(Method.java:498)<br/>
                        org.gradle.internal.dispatch.ReflectionDispatch.dispatch(ReflectionDispatch.java:36)<br/>
                        org.gradle.internal.dispatch.ReflectionDispatch.dispatch(ReflectionDispatch.java:24)<br/>
                        org.gradle.internal.remote.internal.hub.MessageHubBackedObjectConnection$DispatchWrapper.dispatch(MessageHubBackedObjectConnection.java:182)<br/>
                        org.gradle.internal.remote.internal.hub.MessageHubBackedObjectConnection$DispatchWrapper.dispatch(MessageHubBackedObjectConnection.java:164)<br/>
                        org.gradle.internal.remote.internal.hub.MessageHub$Handler.run(MessageHub.java:412)<br/>
                        org.gradle.internal.concurrent.ExecutorPolicy$CatchAndRecordFailures.onExecute(ExecutorPolicy.java:64)<br/>
                        org.gradle.internal.concurrent.ManagedExecutorImpl$1.run(ManagedExecutorImpl.java:48)<br/>
                        java.util.concurrent.ThreadPoolExecutor.runWorker(ThreadPoolExecutor.java:1149)<br/>
                        java.util.concurrent.ThreadPoolExecutor$Worker.run(ThreadPoolExecutor.java:624)<br/>
                        org.gradle.internal.concurrent.ThreadFactoryImpl$ManagedThreadRunnable.run(ThreadFactoryImpl.java:56)<br/>
                        java.lang.Thread.run(Thread.java:748)<br/>
                </div>
        </td>
    </tr>
    <tr>
        <td class="method">
                Calculator_Subraction
        </td>
        <td class="duration">
            2.496s
        </td>
        <td class="result">
            <!-- Display the dependencies for skipped test methods -->

                <i>Method arguments: </i>
                <span class="arguments">
                    "1000", "999", "1"
                </span>
                <br/>

            <!-- Show logger output for the test -->

                <a href="javascript:toggleElement('exception-25', 'block')"
                   title="Click to expand/collapse">
                    <b>org.openqa.selenium.TimeoutException: Expected condition failed: waiting for element found by By.xpath: //input[@class=&apos;result&apos;] to have value &quot;1&quot;. Current value: &quot;-899&quot; (tried for 2 second(s) with 500 milliseconds interval)<br/>
Build info: version: &apos;3.141.59&apos;, revision: &apos;e82be7d358&apos;, time: &apos;2018-11-14T08:17:03&apos;<br/>
System info: host: &apos;KB3MB0HM2L&apos;, ip: &apos;10.4.177.33&apos;, os.name: &apos;Windows 10&apos;, os.arch: &apos;amd64&apos;, os.version: &apos;10.0&apos;, java.version: &apos;1.8.0_191&apos;<br/>
Driver info: org.openqa.selenium.chrome.ChromeDriver<br/>
Capabilities {acceptInsecureCerts: true, browserName: chrome, browserVersion: 80.0.3987.122, chrome: {chromedriverVersion: 79.0.3945.36 (3582db32b3389..., userDataDir: C:\Users\dhawes01\AppData\L...}, goog:chromeOptions: {debuggerAddress: localhost:61487}, javascriptEnabled: true, networkConnectionEnabled: false, pageLoadStrategy: normal, platform: WINDOWS, platformName: WINDOWS, proxy: Proxy(), setWindowRect: true, strictFileInteractability: false, timeouts: {implicit: 0, pageLoad: 300000, script: 30000}, unhandledPromptBehavior: dismiss and notify}<br/>
Session ID: 41c3755be977ba57e875b863fcd64aa1</b>
                </a>
                <br/>
                <div class="stackTrace" id="exception-25">
                        org.openqa.selenium.support.ui.WebDriverWait.timeoutException(WebDriverWait.java:95)<br/>
                        org.openqa.selenium.support.ui.FluentWait.until(FluentWait.java:272)<br/>
                        Actions.CalculatorActions.VerifyResults(CalculatorActions.java:68)<br/>
                        TestCases.Calculator_UI.Calculator_Subraction(Calculator_UI.java:82)<br/>
                        sun.reflect.NativeMethodAccessorImpl.invoke0(Native Method)<br/>
                        sun.reflect.NativeMethodAccessorImpl.invoke(NativeMethodAccessorImpl.java:62)<br/>
                        sun.reflect.DelegatingMethodAccessorImpl.invoke(DelegatingMethodAccessorImpl.java:43)<br/>
                        java.lang.reflect.Method.invoke(Method.java:498)<br/>
                        org.testng.internal.MethodInvocationHelper.invokeMethod(MethodInvocationHelper.java:133)<br/>
                        org.testng.internal.TestInvoker.invokeMethod(TestInvoker.java:584)<br/>
                        org.testng.internal.TestInvoker.invokeTestMethod(TestInvoker.java:172)<br/>
                        org.testng.internal.MethodRunner.runInSequence(MethodRunner.java:46)<br/>
                        org.testng.internal.TestInvoker$MethodInvocationAgent.invoke(TestInvoker.java:804)<br/>
                        org.testng.internal.TestInvoker.invokeTestMethods(TestInvoker.java:145)<br/>
                        org.testng.internal.TestMethodWorker.invokeTestMethods(TestMethodWorker.java:146)<br/>
                        org.testng.internal.TestMethodWorker.run(TestMethodWorker.java:128)<br/>
                        java.util.ArrayList.forEach(ArrayList.java:1257)<br/>
                        org.testng.TestRunner.privateRun(TestRunner.java:770)<br/>
                        org.testng.TestRunner.run(TestRunner.java:591)<br/>
                        org.testng.SuiteRunner.runTest(SuiteRunner.java:402)<br/>
                        org.testng.SuiteRunner.runSequentially(SuiteRunner.java:396)<br/>
                        org.testng.SuiteRunner.privateRun(SuiteRunner.java:355)<br/>
                        org.testng.SuiteRunner.run(SuiteRunner.java:304)<br/>
                        org.testng.SuiteRunnerWorker.runSuite(SuiteRunnerWorker.java:53)<br/>
                        org.testng.SuiteRunnerWorker.run(SuiteRunnerWorker.java:96)<br/>
                        org.testng.TestNG.runSuitesSequentially(TestNG.java:1180)<br/>
                        org.testng.TestNG.runSuitesLocally(TestNG.java:1102)<br/>
                        org.testng.TestNG.runSuites(TestNG.java:1032)<br/>
                        org.testng.TestNG.run(TestNG.java:1000)<br/>
                        org.gradle.api.internal.tasks.testing.testng.TestNGTestClassProcessor.runTests(TestNGTestClassProcessor.java:141)<br/>
                        org.gradle.api.internal.tasks.testing.testng.TestNGTestClassProcessor.stop(TestNGTestClassProcessor.java:90)<br/>
                        org.gradle.api.internal.tasks.testing.SuiteTestClassProcessor.stop(SuiteTestClassProcessor.java:61)<br/>
                        sun.reflect.NativeMethodAccessorImpl.invoke0(Native Method)<br/>
                        sun.reflect.NativeMethodAccessorImpl.invoke(NativeMethodAccessorImpl.java:62)<br/>
                        sun.reflect.DelegatingMethodAccessorImpl.invoke(DelegatingMethodAccessorImpl.java:43)<br/>
                        java.lang.reflect.Method.invoke(Method.java:498)<br/>
                        org.gradle.internal.dispatch.ReflectionDispatch.dispatch(ReflectionDispatch.java:36)<br/>
                        org.gradle.internal.dispatch.ReflectionDispatch.dispatch(ReflectionDispatch.java:24)<br/>
                        org.gradle.internal.dispatch.ContextClassLoaderDispatch.dispatch(ContextClassLoaderDispatch.java:33)<br/>
                        org.gradle.internal.dispatch.ProxyDispatchAdapter$DispatchingInvocationHandler.invoke(ProxyDispatchAdapter.java:94)<br/>
                        com.sun.proxy.$Proxy2.stop(Unknown Source)<br/>
                        org.gradle.api.internal.tasks.testing.worker.TestWorker.stop(TestWorker.java:132)<br/>
                        sun.reflect.NativeMethodAccessorImpl.invoke0(Native Method)<br/>
                        sun.reflect.NativeMethodAccessorImpl.invoke(NativeMethodAccessorImpl.java:62)<br/>
                        sun.reflect.DelegatingMethodAccessorImpl.invoke(DelegatingMethodAccessorImpl.java:43)<br/>
                        java.lang.reflect.Method.invoke(Method.java:498)<br/>
                        org.gradle.internal.dispatch.ReflectionDispatch.dispatch(ReflectionDispatch.java:36)<br/>
                        org.gradle.internal.dispatch.ReflectionDispatch.dispatch(ReflectionDispatch.java:24)<br/>
                        org.gradle.internal.remote.internal.hub.MessageHubBackedObjectConnection$DispatchWrapper.dispatch(MessageHubBackedObjectConnection.java:182)<br/>
                        org.gradle.internal.remote.internal.hub.MessageHubBackedObjectConnection$DispatchWrapper.dispatch(MessageHubBackedObjectConnection.java:164)<br/>
                        org.gradle.internal.remote.internal.hub.MessageHub$Handler.run(MessageHub.java:412)<br/>
                        org.gradle.internal.concurrent.ExecutorPolicy$CatchAndRecordFailures.onExecute(ExecutorPolicy.java:64)<br/>
                        org.gradle.internal.concurrent.ManagedExecutorImpl$1.run(ManagedExecutorImpl.java:48)<br/>
                        java.util.concurrent.ThreadPoolExecutor.runWorker(ThreadPoolExecutor.java:1149)<br/>
                        java.util.concurrent.ThreadPoolExecutor$Worker.run(ThreadPoolExecutor.java:624)<br/>
                        org.gradle.internal.concurrent.ThreadFactoryImpl$ManagedThreadRunnable.run(ThreadFactoryImpl.java:56)<br/>
                        java.lang.Thread.run(Thread.java:748)<br/>
                </div>
        </td>
    </tr>
    <tr>
        <td class="method">
                Calculator_Subraction
        </td>
        <td class="duration">
            2.485s
        </td>
        <td class="result">
            <!-- Display the dependencies for skipped test methods -->

                <i>Method arguments: </i>
                <span class="arguments">
                    "8", "6.5", "1.5"
                </span>
                <br/>

            <!-- Show logger output for the test -->

                <a href="javascript:toggleElement('exception-26', 'block')"
                   title="Click to expand/collapse">
                    <b>org.openqa.selenium.TimeoutException: Expected condition failed: waiting for element found by By.xpath: //input[@class=&apos;result&apos;] to have value &quot;1.5&quot;. Current value: &quot;-298&quot; (tried for 2 second(s) with 500 milliseconds interval)<br/>
Build info: version: &apos;3.141.59&apos;, revision: &apos;e82be7d358&apos;, time: &apos;2018-11-14T08:17:03&apos;<br/>
System info: host: &apos;KB3MB0HM2L&apos;, ip: &apos;10.4.177.33&apos;, os.name: &apos;Windows 10&apos;, os.arch: &apos;amd64&apos;, os.version: &apos;10.0&apos;, java.version: &apos;1.8.0_191&apos;<br/>
Driver info: org.openqa.selenium.chrome.ChromeDriver<br/>
Capabilities {acceptInsecureCerts: true, browserName: chrome, browserVersion: 80.0.3987.122, chrome: {chromedriverVersion: 79.0.3945.36 (3582db32b3389..., userDataDir: C:\Users\dhawes01\AppData\L...}, goog:chromeOptions: {debuggerAddress: localhost:61487}, javascriptEnabled: true, networkConnectionEnabled: false, pageLoadStrategy: normal, platform: WINDOWS, platformName: WINDOWS, proxy: Proxy(), setWindowRect: true, strictFileInteractability: false, timeouts: {implicit: 0, pageLoad: 300000, script: 30000}, unhandledPromptBehavior: dismiss and notify}<br/>
Session ID: 41c3755be977ba57e875b863fcd64aa1</b>
                </a>
                <br/>
                <div class="stackTrace" id="exception-26">
                        org.openqa.selenium.support.ui.WebDriverWait.timeoutException(WebDriverWait.java:95)<br/>
                        org.openqa.selenium.support.ui.FluentWait.until(FluentWait.java:272)<br/>
                        Actions.CalculatorActions.VerifyResults(CalculatorActions.java:68)<br/>
                        TestCases.Calculator_UI.Calculator_Subraction(Calculator_UI.java:82)<br/>
                        sun.reflect.NativeMethodAccessorImpl.invoke0(Native Method)<br/>
                        sun.reflect.NativeMethodAccessorImpl.invoke(NativeMethodAccessorImpl.java:62)<br/>
                        sun.reflect.DelegatingMethodAccessorImpl.invoke(DelegatingMethodAccessorImpl.java:43)<br/>
                        java.lang.reflect.Method.invoke(Method.java:498)<br/>
                        org.testng.internal.MethodInvocationHelper.invokeMethod(MethodInvocationHelper.java:133)<br/>
                        org.testng.internal.TestInvoker.invokeMethod(TestInvoker.java:584)<br/>
                        org.testng.internal.TestInvoker.invokeTestMethod(TestInvoker.java:172)<br/>
                        org.testng.internal.MethodRunner.runInSequence(MethodRunner.java:46)<br/>
                        org.testng.internal.TestInvoker$MethodInvocationAgent.invoke(TestInvoker.java:804)<br/>
                        org.testng.internal.TestInvoker.invokeTestMethods(TestInvoker.java:145)<br/>
                        org.testng.internal.TestMethodWorker.invokeTestMethods(TestMethodWorker.java:146)<br/>
                        org.testng.internal.TestMethodWorker.run(TestMethodWorker.java:128)<br/>
                        java.util.ArrayList.forEach(ArrayList.java:1257)<br/>
                        org.testng.TestRunner.privateRun(TestRunner.java:770)<br/>
                        org.testng.TestRunner.run(TestRunner.java:591)<br/>
                        org.testng.SuiteRunner.runTest(SuiteRunner.java:402)<br/>
                        org.testng.SuiteRunner.runSequentially(SuiteRunner.java:396)<br/>
                        org.testng.SuiteRunner.privateRun(SuiteRunner.java:355)<br/>
                        org.testng.SuiteRunner.run(SuiteRunner.java:304)<br/>
                        org.testng.SuiteRunnerWorker.runSuite(SuiteRunnerWorker.java:53)<br/>
                        org.testng.SuiteRunnerWorker.run(SuiteRunnerWorker.java:96)<br/>
                        org.testng.TestNG.runSuitesSequentially(TestNG.java:1180)<br/>
                        org.testng.TestNG.runSuitesLocally(TestNG.java:1102)<br/>
                        org.testng.TestNG.runSuites(TestNG.java:1032)<br/>
                        org.testng.TestNG.run(TestNG.java:1000)<br/>
                        org.gradle.api.internal.tasks.testing.testng.TestNGTestClassProcessor.runTests(TestNGTestClassProcessor.java:141)<br/>
                        org.gradle.api.internal.tasks.testing.testng.TestNGTestClassProcessor.stop(TestNGTestClassProcessor.java:90)<br/>
                        org.gradle.api.internal.tasks.testing.SuiteTestClassProcessor.stop(SuiteTestClassProcessor.java:61)<br/>
                        sun.reflect.NativeMethodAccessorImpl.invoke0(Native Method)<br/>
                        sun.reflect.NativeMethodAccessorImpl.invoke(NativeMethodAccessorImpl.java:62)<br/>
                        sun.reflect.DelegatingMethodAccessorImpl.invoke(DelegatingMethodAccessorImpl.java:43)<br/>
                        java.lang.reflect.Method.invoke(Method.java:498)<br/>
                        org.gradle.internal.dispatch.ReflectionDispatch.dispatch(ReflectionDispatch.java:36)<br/>
                        org.gradle.internal.dispatch.ReflectionDispatch.dispatch(ReflectionDispatch.java:24)<br/>
                        org.gradle.internal.dispatch.ContextClassLoaderDispatch.dispatch(ContextClassLoaderDispatch.java:33)<br/>
                        org.gradle.internal.dispatch.ProxyDispatchAdapter$DispatchingInvocationHandler.invoke(ProxyDispatchAdapter.java:94)<br/>
                        com.sun.proxy.$Proxy2.stop(Unknown Source)<br/>
                        org.gradle.api.internal.tasks.testing.worker.TestWorker.stop(TestWorker.java:132)<br/>
                        sun.reflect.NativeMethodAccessorImpl.invoke0(Native Method)<br/>
                        sun.reflect.NativeMethodAccessorImpl.invoke(NativeMethodAccessorImpl.java:62)<br/>
                        sun.reflect.DelegatingMethodAccessorImpl.invoke(DelegatingMethodAccessorImpl.java:43)<br/>
                        java.lang.reflect.Method.invoke(Method.java:498)<br/>
                        org.gradle.internal.dispatch.ReflectionDispatch.dispatch(ReflectionDispatch.java:36)<br/>
                        org.gradle.internal.dispatch.ReflectionDispatch.dispatch(ReflectionDispatch.java:24)<br/>
                        org.gradle.internal.remote.internal.hub.MessageHubBackedObjectConnection$DispatchWrapper.dispatch(MessageHubBackedObjectConnection.java:182)<br/>
                        org.gradle.internal.remote.internal.hub.MessageHubBackedObjectConnection$DispatchWrapper.dispatch(MessageHubBackedObjectConnection.java:164)<br/>
                        org.gradle.internal.remote.internal.hub.MessageHub$Handler.run(MessageHub.java:412)<br/>
                        org.gradle.internal.concurrent.ExecutorPolicy$CatchAndRecordFailures.onExecute(ExecutorPolicy.java:64)<br/>
                        org.gradle.internal.concurrent.ManagedExecutorImpl$1.run(ManagedExecutorImpl.java:48)<br/>
                        java.util.concurrent.ThreadPoolExecutor.runWorker(ThreadPoolExecutor.java:1149)<br/>
                        java.util.concurrent.ThreadPoolExecutor$Worker.run(ThreadPoolExecutor.java:624)<br/>
                        org.gradle.internal.concurrent.ThreadFactoryImpl$ManagedThreadRunnable.run(ThreadFactoryImpl.java:56)<br/>
                        java.lang.Thread.run(Thread.java:748)<br/>
                </div>
        </td>
    </tr>
    <tr>
        <td class="method">
                Calculator_Subraction
        </td>
        <td class="duration">
            2.514s
        </td>
        <td class="result">
            <!-- Display the dependencies for skipped test methods -->

                <i>Method arguments: </i>
                <span class="arguments">
                    "8", "-12", "20"
                </span>
                <br/>

            <!-- Show logger output for the test -->

                <a href="javascript:toggleElement('exception-27', 'block')"
                   title="Click to expand/collapse">
                    <b>org.openqa.selenium.TimeoutException: Expected condition failed: waiting for element found by By.xpath: //input[@class=&apos;result&apos;] to have value &quot;20&quot;. Current value: &quot;-4&quot; (tried for 2 second(s) with 500 milliseconds interval)<br/>
Build info: version: &apos;3.141.59&apos;, revision: &apos;e82be7d358&apos;, time: &apos;2018-11-14T08:17:03&apos;<br/>
System info: host: &apos;KB3MB0HM2L&apos;, ip: &apos;10.4.177.33&apos;, os.name: &apos;Windows 10&apos;, os.arch: &apos;amd64&apos;, os.version: &apos;10.0&apos;, java.version: &apos;1.8.0_191&apos;<br/>
Driver info: org.openqa.selenium.chrome.ChromeDriver<br/>
Capabilities {acceptInsecureCerts: true, browserName: chrome, browserVersion: 80.0.3987.122, chrome: {chromedriverVersion: 79.0.3945.36 (3582db32b3389..., userDataDir: C:\Users\dhawes01\AppData\L...}, goog:chromeOptions: {debuggerAddress: localhost:61487}, javascriptEnabled: true, networkConnectionEnabled: false, pageLoadStrategy: normal, platform: WINDOWS, platformName: WINDOWS, proxy: Proxy(), setWindowRect: true, strictFileInteractability: false, timeouts: {implicit: 0, pageLoad: 300000, script: 30000}, unhandledPromptBehavior: dismiss and notify}<br/>
Session ID: 41c3755be977ba57e875b863fcd64aa1</b>
                </a>
                <br/>
                <div class="stackTrace" id="exception-27">
                        org.openqa.selenium.support.ui.WebDriverWait.timeoutException(WebDriverWait.java:95)<br/>
                        org.openqa.selenium.support.ui.FluentWait.until(FluentWait.java:272)<br/>
                        Actions.CalculatorActions.VerifyResults(CalculatorActions.java:68)<br/>
                        TestCases.Calculator_UI.Calculator_Subraction(Calculator_UI.java:82)<br/>
                        sun.reflect.NativeMethodAccessorImpl.invoke0(Native Method)<br/>
                        sun.reflect.NativeMethodAccessorImpl.invoke(NativeMethodAccessorImpl.java:62)<br/>
                        sun.reflect.DelegatingMethodAccessorImpl.invoke(DelegatingMethodAccessorImpl.java:43)<br/>
                        java.lang.reflect.Method.invoke(Method.java:498)<br/>
                        org.testng.internal.MethodInvocationHelper.invokeMethod(MethodInvocationHelper.java:133)<br/>
                        org.testng.internal.TestInvoker.invokeMethod(TestInvoker.java:584)<br/>
                        org.testng.internal.TestInvoker.invokeTestMethod(TestInvoker.java:172)<br/>
                        org.testng.internal.MethodRunner.runInSequence(MethodRunner.java:46)<br/>
                        org.testng.internal.TestInvoker$MethodInvocationAgent.invoke(TestInvoker.java:804)<br/>
                        org.testng.internal.TestInvoker.invokeTestMethods(TestInvoker.java:145)<br/>
                        org.testng.internal.TestMethodWorker.invokeTestMethods(TestMethodWorker.java:146)<br/>
                        org.testng.internal.TestMethodWorker.run(TestMethodWorker.java:128)<br/>
                        java.util.ArrayList.forEach(ArrayList.java:1257)<br/>
                        org.testng.TestRunner.privateRun(TestRunner.java:770)<br/>
                        org.testng.TestRunner.run(TestRunner.java:591)<br/>
                        org.testng.SuiteRunner.runTest(SuiteRunner.java:402)<br/>
                        org.testng.SuiteRunner.runSequentially(SuiteRunner.java:396)<br/>
                        org.testng.SuiteRunner.privateRun(SuiteRunner.java:355)<br/>
                        org.testng.SuiteRunner.run(SuiteRunner.java:304)<br/>
                        org.testng.SuiteRunnerWorker.runSuite(SuiteRunnerWorker.java:53)<br/>
                        org.testng.SuiteRunnerWorker.run(SuiteRunnerWorker.java:96)<br/>
                        org.testng.TestNG.runSuitesSequentially(TestNG.java:1180)<br/>
                        org.testng.TestNG.runSuitesLocally(TestNG.java:1102)<br/>
                        org.testng.TestNG.runSuites(TestNG.java:1032)<br/>
                        org.testng.TestNG.run(TestNG.java:1000)<br/>
                        org.gradle.api.internal.tasks.testing.testng.TestNGTestClassProcessor.runTests(TestNGTestClassProcessor.java:141)<br/>
                        org.gradle.api.internal.tasks.testing.testng.TestNGTestClassProcessor.stop(TestNGTestClassProcessor.java:90)<br/>
                        org.gradle.api.internal.tasks.testing.SuiteTestClassProcessor.stop(SuiteTestClassProcessor.java:61)<br/>
                        sun.reflect.NativeMethodAccessorImpl.invoke0(Native Method)<br/>
                        sun.reflect.NativeMethodAccessorImpl.invoke(NativeMethodAccessorImpl.java:62)<br/>
                        sun.reflect.DelegatingMethodAccessorImpl.invoke(DelegatingMethodAccessorImpl.java:43)<br/>
                        java.lang.reflect.Method.invoke(Method.java:498)<br/>
                        org.gradle.internal.dispatch.ReflectionDispatch.dispatch(ReflectionDispatch.java:36)<br/>
                        org.gradle.internal.dispatch.ReflectionDispatch.dispatch(ReflectionDispatch.java:24)<br/>
                        org.gradle.internal.dispatch.ContextClassLoaderDispatch.dispatch(ContextClassLoaderDispatch.java:33)<br/>
                        org.gradle.internal.dispatch.ProxyDispatchAdapter$DispatchingInvocationHandler.invoke(ProxyDispatchAdapter.java:94)<br/>
                        com.sun.proxy.$Proxy2.stop(Unknown Source)<br/>
                        org.gradle.api.internal.tasks.testing.worker.TestWorker.stop(TestWorker.java:132)<br/>
                        sun.reflect.NativeMethodAccessorImpl.invoke0(Native Method)<br/>
                        sun.reflect.NativeMethodAccessorImpl.invoke(NativeMethodAccessorImpl.java:62)<br/>
                        sun.reflect.DelegatingMethodAccessorImpl.invoke(DelegatingMethodAccessorImpl.java:43)<br/>
                        java.lang.reflect.Method.invoke(Method.java:498)<br/>
                        org.gradle.internal.dispatch.ReflectionDispatch.dispatch(ReflectionDispatch.java:36)<br/>
                        org.gradle.internal.dispatch.ReflectionDispatch.dispatch(ReflectionDispatch.java:24)<br/>
                        org.gradle.internal.remote.internal.hub.MessageHubBackedObjectConnection$DispatchWrapper.dispatch(MessageHubBackedObjectConnection.java:182)<br/>
                        org.gradle.internal.remote.internal.hub.MessageHubBackedObjectConnection$DispatchWrapper.dispatch(MessageHubBackedObjectConnection.java:164)<br/>
                        org.gradle.internal.remote.internal.hub.MessageHub$Handler.run(MessageHub.java:412)<br/>
                        org.gradle.internal.concurrent.ExecutorPolicy$CatchAndRecordFailures.onExecute(ExecutorPolicy.java:64)<br/>
                        org.gradle.internal.concurrent.ManagedExecutorImpl$1.run(ManagedExecutorImpl.java:48)<br/>
                        java.util.concurrent.ThreadPoolExecutor.runWorker(ThreadPoolExecutor.java:1149)<br/>
                        java.util.concurrent.ThreadPoolExecutor$Worker.run(ThreadPoolExecutor.java:624)<br/>
                        org.gradle.internal.concurrent.ThreadFactoryImpl$ManagedThreadRunnable.run(ThreadFactoryImpl.java:56)<br/>
                        java.lang.Thread.run(Thread.java:748)<br/>
                </div>
        </td>
    </tr>
    <tr>
        <td class="method">
                Calculator_Subraction
        </td>
        <td class="duration">
            2.371s
        </td>
        <td class="result">
            <!-- Display the dependencies for skipped test methods -->

                <i>Method arguments: </i>
                <span class="arguments">
                    "1.3", "3", "-1.7"
                </span>
                <br/>

            <!-- Show logger output for the test -->

                <a href="javascript:toggleElement('exception-28', 'block')"
                   title="Click to expand/collapse">
                    <b>org.openqa.selenium.TimeoutException: Expected condition failed: waiting for element found by By.xpath: //input[@class=&apos;result&apos;] to have value &quot;-1.7&quot;. Current value: &quot;-298&quot; (tried for 2 second(s) with 500 milliseconds interval)<br/>
Build info: version: &apos;3.141.59&apos;, revision: &apos;e82be7d358&apos;, time: &apos;2018-11-14T08:17:03&apos;<br/>
System info: host: &apos;KB3MB0HM2L&apos;, ip: &apos;10.4.177.33&apos;, os.name: &apos;Windows 10&apos;, os.arch: &apos;amd64&apos;, os.version: &apos;10.0&apos;, java.version: &apos;1.8.0_191&apos;<br/>
Driver info: org.openqa.selenium.chrome.ChromeDriver<br/>
Capabilities {acceptInsecureCerts: true, browserName: chrome, browserVersion: 80.0.3987.122, chrome: {chromedriverVersion: 79.0.3945.36 (3582db32b3389..., userDataDir: C:\Users\dhawes01\AppData\L...}, goog:chromeOptions: {debuggerAddress: localhost:61487}, javascriptEnabled: true, networkConnectionEnabled: false, pageLoadStrategy: normal, platform: WINDOWS, platformName: WINDOWS, proxy: Proxy(), setWindowRect: true, strictFileInteractability: false, timeouts: {implicit: 0, pageLoad: 300000, script: 30000}, unhandledPromptBehavior: dismiss and notify}<br/>
Session ID: 41c3755be977ba57e875b863fcd64aa1</b>
                </a>
                <br/>
                <div class="stackTrace" id="exception-28">
                        org.openqa.selenium.support.ui.WebDriverWait.timeoutException(WebDriverWait.java:95)<br/>
                        org.openqa.selenium.support.ui.FluentWait.until(FluentWait.java:272)<br/>
                        Actions.CalculatorActions.VerifyResults(CalculatorActions.java:68)<br/>
                        TestCases.Calculator_UI.Calculator_Subraction(Calculator_UI.java:82)<br/>
                        sun.reflect.NativeMethodAccessorImpl.invoke0(Native Method)<br/>
                        sun.reflect.NativeMethodAccessorImpl.invoke(NativeMethodAccessorImpl.java:62)<br/>
                        sun.reflect.DelegatingMethodAccessorImpl.invoke(DelegatingMethodAccessorImpl.java:43)<br/>
                        java.lang.reflect.Method.invoke(Method.java:498)<br/>
                        org.testng.internal.MethodInvocationHelper.invokeMethod(MethodInvocationHelper.java:133)<br/>
                        org.testng.internal.TestInvoker.invokeMethod(TestInvoker.java:584)<br/>
                        org.testng.internal.TestInvoker.invokeTestMethod(TestInvoker.java:172)<br/>
                        org.testng.internal.MethodRunner.runInSequence(MethodRunner.java:46)<br/>
                        org.testng.internal.TestInvoker$MethodInvocationAgent.invoke(TestInvoker.java:804)<br/>
                        org.testng.internal.TestInvoker.invokeTestMethods(TestInvoker.java:145)<br/>
                        org.testng.internal.TestMethodWorker.invokeTestMethods(TestMethodWorker.java:146)<br/>
                        org.testng.internal.TestMethodWorker.run(TestMethodWorker.java:128)<br/>
                        java.util.ArrayList.forEach(ArrayList.java:1257)<br/>
                        org.testng.TestRunner.privateRun(TestRunner.java:770)<br/>
                        org.testng.TestRunner.run(TestRunner.java:591)<br/>
                        org.testng.SuiteRunner.runTest(SuiteRunner.java:402)<br/>
                        org.testng.SuiteRunner.runSequentially(SuiteRunner.java:396)<br/>
                        org.testng.SuiteRunner.privateRun(SuiteRunner.java:355)<br/>
                        org.testng.SuiteRunner.run(SuiteRunner.java:304)<br/>
                        org.testng.SuiteRunnerWorker.runSuite(SuiteRunnerWorker.java:53)<br/>
                        org.testng.SuiteRunnerWorker.run(SuiteRunnerWorker.java:96)<br/>
                        org.testng.TestNG.runSuitesSequentially(TestNG.java:1180)<br/>
                        org.testng.TestNG.runSuitesLocally(TestNG.java:1102)<br/>
                        org.testng.TestNG.runSuites(TestNG.java:1032)<br/>
                        org.testng.TestNG.run(TestNG.java:1000)<br/>
                        org.gradle.api.internal.tasks.testing.testng.TestNGTestClassProcessor.runTests(TestNGTestClassProcessor.java:141)<br/>
                        org.gradle.api.internal.tasks.testing.testng.TestNGTestClassProcessor.stop(TestNGTestClassProcessor.java:90)<br/>
                        org.gradle.api.internal.tasks.testing.SuiteTestClassProcessor.stop(SuiteTestClassProcessor.java:61)<br/>
                        sun.reflect.NativeMethodAccessorImpl.invoke0(Native Method)<br/>
                        sun.reflect.NativeMethodAccessorImpl.invoke(NativeMethodAccessorImpl.java:62)<br/>
                        sun.reflect.DelegatingMethodAccessorImpl.invoke(DelegatingMethodAccessorImpl.java:43)<br/>
                        java.lang.reflect.Method.invoke(Method.java:498)<br/>
                        org.gradle.internal.dispatch.ReflectionDispatch.dispatch(ReflectionDispatch.java:36)<br/>
                        org.gradle.internal.dispatch.ReflectionDispatch.dispatch(ReflectionDispatch.java:24)<br/>
                        org.gradle.internal.dispatch.ContextClassLoaderDispatch.dispatch(ContextClassLoaderDispatch.java:33)<br/>
                        org.gradle.internal.dispatch.ProxyDispatchAdapter$DispatchingInvocationHandler.invoke(ProxyDispatchAdapter.java:94)<br/>
                        com.sun.proxy.$Proxy2.stop(Unknown Source)<br/>
                        org.gradle.api.internal.tasks.testing.worker.TestWorker.stop(TestWorker.java:132)<br/>
                        sun.reflect.NativeMethodAccessorImpl.invoke0(Native Method)<br/>
                        sun.reflect.NativeMethodAccessorImpl.invoke(NativeMethodAccessorImpl.java:62)<br/>
                        sun.reflect.DelegatingMethodAccessorImpl.invoke(DelegatingMethodAccessorImpl.java:43)<br/>
                        java.lang.reflect.Method.invoke(Method.java:498)<br/>
                        org.gradle.internal.dispatch.ReflectionDispatch.dispatch(ReflectionDispatch.java:36)<br/>
                        org.gradle.internal.dispatch.ReflectionDispatch.dispatch(ReflectionDispatch.java:24)<br/>
                        org.gradle.internal.remote.internal.hub.MessageHubBackedObjectConnection$DispatchWrapper.dispatch(MessageHubBackedObjectConnection.java:182)<br/>
                        org.gradle.internal.remote.internal.hub.MessageHubBackedObjectConnection$DispatchWrapper.dispatch(MessageHubBackedObjectConnection.java:164)<br/>
                        org.gradle.internal.remote.internal.hub.MessageHub$Handler.run(MessageHub.java:412)<br/>
                        org.gradle.internal.concurrent.ExecutorPolicy$CatchAndRecordFailures.onExecute(ExecutorPolicy.java:64)<br/>
                        org.gradle.internal.concurrent.ManagedExecutorImpl$1.run(ManagedExecutorImpl.java:48)<br/>
                        java.util.concurrent.ThreadPoolExecutor.runWorker(ThreadPoolExecutor.java:1149)<br/>
                        java.util.concurrent.ThreadPoolExecutor$Worker.run(ThreadPoolExecutor.java:624)<br/>
                        org.gradle.internal.concurrent.ThreadFactoryImpl$ManagedThreadRunnable.run(ThreadFactoryImpl.java:56)<br/>
                        java.lang.Thread.run(Thread.java:748)<br/>
                </div>
        </td>
    </tr>
    <tr>
        <td class="method">
                Calculator_Subraction
        </td>
        <td class="duration">
            2.479s
        </td>
        <td class="result">
            <!-- Display the dependencies for skipped test methods -->

                <i>Method arguments: </i>
                <span class="arguments">
                    "-8", "5", "-13"
                </span>
                <br/>

            <!-- Show logger output for the test -->

                <a href="javascript:toggleElement('exception-29', 'block')"
                   title="Click to expand/collapse">
                    <b>org.openqa.selenium.TimeoutException: Expected condition failed: waiting for element found by By.xpath: //input[@class=&apos;result&apos;] to have value &quot;-13&quot;. Current value: &quot;3&quot; (tried for 2 second(s) with 500 milliseconds interval)<br/>
Build info: version: &apos;3.141.59&apos;, revision: &apos;e82be7d358&apos;, time: &apos;2018-11-14T08:17:03&apos;<br/>
System info: host: &apos;KB3MB0HM2L&apos;, ip: &apos;10.4.177.33&apos;, os.name: &apos;Windows 10&apos;, os.arch: &apos;amd64&apos;, os.version: &apos;10.0&apos;, java.version: &apos;1.8.0_191&apos;<br/>
Driver info: org.openqa.selenium.chrome.ChromeDriver<br/>
Capabilities {acceptInsecureCerts: true, browserName: chrome, browserVersion: 80.0.3987.122, chrome: {chromedriverVersion: 79.0.3945.36 (3582db32b3389..., userDataDir: C:\Users\dhawes01\AppData\L...}, goog:chromeOptions: {debuggerAddress: localhost:61487}, javascriptEnabled: true, networkConnectionEnabled: false, pageLoadStrategy: normal, platform: WINDOWS, platformName: WINDOWS, proxy: Proxy(), setWindowRect: true, strictFileInteractability: false, timeouts: {implicit: 0, pageLoad: 300000, script: 30000}, unhandledPromptBehavior: dismiss and notify}<br/>
Session ID: 41c3755be977ba57e875b863fcd64aa1</b>
                </a>
                <br/>
                <div class="stackTrace" id="exception-29">
                        org.openqa.selenium.support.ui.WebDriverWait.timeoutException(WebDriverWait.java:95)<br/>
                        org.openqa.selenium.support.ui.FluentWait.until(FluentWait.java:272)<br/>
                        Actions.CalculatorActions.VerifyResults(CalculatorActions.java:68)<br/>
                        TestCases.Calculator_UI.Calculator_Subraction(Calculator_UI.java:82)<br/>
                        sun.reflect.NativeMethodAccessorImpl.invoke0(Native Method)<br/>
                        sun.reflect.NativeMethodAccessorImpl.invoke(NativeMethodAccessorImpl.java:62)<br/>
                        sun.reflect.DelegatingMethodAccessorImpl.invoke(DelegatingMethodAccessorImpl.java:43)<br/>
                        java.lang.reflect.Method.invoke(Method.java:498)<br/>
                        org.testng.internal.MethodInvocationHelper.invokeMethod(MethodInvocationHelper.java:133)<br/>
                        org.testng.internal.TestInvoker.invokeMethod(TestInvoker.java:584)<br/>
                        org.testng.internal.TestInvoker.invokeTestMethod(TestInvoker.java:172)<br/>
                        org.testng.internal.MethodRunner.runInSequence(MethodRunner.java:46)<br/>
                        org.testng.internal.TestInvoker$MethodInvocationAgent.invoke(TestInvoker.java:804)<br/>
                        org.testng.internal.TestInvoker.invokeTestMethods(TestInvoker.java:145)<br/>
                        org.testng.internal.TestMethodWorker.invokeTestMethods(TestMethodWorker.java:146)<br/>
                        org.testng.internal.TestMethodWorker.run(TestMethodWorker.java:128)<br/>
                        java.util.ArrayList.forEach(ArrayList.java:1257)<br/>
                        org.testng.TestRunner.privateRun(TestRunner.java:770)<br/>
                        org.testng.TestRunner.run(TestRunner.java:591)<br/>
                        org.testng.SuiteRunner.runTest(SuiteRunner.java:402)<br/>
                        org.testng.SuiteRunner.runSequentially(SuiteRunner.java:396)<br/>
                        org.testng.SuiteRunner.privateRun(SuiteRunner.java:355)<br/>
                        org.testng.SuiteRunner.run(SuiteRunner.java:304)<br/>
                        org.testng.SuiteRunnerWorker.runSuite(SuiteRunnerWorker.java:53)<br/>
                        org.testng.SuiteRunnerWorker.run(SuiteRunnerWorker.java:96)<br/>
                        org.testng.TestNG.runSuitesSequentially(TestNG.java:1180)<br/>
                        org.testng.TestNG.runSuitesLocally(TestNG.java:1102)<br/>
                        org.testng.TestNG.runSuites(TestNG.java:1032)<br/>
                        org.testng.TestNG.run(TestNG.java:1000)<br/>
                        org.gradle.api.internal.tasks.testing.testng.TestNGTestClassProcessor.runTests(TestNGTestClassProcessor.java:141)<br/>
                        org.gradle.api.internal.tasks.testing.testng.TestNGTestClassProcessor.stop(TestNGTestClassProcessor.java:90)<br/>
                        org.gradle.api.internal.tasks.testing.SuiteTestClassProcessor.stop(SuiteTestClassProcessor.java:61)<br/>
                        sun.reflect.NativeMethodAccessorImpl.invoke0(Native Method)<br/>
                        sun.reflect.NativeMethodAccessorImpl.invoke(NativeMethodAccessorImpl.java:62)<br/>
                        sun.reflect.DelegatingMethodAccessorImpl.invoke(DelegatingMethodAccessorImpl.java:43)<br/>
                        java.lang.reflect.Method.invoke(Method.java:498)<br/>
                        org.gradle.internal.dispatch.ReflectionDispatch.dispatch(ReflectionDispatch.java:36)<br/>
                        org.gradle.internal.dispatch.ReflectionDispatch.dispatch(ReflectionDispatch.java:24)<br/>
                        org.gradle.internal.dispatch.ContextClassLoaderDispatch.dispatch(ContextClassLoaderDispatch.java:33)<br/>
                        org.gradle.internal.dispatch.ProxyDispatchAdapter$DispatchingInvocationHandler.invoke(ProxyDispatchAdapter.java:94)<br/>
                        com.sun.proxy.$Proxy2.stop(Unknown Source)<br/>
                        org.gradle.api.internal.tasks.testing.worker.TestWorker.stop(TestWorker.java:132)<br/>
                        sun.reflect.NativeMethodAccessorImpl.invoke0(Native Method)<br/>
                        sun.reflect.NativeMethodAccessorImpl.invoke(NativeMethodAccessorImpl.java:62)<br/>
                        sun.reflect.DelegatingMethodAccessorImpl.invoke(DelegatingMethodAccessorImpl.java:43)<br/>
                        java.lang.reflect.Method.invoke(Method.java:498)<br/>
                        org.gradle.internal.dispatch.ReflectionDispatch.dispatch(ReflectionDispatch.java:36)<br/>
                        org.gradle.internal.dispatch.ReflectionDispatch.dispatch(ReflectionDispatch.java:24)<br/>
                        org.gradle.internal.remote.internal.hub.MessageHubBackedObjectConnection$DispatchWrapper.dispatch(MessageHubBackedObjectConnection.java:182)<br/>
                        org.gradle.internal.remote.internal.hub.MessageHubBackedObjectConnection$DispatchWrapper.dispatch(MessageHubBackedObjectConnection.java:164)<br/>
                        org.gradle.internal.remote.internal.hub.MessageHub$Handler.run(MessageHub.java:412)<br/>
                        org.gradle.internal.concurrent.ExecutorPolicy$CatchAndRecordFailures.onExecute(ExecutorPolicy.java:64)<br/>
                        org.gradle.internal.concurrent.ManagedExecutorImpl$1.run(ManagedExecutorImpl.java:48)<br/>
                        java.util.concurrent.ThreadPoolExecutor.runWorker(ThreadPoolExecutor.java:1149)<br/>
                        java.util.concurrent.ThreadPoolExecutor$Worker.run(ThreadPoolExecutor.java:624)<br/>
                        org.gradle.internal.concurrent.ThreadFactoryImpl$ManagedThreadRunnable.run(ThreadFactoryImpl.java:56)<br/>
                        java.lang.Thread.run(Thread.java:748)<br/>
                </div>
        </td>
    </tr>
    </table>


    <table class="resultsTable" width="100%">
        <tr>
            <th colspan="3" class="header passed">Passed Tests</th>
        </tr>
            <tr>
                <td class="group" colspan="3">TestCases.Calculator_UI</td>
            </tr>
    <tr>
        <td class="method">
                Calculator_Division
        </td>
        <td class="duration">
            0.305s
        </td>
        <td class="result">
            <!-- Display the dependencies for skipped test methods -->

                <i>Method arguments: </i>
                <span class="arguments">
                    "100", "0", "0"
                </span>
                <br/>

            <!-- Show logger output for the test -->

        </td>
    </tr>
    <tr>
        <td class="method">
                Calculator_Division
        </td>
        <td class="duration">
            0.895s
        </td>
        <td class="result">
            <!-- Display the dependencies for skipped test methods -->

                <i>Method arguments: </i>
                <span class="arguments">
                    "999", "999", "1"
                </span>
                <br/>

            <!-- Show logger output for the test -->

        </td>
    </tr>
    <tr>
        <td class="method">
                Calculator_Multiplication
        </td>
        <td class="duration">
            0.910s
        </td>
        <td class="result">
            <!-- Display the dependencies for skipped test methods -->

                <i>Method arguments: </i>
                <span class="arguments">
                    "1e2", "3", "300"
                </span>
                <br/>

            <!-- Show logger output for the test -->

        </td>
    </tr>
    <tr>
        <td class="method">
                Calculator_Multiplication
        </td>
        <td class="duration">
            0.344s
        </td>
        <td class="result">
            <!-- Display the dependencies for skipped test methods -->

                <i>Method arguments: </i>
                <span class="arguments">
                    "2", "4", "8"
                </span>
                <br/>

            <!-- Show logger output for the test -->

        </td>
    </tr>
    <tr>
        <td class="method">
                Calculator_Multiplication
        </td>
        <td class="duration">
            0.900s
        </td>
        <td class="result">
            <!-- Display the dependencies for skipped test methods -->

                <i>Method arguments: </i>
                <span class="arguments">
                    "2", "3e2", "600"
                </span>
                <br/>

            <!-- Show logger output for the test -->

        </td>
    </tr>
    <tr>
        <td class="method">
                Calculator_Multiplication
        </td>
        <td class="duration">
            0.843s
        </td>
        <td class="result">
            <!-- Display the dependencies for skipped test methods -->

                <i>Method arguments: </i>
                <span class="arguments">
                    "100", "0", "0"
                </span>
                <br/>

            <!-- Show logger output for the test -->

        </td>
    </tr>
    <tr>
        <td class="method">
                Calculator_Subraction
        </td>
        <td class="duration">
            0.831s
        </td>
        <td class="result">
            <!-- Display the dependencies for skipped test methods -->

                <i>Method arguments: </i>
                <span class="arguments">
                    "2", "4", "-2"
                </span>
                <br/>

            <!-- Show logger output for the test -->

        </td>
    </tr>
    <tr>
        <td class="method">
                Calculator_Subraction
        </td>
        <td class="duration">
            0.843s
        </td>
        <td class="result">
            <!-- Display the dependencies for skipped test methods -->

                <i>Method arguments: </i>
                <span class="arguments">
                    "1e2", "3", "97"
                </span>
                <br/>

            <!-- Show logger output for the test -->

        </td>
    </tr>
    <tr>
        <td class="method">
                Calculator_Subraction
        </td>
        <td class="duration">
            0.835s
        </td>
        <td class="result">
            <!-- Display the dependencies for skipped test methods -->

                <i>Method arguments: </i>
                <span class="arguments">
                    "0", "5", "-5"
                </span>
                <br/>

            <!-- Show logger output for the test -->

        </td>
    </tr>
    <tr>
        <td class="method">
                Calculator_Subraction
        </td>
        <td class="duration">
            0.907s
        </td>
        <td class="result">
            <!-- Display the dependencies for skipped test methods -->

                <i>Method arguments: </i>
                <span class="arguments">
                    "999", "999", "0"
                </span>
                <br/>

            <!-- Show logger output for the test -->

        </td>
    </tr>
    <tr>
        <td class="method">
                Calculator_Subraction
        </td>
        <td class="duration">
            0.820s
        </td>
        <td class="result">
            <!-- Display the dependencies for skipped test methods -->

                <i>Method arguments: </i>
                <span class="arguments">
                    "2", "3e2", "-298"
                </span>
                <br/>

            <!-- Show logger output for the test -->

        </td>
    </tr>
    <tr>
        <td class="method">
                Calculator_VerifyUI
        </td>
        <td class="duration">
            0.448s
        </td>
        <td class="result">
            <!-- Display the dependencies for skipped test methods -->


            <!-- Show logger output for the test -->

        </td>
    </tr>
    </table>

<script type="text/javascript" src="reportng.js"></script>
</body>
